Run dir: /home/michraf/Thesis/results/20260522_175251_ConGrAD-DAT
Loaded 2203/2204 samples with embeddings
Loaded 266/266 samples with embeddings

==================================================
EXPERIMENT:  ConGrAD-DAT
==================================================
ConGrAD test run - with Domain Adversarial Training. 


==================================================
MODEL ARCHITECTURE & PARAMETERS
==================================================
ConGrAD(
  (audio_proj): Linear(in_features=1024, out_features=128, bias=True)
  (text_proj): Linear(in_features=768, out_features=128, bias=True)
  (co_attn): ModuleList(
    (0-1): 2 x CoAttentionBlock(
      (audio_attn): MultiheadAttention(
        (out_proj): NonDynamicallyQuantizableLinear(in_features=128, out_features=128, bias=True)
      )
      (text_attn): MultiheadAttention(
        (out_proj): NonDynamicallyQuantizableLinear(in_features=128, out_features=128, bias=True)
      )
      (ffn_a): Sequential(
        (0): Linear(in_features=128, out_features=512, bias=True)
        (1): GELU(approximate='none')
        (2): Dropout(p=0.5, inplace=False)
        (3): Linear(in_features=512, out_features=128, bias=True)
      )
      (ffn_t): Sequential(
        (0): Linear(in_features=128, out_features=512, bias=True)
        (1): GELU(approximate='none')
        (2): Dropout(p=0.5, inplace=False)
        (3): Linear(in_features=512, out_features=128, bias=True)
      )
      (norm_a1): LayerNorm((128,), eps=1e-05, elementwise_affine=True)
      (norm_t1): LayerNorm((128,), eps=1e-05, elementwise_affine=True)
      (norm_a2): LayerNorm((128,), eps=1e-05, elementwise_affine=True)
      (norm_t2): LayerNorm((128,), eps=1e-05, elementwise_affine=True)
    )
  )
  (fusion): Linear(in_features=256, out_features=128, bias=True)
  (rgat): RGAT(
    (layers): ModuleList(
      (0-1): 2 x RGATConv(128, 16, heads=8)
    )
    (drop): Dropout(p=0.5, inplace=False)
  )
  (pool_gate): Linear(in_features=128, out_features=1, bias=True)
  (classifier): Sequential(
    (0): Linear(in_features=128, out_features=128, bias=True)
    (1): GELU(approximate='none')
    (2): Dropout(p=0.5, inplace=False)
    (3): Linear(in_features=128, out_features=3, bias=True)
  )
  (domain_classifier): DomainClassifier(
    (net): Sequential(
      (0): Linear(in_features=128, out_features=128, bias=True)
      (1): GELU(approximate='none')
      (2): Dropout(p=0.5, inplace=False)
      (3): Linear(in_features=128, out_features=8, bias=True)
    )
  )
)
--------------------------------------------------
Total parameters:     1,226,252
Trainable parameters: 1,226,252
Non-trainable params: 0
==================================================


========================================
Run 1/1 (seed=24)
========================================
  Epoch 01/30 | loss 0.9760 | train UAR 0.3307 | val UAR 0.3333
    ↳ best model saved (UAR 0.3333)
  Epoch 02/30 | loss 0.8639 | train UAR 0.3479 | val UAR 0.3333
  Epoch 03/30 | loss 0.7908 | train UAR 0.3754 | val UAR 0.3815
    ↳ best model saved (UAR 0.3815)
  Epoch 04/30 | loss 0.7195 | train UAR 0.4231 | val UAR 0.5778
    ↳ best model saved (UAR 0.5778)
  Epoch 05/30 | loss 0.6730 | train UAR 0.4915 | val UAR 0.4710
  Epoch 06/30 | loss 0.6892 | train UAR 0.4598 | val UAR 0.5290
  Epoch 07/30 | loss 0.6347 | train UAR 0.5269 | val UAR 0.5333
  Epoch 08/30 | loss 0.6211 | train UAR 0.5516 | val UAR 0.6609
    ↳ best model saved (UAR 0.6609)
  Epoch 09/30 | loss 0.6482 | train UAR 0.5291 | val UAR 0.5316
  Epoch 10/30 | loss 0.6171 | train UAR 0.5713 | val UAR 0.7111
    ↳ best model saved (UAR 0.7111)
  Epoch 11/30 | loss 0.6366 | train UAR 0.5725 | val UAR 0.5714
  Epoch 12/30 | loss 0.6006 | train UAR 0.5974 | val UAR 0.5630
  Epoch 13/30 | loss 0.6039 | train UAR 0.5764 | val UAR 0.6310
  Epoch 14/30 | loss 0.5594 | train UAR 0.6337 | val UAR 0.7084
  Epoch 15/30 | loss 0.5750 | train UAR 0.6432 | val UAR 0.6976
  Epoch 16/30 | loss 0.5448 | train UAR 0.6411 | val UAR 0.6603
  Epoch 17/30 | loss 0.5317 | train UAR 0.6627 | val UAR 0.6182
  Epoch 18/30 | loss 0.5394 | train UAR 0.6436 | val UAR 0.6101
  Epoch 19/30 | loss 0.5072 | train UAR 0.6739 | val UAR 0.6566
  Epoch 20/30 | loss 0.4916 | train UAR 0.7029 | val UAR 0.7027
  Early stopping triggered at epoch 20
  Training plot saved to /home/michraf/Thesis/results/20260522_175251_ConGrAD-DAT/run_0/training.png
              precision    recall  f1-score   support

          HC       0.74      0.42      0.53       110
         MCI       0.60      0.84      0.70        90
    Dementia       0.73      0.86      0.79        66

    accuracy                           0.67       266
   macro avg       0.69      0.71      0.68       266
weighted avg       0.69      0.67      0.66       266


Results saved to /home/michraf/Thesis/results/20260522_175251_ConGrAD-DAT/results.csv
