Run dir: /home/michraf/Thesis/results/20260626_163933_ConGrAD-TempRel-NoPosEmb-NoParPool
Loaded 2203/2204 samples with embeddings
Loaded 266/266 samples with embeddings

==================================================
EXPERIMENT:  ConGrAD-TempRel-NoPosEmb-NoParPool
==================================================
ConGrAD with temporal relations, no positional embeddings, no participant pooling 

Balanced-MixUp: OFF
Visualizations: ON


==================================================
MODEL ARCHITECTURE & PARAMETERS
==================================================
ConGrAD(
  (audio_proj): Linear(in_features=1024, out_features=128, bias=True)
  (text_proj): Linear(in_features=768, out_features=128, bias=True)
  (co_attn): ModuleList(
    (0-1): 2 x CoAttentionBlock(
      (audio_attn): MultiheadAttention(
        (out_proj): NonDynamicallyQuantizableLinear(in_features=128, out_features=128, bias=True)
      )
      (text_attn): MultiheadAttention(
        (out_proj): NonDynamicallyQuantizableLinear(in_features=128, out_features=128, bias=True)
      )
      (ffn_a): Sequential(
        (0): Linear(in_features=128, out_features=512, bias=True)
        (1): GELU(approximate='none')
        (2): Dropout(p=0.5, inplace=False)
        (3): Linear(in_features=512, out_features=128, bias=True)
      )
      (ffn_t): Sequential(
        (0): Linear(in_features=128, out_features=512, bias=True)
        (1): GELU(approximate='none')
        (2): Dropout(p=0.5, inplace=False)
        (3): Linear(in_features=512, out_features=128, bias=True)
      )
      (norm_a1): LayerNorm((128,), eps=1e-05, elementwise_affine=True)
      (norm_t1): LayerNorm((128,), eps=1e-05, elementwise_affine=True)
      (norm_a2): LayerNorm((128,), eps=1e-05, elementwise_affine=True)
      (norm_t2): LayerNorm((128,), eps=1e-05, elementwise_affine=True)
    )
  )
  (fusion): Linear(in_features=256, out_features=128, bias=True)
  (rgat): RGAT(
    (layers): ModuleList(
      (0-1): 2 x RGATConv(128, 32, heads=4)
    )
    (drop): Dropout(p=0.5, inplace=False)
  )
  (att_score): Linear(in_features=256, out_features=1, bias=True)
  (classifier): Sequential(
    (0): Linear(in_features=256, out_features=128, bias=True)
    (1): GELU(approximate='none')
    (2): Dropout(p=0.5, inplace=False)
    (3): Linear(in_features=128, out_features=3, bias=True)
  )
)
--------------------------------------------------
Total parameters:     2,666,628
Trainable parameters: 2,666,628
Non-trainable params: 0
==================================================


========================================
Run 1/5 (seed=24)
========================================
  Epoch 01/60 | loss 0.7734 | train UAR 0.3360 | val UAR 0.3333
    ↳ best model saved (UAR 0.3333)
  Epoch 02/60 | loss 0.6958 | train UAR 0.3869 | val UAR 0.4609
    ↳ best model saved (UAR 0.4609)
  Epoch 03/60 | loss 0.6475 | train UAR 0.4013 | val UAR 0.4195
  Epoch 04/60 | loss 0.5919 | train UAR 0.4910 | val UAR 0.6296
    ↳ best model saved (UAR 0.6296)
  Epoch 05/60 | loss 0.5794 | train UAR 0.5181 | val UAR 0.5054
  Epoch 06/60 | loss 0.5857 | train UAR 0.5360 | val UAR 0.4852
  Epoch 07/60 | loss 0.5659 | train UAR 0.5558 | val UAR 0.6421
    ↳ best model saved (UAR 0.6421)
  Epoch 08/60 | loss 0.5483 | train UAR 0.5727 | val UAR 0.6236
  Epoch 09/60 | loss 0.5250 | train UAR 0.6065 | val UAR 0.6552
    ↳ best model saved (UAR 0.6552)
  Epoch 10/60 | loss 0.5122 | train UAR 0.6198 | val UAR 0.6680
    ↳ best model saved (UAR 0.6680)
  Epoch 11/60 | loss 0.5017 | train UAR 0.6176 | val UAR 0.4916
  Epoch 12/60 | loss 0.4758 | train UAR 0.6448 | val UAR 0.7000
    ↳ best model saved (UAR 0.7000)
  Epoch 13/60 | loss 0.4917 | train UAR 0.6277 | val UAR 0.6077
  Epoch 14/60 | loss 0.4671 | train UAR 0.6384 | val UAR 0.6764
  Epoch 15/60 | loss 0.4599 | train UAR 0.6602 | val UAR 0.5667
  Epoch 16/60 | loss 0.4426 | train UAR 0.6557 | val UAR 0.6310
  Epoch 17/60 | loss 0.4331 | train UAR 0.6779 | val UAR 0.6044
  Epoch 18/60 | loss 0.4371 | train UAR 0.6738 | val UAR 0.6731
  Epoch 19/60 | loss 0.4207 | train UAR 0.6857 | val UAR 0.6822
  Epoch 20/60 | loss 0.4126 | train UAR 0.6814 | val UAR 0.6377
  Epoch 21/60 | loss 0.4096 | train UAR 0.6914 | val UAR 0.6771
  Epoch 22/60 | loss 0.4179 | train UAR 0.6896 | val UAR 0.7094
    ↳ best model saved (UAR 0.7094)
  Epoch 23/60 | loss 0.3756 | train UAR 0.7258 | val UAR 0.7300
    ↳ best model saved (UAR 0.7300)
  Epoch 24/60 | loss 0.3987 | train UAR 0.7144 | val UAR 0.6609
  Epoch 25/60 | loss 0.3658 | train UAR 0.7281 | val UAR 0.7337
    ↳ best model saved (UAR 0.7337)
  Epoch 26/60 | loss 0.3701 | train UAR 0.7242 | val UAR 0.7185
  Epoch 27/60 | loss 0.3559 | train UAR 0.7262 | val UAR 0.7013
  Epoch 28/60 | loss 0.3447 | train UAR 0.7562 | val UAR 0.6815
  Epoch 29/60 | loss 0.3595 | train UAR 0.7301 | val UAR 0.7172
  Epoch 30/60 | loss 0.3427 | train UAR 0.7529 | val UAR 0.7370
    ↳ best model saved (UAR 0.7370)
  Epoch 31/60 | loss 0.3129 | train UAR 0.7827 | val UAR 0.7364
  Epoch 32/60 | loss 0.2990 | train UAR 0.7909 | val UAR 0.7286
  Epoch 33/60 | loss 0.2917 | train UAR 0.7817 | val UAR 0.6909
  Epoch 34/60 | loss 0.3151 | train UAR 0.7703 | val UAR 0.7030
  Epoch 35/60 | loss 0.2721 | train UAR 0.8055 | val UAR 0.7108
  Epoch 36/60 | loss 0.2774 | train UAR 0.8189 | val UAR 0.7219
  Epoch 37/60 | loss 0.2801 | train UAR 0.8078 | val UAR 0.6983
  Epoch 38/60 | loss 0.2547 | train UAR 0.8432 | val UAR 0.6993
  Epoch 39/60 | loss 0.2453 | train UAR 0.8378 | val UAR 0.6848
  Epoch 40/60 | loss 0.2659 | train UAR 0.8274 | val UAR 0.6956
  Epoch 41/60 | loss 0.2325 | train UAR 0.8507 | val UAR 0.6997
  Epoch 42/60 | loss 0.2332 | train UAR 0.8504 | val UAR 0.6828
  Epoch 43/60 | loss 0.2404 | train UAR 0.8460 | val UAR 0.6727
  Epoch 44/60 | loss 0.2133 | train UAR 0.8680 | val UAR 0.7118
  Epoch 45/60 | loss 0.2080 | train UAR 0.8665 | val UAR 0.7192
  Early stopping triggered at epoch 45
  Training plot saved to /home/michraf/Thesis/results/20260626_163933_ConGrAD-TempRel-NoPosEmb-NoParPool/run_0/training.png
              precision    recall  f1-score   support

          HC       0.69      0.65      0.67       110
         MCI       0.64      0.70      0.67        90
    Dementia       0.89      0.86      0.88        66

    accuracy                           0.72       266
   macro avg       0.74      0.74      0.74       266
weighted avg       0.72      0.72      0.72       266

  t-SNE saved to /home/michraf/Thesis/results/20260626_163933_ConGrAD-TempRel-NoPosEmb-NoParPool/run_0/tsne.png
  Graph saved to /home/michraf/Thesis/results/20260626_163933_ConGrAD-TempRel-NoPosEmb-NoParPool/run_0/graph.png

========================================
Run 2/5 (seed=25)
========================================
  Epoch 01/60 | loss 0.7683 | train UAR 0.3418 | val UAR 0.3414
    ↳ best model saved (UAR 0.3414)
  Epoch 02/60 | loss 0.6883 | train UAR 0.3941 | val UAR 0.4572
    ↳ best model saved (UAR 0.4572)
  Epoch 03/60 | loss 0.6454 | train UAR 0.4330 | val UAR 0.4771
    ↳ best model saved (UAR 0.4771)
  Epoch 04/60 | loss 0.5943 | train UAR 0.4937 | val UAR 0.5108
    ↳ best model saved (UAR 0.5108)
  Epoch 05/60 | loss 0.5669 | train UAR 0.5324 | val UAR 0.6384
    ↳ best model saved (UAR 0.6384)
  Epoch 06/60 | loss 0.5721 | train UAR 0.5328 | val UAR 0.6630
    ↳ best model saved (UAR 0.6630)
  Epoch 07/60 | loss 0.5574 | train UAR 0.5676 | val UAR 0.6673
    ↳ best model saved (UAR 0.6673)
  Epoch 08/60 | loss 0.5347 | train UAR 0.5880 | val UAR 0.7101
    ↳ best model saved (UAR 0.7101)
  Epoch 09/60 | loss 0.5183 | train UAR 0.6115 | val UAR 0.6771
  Epoch 10/60 | loss 0.5014 | train UAR 0.6001 | val UAR 0.6801
  Epoch 11/60 | loss 0.4868 | train UAR 0.6468 | val UAR 0.6653
  Epoch 12/60 | loss 0.4778 | train UAR 0.6271 | val UAR 0.6862
  Epoch 13/60 | loss 0.4627 | train UAR 0.6573 | val UAR 0.7108
    ↳ best model saved (UAR 0.7108)
  Epoch 14/60 | loss 0.4540 | train UAR 0.6534 | val UAR 0.6933
  Epoch 15/60 | loss 0.4608 | train UAR 0.6494 | val UAR 0.5838
  Epoch 16/60 | loss 0.4602 | train UAR 0.6492 | val UAR 0.7209
    ↳ best model saved (UAR 0.7209)
  Epoch 17/60 | loss 0.4360 | train UAR 0.6726 | val UAR 0.6801
  Epoch 18/60 | loss 0.4152 | train UAR 0.6767 | val UAR 0.6451
  Epoch 19/60 | loss 0.4302 | train UAR 0.6862 | val UAR 0.7256
    ↳ best model saved (UAR 0.7256)
  Epoch 20/60 | loss 0.4137 | train UAR 0.6903 | val UAR 0.7148
  Epoch 21/60 | loss 0.4131 | train UAR 0.6863 | val UAR 0.6508
  Epoch 22/60 | loss 0.3887 | train UAR 0.7070 | val UAR 0.6670
  Epoch 23/60 | loss 0.4064 | train UAR 0.6925 | val UAR 0.6636
  Epoch 24/60 | loss 0.3731 | train UAR 0.7066 | val UAR 0.6768
  Epoch 25/60 | loss 0.3644 | train UAR 0.7399 | val UAR 0.6892
  Epoch 26/60 | loss 0.3587 | train UAR 0.7394 | val UAR 0.6825
  Epoch 27/60 | loss 0.3430 | train UAR 0.7410 | val UAR 0.7370
    ↳ best model saved (UAR 0.7370)
  Epoch 28/60 | loss 0.3349 | train UAR 0.7583 | val UAR 0.6993
  Epoch 29/60 | loss 0.3306 | train UAR 0.7600 | val UAR 0.7276
  Epoch 30/60 | loss 0.3186 | train UAR 0.7590 | val UAR 0.7185
  Epoch 31/60 | loss 0.3051 | train UAR 0.7818 | val UAR 0.6721
  Epoch 32/60 | loss 0.2981 | train UAR 0.7804 | val UAR 0.6785
  Epoch 33/60 | loss 0.3211 | train UAR 0.7589 | val UAR 0.7185
  Epoch 34/60 | loss 0.2931 | train UAR 0.7886 | val UAR 0.6936
  Epoch 35/60 | loss 0.3090 | train UAR 0.7871 | val UAR 0.6495
  Epoch 36/60 | loss 0.2764 | train UAR 0.8021 | val UAR 0.7229
  Epoch 37/60 | loss 0.2980 | train UAR 0.7889 | val UAR 0.7017
  Epoch 38/60 | loss 0.2704 | train UAR 0.8179 | val UAR 0.6428
  Epoch 39/60 | loss 0.2692 | train UAR 0.8062 | val UAR 0.7276
  Epoch 40/60 | loss 0.2418 | train UAR 0.8276 | val UAR 0.6815
  Epoch 41/60 | loss 0.2367 | train UAR 0.8363 | val UAR 0.6997
  Epoch 42/60 | loss 0.2091 | train UAR 0.8581 | val UAR 0.7306
  Early stopping triggered at epoch 42
  Training plot saved to /home/michraf/Thesis/results/20260626_163933_ConGrAD-TempRel-NoPosEmb-NoParPool/run_1/training.png
              precision    recall  f1-score   support

          HC       0.71      0.65      0.68       110
         MCI       0.65      0.67      0.66        90
    Dementia       0.82      0.88      0.85        66

    accuracy                           0.71       266
   macro avg       0.72      0.73      0.73       266
weighted avg       0.71      0.71      0.71       266

  t-SNE saved to /home/michraf/Thesis/results/20260626_163933_ConGrAD-TempRel-NoPosEmb-NoParPool/run_1/tsne.png
  Graph saved to /home/michraf/Thesis/results/20260626_163933_ConGrAD-TempRel-NoPosEmb-NoParPool/run_1/graph.png

========================================
Run 3/5 (seed=26)
========================================
  Epoch 01/60 | loss 0.7650 | train UAR 0.3457 | val UAR 0.4094
    ↳ best model saved (UAR 0.4094)
  Epoch 02/60 | loss 0.6971 | train UAR 0.4075 | val UAR 0.4630
    ↳ best model saved (UAR 0.4630)
  Epoch 03/60 | loss 0.6390 | train UAR 0.4485 | val UAR 0.5189
    ↳ best model saved (UAR 0.5189)
  Epoch 04/60 | loss 0.6061 | train UAR 0.5088 | val UAR 0.5771
    ↳ best model saved (UAR 0.5771)
  Epoch 05/60 | loss 0.5837 | train UAR 0.5386 | val UAR 0.3946
  Epoch 06/60 | loss 0.5558 | train UAR 0.5590 | val UAR 0.5923
    ↳ best model saved (UAR 0.5923)
  Epoch 07/60 | loss 0.5562 | train UAR 0.5920 | val UAR 0.5505
  Epoch 08/60 | loss 0.5307 | train UAR 0.5802 | val UAR 0.5882
  Epoch 09/60 | loss 0.5321 | train UAR 0.6157 | val UAR 0.5370
  Epoch 10/60 | loss 0.5167 | train UAR 0.6090 | val UAR 0.6798
    ↳ best model saved (UAR 0.6798)
  Epoch 11/60 | loss 0.5068 | train UAR 0.6224 | val UAR 0.6269
  Epoch 12/60 | loss 0.4800 | train UAR 0.6497 | val UAR 0.6700
  Epoch 13/60 | loss 0.4639 | train UAR 0.6332 | val UAR 0.6545
  Epoch 14/60 | loss 0.4741 | train UAR 0.6527 | val UAR 0.6296
  Epoch 15/60 | loss 0.4442 | train UAR 0.6741 | val UAR 0.6562
  Epoch 16/60 | loss 0.4414 | train UAR 0.6731 | val UAR 0.6912
    ↳ best model saved (UAR 0.6912)
  Epoch 17/60 | loss 0.4249 | train UAR 0.6839 | val UAR 0.6758
  Epoch 18/60 | loss 0.4297 | train UAR 0.6890 | val UAR 0.6646
  Epoch 19/60 | loss 0.3981 | train UAR 0.7061 | val UAR 0.6646
  Epoch 20/60 | loss 0.3941 | train UAR 0.7004 | val UAR 0.7232
    ↳ best model saved (UAR 0.7232)
  Epoch 21/60 | loss 0.3707 | train UAR 0.7281 | val UAR 0.7044
  Epoch 22/60 | loss 0.3568 | train UAR 0.7295 | val UAR 0.7178
  Epoch 23/60 | loss 0.3528 | train UAR 0.7375 | val UAR 0.7300
    ↳ best model saved (UAR 0.7300)
  Epoch 24/60 | loss 0.3553 | train UAR 0.7301 | val UAR 0.6488
  Epoch 25/60 | loss 0.3401 | train UAR 0.7396 | val UAR 0.7128
  Epoch 26/60 | loss 0.3219 | train UAR 0.7626 | val UAR 0.6909
  Epoch 27/60 | loss 0.3199 | train UAR 0.7606 | val UAR 0.6801
  Epoch 28/60 | loss 0.2978 | train UAR 0.7722 | val UAR 0.7162
  Epoch 29/60 | loss 0.3037 | train UAR 0.7808 | val UAR 0.6700
  Epoch 30/60 | loss 0.2961 | train UAR 0.7864 | val UAR 0.7108
  Epoch 31/60 | loss 0.2686 | train UAR 0.8094 | val UAR 0.6822
  Epoch 32/60 | loss 0.2733 | train UAR 0.8216 | val UAR 0.6522
  Epoch 33/60 | loss 0.2652 | train UAR 0.8015 | val UAR 0.6434
  Epoch 34/60 | loss 0.2703 | train UAR 0.8114 | val UAR 0.6394
  Epoch 35/60 | loss 0.2384 | train UAR 0.8422 | val UAR 0.6593
  Epoch 36/60 | loss 0.2415 | train UAR 0.8417 | val UAR 0.6859
  Epoch 37/60 | loss 0.2308 | train UAR 0.8514 | val UAR 0.6559
  Epoch 38/60 | loss 0.2100 | train UAR 0.8663 | val UAR 0.6643
  Early stopping triggered at epoch 38
  Training plot saved to /home/michraf/Thesis/results/20260626_163933_ConGrAD-TempRel-NoPosEmb-NoParPool/run_2/training.png
              precision    recall  f1-score   support

          HC       0.69      0.52      0.59       110
         MCI       0.64      0.78      0.70        90
    Dementia       0.81      0.89      0.85        66

    accuracy                           0.70       266
   macro avg       0.71      0.73      0.71       266
weighted avg       0.70      0.70      0.69       266

  t-SNE saved to /home/michraf/Thesis/results/20260626_163933_ConGrAD-TempRel-NoPosEmb-NoParPool/run_2/tsne.png
  Graph saved to /home/michraf/Thesis/results/20260626_163933_ConGrAD-TempRel-NoPosEmb-NoParPool/run_2/graph.png

========================================
Run 4/5 (seed=27)
========================================
  Epoch 01/60 | loss 0.7609 | train UAR 0.3393 | val UAR 0.3333
    ↳ best model saved (UAR 0.3333)
  Epoch 02/60 | loss 0.6848 | train UAR 0.3869 | val UAR 0.4229
    ↳ best model saved (UAR 0.4229)
  Epoch 03/60 | loss 0.6382 | train UAR 0.4474 | val UAR 0.5808
    ↳ best model saved (UAR 0.5808)
  Epoch 04/60 | loss 0.6017 | train UAR 0.4767 | val UAR 0.5391
  Epoch 05/60 | loss 0.6100 | train UAR 0.5268 | val UAR 0.5845
    ↳ best model saved (UAR 0.5845)
  Epoch 06/60 | loss 0.5721 | train UAR 0.5412 | val UAR 0.6572
    ↳ best model saved (UAR 0.6572)
  Epoch 07/60 | loss 0.5607 | train UAR 0.5702 | val UAR 0.6407
  Epoch 08/60 | loss 0.5240 | train UAR 0.5887 | val UAR 0.6370
  Epoch 09/60 | loss 0.5311 | train UAR 0.5989 | val UAR 0.6936
    ↳ best model saved (UAR 0.6936)
  Epoch 10/60 | loss 0.5045 | train UAR 0.6255 | val UAR 0.7178
    ↳ best model saved (UAR 0.7178)
  Epoch 11/60 | loss 0.5097 | train UAR 0.6136 | val UAR 0.6909
  Epoch 12/60 | loss 0.4872 | train UAR 0.6451 | val UAR 0.6606
  Epoch 13/60 | loss 0.4877 | train UAR 0.6405 | val UAR 0.6535
  Epoch 14/60 | loss 0.4657 | train UAR 0.6599 | val UAR 0.6650
  Epoch 15/60 | loss 0.4459 | train UAR 0.6597 | val UAR 0.7380
    ↳ best model saved (UAR 0.7380)
  Epoch 16/60 | loss 0.4447 | train UAR 0.6676 | val UAR 0.6774
  Epoch 17/60 | loss 0.4385 | train UAR 0.6984 | val UAR 0.7138
  Epoch 18/60 | loss 0.4343 | train UAR 0.6865 | val UAR 0.6566
  Epoch 19/60 | loss 0.4342 | train UAR 0.6748 | val UAR 0.6956
  Epoch 20/60 | loss 0.4100 | train UAR 0.6898 | val UAR 0.6976
  Epoch 21/60 | loss 0.4095 | train UAR 0.7014 | val UAR 0.6946
  Epoch 22/60 | loss 0.3852 | train UAR 0.7293 | val UAR 0.7347
  Epoch 23/60 | loss 0.3864 | train UAR 0.7064 | val UAR 0.6862
  Epoch 24/60 | loss 0.3884 | train UAR 0.7150 | val UAR 0.6606
  Epoch 25/60 | loss 0.3686 | train UAR 0.7398 | val UAR 0.7599
    ↳ best model saved (UAR 0.7599)
  Epoch 26/60 | loss 0.3502 | train UAR 0.7512 | val UAR 0.6589
  Epoch 27/60 | loss 0.3518 | train UAR 0.7379 | val UAR 0.6980
  Epoch 28/60 | loss 0.3259 | train UAR 0.7504 | val UAR 0.7401
  Epoch 29/60 | loss 0.3100 | train UAR 0.7836 | val UAR 0.7135
  Epoch 30/60 | loss 0.2947 | train UAR 0.7841 | val UAR 0.7347
  Epoch 31/60 | loss 0.2987 | train UAR 0.7875 | val UAR 0.7229
  Epoch 32/60 | loss 0.3007 | train UAR 0.7737 | val UAR 0.6727
  Epoch 33/60 | loss 0.2881 | train UAR 0.7862 | val UAR 0.6781
  Epoch 34/60 | loss 0.2674 | train UAR 0.8095 | val UAR 0.7125
  Epoch 35/60 | loss 0.2760 | train UAR 0.8089 | val UAR 0.6626
  Epoch 36/60 | loss 0.2557 | train UAR 0.8203 | val UAR 0.7114
  Epoch 37/60 | loss 0.2537 | train UAR 0.8139 | val UAR 0.6983
  Epoch 38/60 | loss 0.2474 | train UAR 0.8402 | val UAR 0.7091
  Epoch 39/60 | loss 0.2569 | train UAR 0.8268 | val UAR 0.6700
  Epoch 40/60 | loss 0.2320 | train UAR 0.8529 | val UAR 0.7064
  Early stopping triggered at epoch 40
  Training plot saved to /home/michraf/Thesis/results/20260626_163933_ConGrAD-TempRel-NoPosEmb-NoParPool/run_3/training.png
              precision    recall  f1-score   support

          HC       0.74      0.60      0.66       110
         MCI       0.63      0.81      0.71        90
    Dementia       0.92      0.86      0.89        66

    accuracy                           0.74       266
   macro avg       0.77      0.76      0.76       266
weighted avg       0.75      0.74      0.74       266

  t-SNE saved to /home/michraf/Thesis/results/20260626_163933_ConGrAD-TempRel-NoPosEmb-NoParPool/run_3/tsne.png
  Graph saved to /home/michraf/Thesis/results/20260626_163933_ConGrAD-TempRel-NoPosEmb-NoParPool/run_3/graph.png

========================================
Run 5/5 (seed=28)
========================================
  Epoch 01/60 | loss 0.7770 | train UAR 0.3380 | val UAR 0.3370
    ↳ best model saved (UAR 0.3370)
  Epoch 02/60 | loss 0.7035 | train UAR 0.3608 | val UAR 0.3879
    ↳ best model saved (UAR 0.3879)
  Epoch 03/60 | loss 0.6348 | train UAR 0.4337 | val UAR 0.5360
    ↳ best model saved (UAR 0.5360)
  Epoch 04/60 | loss 0.6244 | train UAR 0.4954 | val UAR 0.5370
    ↳ best model saved (UAR 0.5370)
  Epoch 05/60 | loss 0.5868 | train UAR 0.5213 | val UAR 0.5380
    ↳ best model saved (UAR 0.5380)
  Epoch 06/60 | loss 0.5513 | train UAR 0.5663 | val UAR 0.6609
    ↳ best model saved (UAR 0.6609)
  Epoch 07/60 | loss 0.5586 | train UAR 0.5918 | val UAR 0.6556
  Epoch 08/60 | loss 0.5361 | train UAR 0.5957 | val UAR 0.4549
  Epoch 09/60 | loss 0.5182 | train UAR 0.6109 | val UAR 0.5529
  Epoch 10/60 | loss 0.5091 | train UAR 0.6154 | val UAR 0.4899
  Epoch 11/60 | loss 0.4852 | train UAR 0.6266 | val UAR 0.5549
  Epoch 12/60 | loss 0.4809 | train UAR 0.6431 | val UAR 0.5832
  Epoch 13/60 | loss 0.4664 | train UAR 0.6556 | val UAR 0.6926
    ↳ best model saved (UAR 0.6926)
  Epoch 14/60 | loss 0.4573 | train UAR 0.6454 | val UAR 0.6815
  Epoch 15/60 | loss 0.4401 | train UAR 0.6599 | val UAR 0.6478
  Epoch 16/60 | loss 0.4381 | train UAR 0.6715 | val UAR 0.7020
    ↳ best model saved (UAR 0.7020)
  Epoch 17/60 | loss 0.4236 | train UAR 0.6855 | val UAR 0.7057
    ↳ best model saved (UAR 0.7057)
  Epoch 18/60 | loss 0.4227 | train UAR 0.6869 | val UAR 0.7017
  Epoch 19/60 | loss 0.4235 | train UAR 0.6751 | val UAR 0.6734
  Epoch 20/60 | loss 0.4158 | train UAR 0.6891 | val UAR 0.7323
    ↳ best model saved (UAR 0.7323)
  Epoch 21/60 | loss 0.3981 | train UAR 0.7033 | val UAR 0.6939
  Epoch 22/60 | loss 0.3837 | train UAR 0.7210 | val UAR 0.6822
  Epoch 23/60 | loss 0.3810 | train UAR 0.7116 | val UAR 0.7475
    ↳ best model saved (UAR 0.7475)
  Epoch 24/60 | loss 0.3782 | train UAR 0.7302 | val UAR 0.6983
  Epoch 25/60 | loss 0.3538 | train UAR 0.7319 | val UAR 0.7040
  Epoch 26/60 | loss 0.3572 | train UAR 0.7283 | val UAR 0.6872
  Epoch 27/60 | loss 0.3612 | train UAR 0.7521 | val UAR 0.7316
  Epoch 28/60 | loss 0.3396 | train UAR 0.7491 | val UAR 0.6835
  Epoch 29/60 | loss 0.3400 | train UAR 0.7367 | val UAR 0.6987
  Epoch 30/60 | loss 0.3222 | train UAR 0.7524 | val UAR 0.7407
  Epoch 31/60 | loss 0.3130 | train UAR 0.7644 | val UAR 0.7020
  Epoch 32/60 | loss 0.3002 | train UAR 0.7983 | val UAR 0.7162
  Epoch 33/60 | loss 0.3024 | train UAR 0.7734 | val UAR 0.7189
  Epoch 34/60 | loss 0.2723 | train UAR 0.8089 | val UAR 0.6788
  Epoch 35/60 | loss 0.2690 | train UAR 0.7990 | val UAR 0.6848
  Epoch 36/60 | loss 0.2771 | train UAR 0.7982 | val UAR 0.7330
  Epoch 37/60 | loss 0.2504 | train UAR 0.8078 | val UAR 0.7074
  Epoch 38/60 | loss 0.2447 | train UAR 0.8285 | val UAR 0.6842
  Early stopping triggered at epoch 38
  Training plot saved to /home/michraf/Thesis/results/20260626_163933_ConGrAD-TempRel-NoPosEmb-NoParPool/run_4/training.png
              precision    recall  f1-score   support

          HC       0.71      0.66      0.69       110
         MCI       0.64      0.68      0.66        90
    Dementia       0.85      0.88      0.87        66

    accuracy                           0.72       266
   macro avg       0.73      0.74      0.74       266
weighted avg       0.72      0.72      0.72       266

  t-SNE saved to /home/michraf/Thesis/results/20260626_163933_ConGrAD-TempRel-NoPosEmb-NoParPool/run_4/tsne.png
  Graph saved to /home/michraf/Thesis/results/20260626_163933_ConGrAD-TempRel-NoPosEmb-NoParPool/run_4/graph.png

AVERAGE PERFORMANCE:
 {'seed': '-', 'UAR': 0.7396, 'accuracy': 0.718, 'HC_f1': 0.6571, 'MCI_f1': 0.6788, 'Dementia_f1': 0.8658, 'macro_f1': 0.7339, 'weighted_f1': 0.7162}

Results saved to /home/michraf/Thesis/results/20260626_163933_ConGrAD-TempRel-NoPosEmb-NoParPool/results.csv
