Run dir: /home/michraf/Thesis/results/20260618_175416_ConGrAD-AddSA-1_2m
Loaded 2203/2204 samples with embeddings
Loaded 266/266 samples with embeddings

==================================================
EXPERIMENT:  ConGrAD-AddSA-1_2m
==================================================
ConGrAD with additive self attention (supposed to save VRAM) 

Balanced-MixUp: OFF
Visualizations: ON


==================================================
MODEL ARCHITECTURE & PARAMETERS
==================================================
ConGrAD(
  (audio_proj): Linear(in_features=1024, out_features=128, bias=True)
  (text_proj): Linear(in_features=768, out_features=128, bias=True)
  (co_attn): ModuleList(
    (0-1): 2 x CoAttentionBlock(
      (audio_attn): MultiheadAttention(
        (out_proj): NonDynamicallyQuantizableLinear(in_features=128, out_features=128, bias=True)
      )
      (text_attn): MultiheadAttention(
        (out_proj): NonDynamicallyQuantizableLinear(in_features=128, out_features=128, bias=True)
      )
      (ffn_a): Sequential(
        (0): Linear(in_features=128, out_features=512, bias=True)
        (1): GELU(approximate='none')
        (2): Dropout(p=0.5, inplace=False)
        (3): Linear(in_features=512, out_features=128, bias=True)
      )
      (ffn_t): Sequential(
        (0): Linear(in_features=128, out_features=512, bias=True)
        (1): GELU(approximate='none')
        (2): Dropout(p=0.5, inplace=False)
        (3): Linear(in_features=512, out_features=128, bias=True)
      )
      (norm_a1): LayerNorm((128,), eps=1e-05, elementwise_affine=True)
      (norm_t1): LayerNorm((128,), eps=1e-05, elementwise_affine=True)
      (norm_a2): LayerNorm((128,), eps=1e-05, elementwise_affine=True)
      (norm_t2): LayerNorm((128,), eps=1e-05, elementwise_affine=True)
    )
  )
  (fusion): Linear(in_features=256, out_features=128, bias=True)
  (rgat): RGAT(
    (layers): ModuleList(
      (0-1): 2 x RGATConv(128, 32, heads=4)
    )
    (drop): Dropout(p=0.5, inplace=False)
  )
  (pool_gate): Linear(in_features=128, out_features=1, bias=True)
  (classifier): Sequential(
    (0): Linear(in_features=128, out_features=128, bias=True)
    (1): GELU(approximate='none')
    (2): Dropout(p=0.5, inplace=False)
    (3): Linear(in_features=128, out_features=3, bias=True)
  )
)
--------------------------------------------------
Total parameters:     1,208,324
Trainable parameters: 1,208,324
Non-trainable params: 0
==================================================


========================================
Run 1/1 (seed=24)
========================================
  Epoch 01/60 | loss 0.8105 | train UAR 0.3384 | val UAR 0.3333
    ↳ best model saved (UAR 0.3333)
  Epoch 02/60 | loss 0.7261 | train UAR 0.3559 | val UAR 0.3333
  Epoch 03/60 | loss 0.6434 | train UAR 0.4302 | val UAR 0.4323
    ↳ best model saved (UAR 0.4323)
  Epoch 04/60 | loss 0.6203 | train UAR 0.4632 | val UAR 0.4556
    ↳ best model saved (UAR 0.4556)
  Epoch 05/60 | loss 0.6009 | train UAR 0.5157 | val UAR 0.5286
    ↳ best model saved (UAR 0.5286)
  Epoch 06/60 | loss 0.5685 | train UAR 0.5344 | val UAR 0.6175
    ↳ best model saved (UAR 0.6175)
  Epoch 07/60 | loss 0.5651 | train UAR 0.5530 | val UAR 0.5202
  Epoch 08/60 | loss 0.5457 | train UAR 0.5750 | val UAR 0.6209
    ↳ best model saved (UAR 0.6209)
  Epoch 09/60 | loss 0.5303 | train UAR 0.5963 | val UAR 0.5737
  Epoch 10/60 | loss 0.4926 | train UAR 0.6333 | val UAR 0.6084
  Epoch 11/60 | loss 0.4950 | train UAR 0.6209 | val UAR 0.6919
    ↳ best model saved (UAR 0.6919)
  Epoch 12/60 | loss 0.4839 | train UAR 0.6443 | val UAR 0.6040
  Epoch 13/60 | loss 0.4436 | train UAR 0.6668 | val UAR 0.6593
  Epoch 14/60 | loss 0.4535 | train UAR 0.6677 | val UAR 0.6552
  Epoch 15/60 | loss 0.4193 | train UAR 0.7002 | val UAR 0.5717
  Epoch 16/60 | loss 0.4228 | train UAR 0.6848 | val UAR 0.7077
    ↳ best model saved (UAR 0.7077)
  Epoch 17/60 | loss 0.4039 | train UAR 0.7098 | val UAR 0.6902
  Epoch 18/60 | loss 0.3797 | train UAR 0.7204 | val UAR 0.7091
    ↳ best model saved (UAR 0.7091)
  Epoch 19/60 | loss 0.3853 | train UAR 0.7192 | val UAR 0.6677
  Epoch 20/60 | loss 0.3605 | train UAR 0.7339 | val UAR 0.7178
    ↳ best model saved (UAR 0.7178)
  Epoch 21/60 | loss 0.3418 | train UAR 0.7538 | val UAR 0.7138
  Epoch 22/60 | loss 0.3389 | train UAR 0.7560 | val UAR 0.6687
  Epoch 23/60 | loss 0.3398 | train UAR 0.7475 | val UAR 0.6886
  Epoch 24/60 | loss 0.3096 | train UAR 0.7838 | val UAR 0.6660
  Epoch 25/60 | loss 0.2905 | train UAR 0.7982 | val UAR 0.6532
  Epoch 26/60 | loss 0.2892 | train UAR 0.7913 | val UAR 0.6973
  Epoch 27/60 | loss 0.2846 | train UAR 0.8014 | val UAR 0.6912
  Epoch 28/60 | loss 0.2614 | train UAR 0.8183 | val UAR 0.6764
  Epoch 29/60 | loss 0.2402 | train UAR 0.8274 | val UAR 0.7128
  Epoch 30/60 | loss 0.2317 | train UAR 0.8452 | val UAR 0.6650
  Epoch 31/60 | loss 0.2370 | train UAR 0.8392 | val UAR 0.6771
  Epoch 32/60 | loss 0.2328 | train UAR 0.8408 | val UAR 0.7030
  Epoch 33/60 | loss 0.2252 | train UAR 0.8501 | val UAR 0.6889
  Epoch 34/60 | loss 0.2128 | train UAR 0.8632 | val UAR 0.6579
  Epoch 35/60 | loss 0.2003 | train UAR 0.8645 | val UAR 0.6684
  Early stopping triggered at epoch 35
  Training plot saved to /home/michraf/Thesis/results/20260618_175416_ConGrAD-AddSA-1_2m/run_0/training.png
              precision    recall  f1-score   support

          HC       0.78      0.47      0.59       110
         MCI       0.59      0.81      0.69        90
    Dementia       0.78      0.89      0.83        66

    accuracy                           0.69       266
   macro avg       0.72      0.73      0.70       266
weighted avg       0.71      0.69      0.68       266

  t-SNE saved to /home/michraf/Thesis/results/20260618_175416_ConGrAD-AddSA-1_2m/run_0/tsne.png
  Graph saved to /home/michraf/Thesis/results/20260618_175416_ConGrAD-AddSA-1_2m/run_0/graph.png

Results saved to /home/michraf/Thesis/results/20260618_175416_ConGrAD-AddSA-1_2m/results.csv
