Run dir: /home/michraf/Thesis/results/20260625_164824_ConGrAD-TempRel-NoPosEmb
Loaded 2203/2204 samples with embeddings
Loaded 266/266 samples with embeddings

==================================================
EXPERIMENT:  ConGrAD-TempRel-NoPosEmb
==================================================
ConGrAD with temporal relations, no positional embeddings 

Balanced-MixUp: OFF
Visualizations: ON


==================================================
MODEL ARCHITECTURE & PARAMETERS
==================================================
ConGrAD(
  (audio_proj): Linear(in_features=1024, out_features=128, bias=True)
  (text_proj): Linear(in_features=768, out_features=128, bias=True)
  (co_attn): ModuleList(
    (0-1): 2 x CoAttentionBlock(
      (audio_attn): MultiheadAttention(
        (out_proj): NonDynamicallyQuantizableLinear(in_features=128, out_features=128, bias=True)
      )
      (text_attn): MultiheadAttention(
        (out_proj): NonDynamicallyQuantizableLinear(in_features=128, out_features=128, bias=True)
      )
      (ffn_a): Sequential(
        (0): Linear(in_features=128, out_features=512, bias=True)
        (1): GELU(approximate='none')
        (2): Dropout(p=0.5, inplace=False)
        (3): Linear(in_features=512, out_features=128, bias=True)
      )
      (ffn_t): Sequential(
        (0): Linear(in_features=128, out_features=512, bias=True)
        (1): GELU(approximate='none')
        (2): Dropout(p=0.5, inplace=False)
        (3): Linear(in_features=512, out_features=128, bias=True)
      )
      (norm_a1): LayerNorm((128,), eps=1e-05, elementwise_affine=True)
      (norm_t1): LayerNorm((128,), eps=1e-05, elementwise_affine=True)
      (norm_a2): LayerNorm((128,), eps=1e-05, elementwise_affine=True)
      (norm_t2): LayerNorm((128,), eps=1e-05, elementwise_affine=True)
    )
  )
  (fusion): Linear(in_features=256, out_features=128, bias=True)
  (rgat): RGAT(
    (layers): ModuleList(
      (0-1): 2 x RGATConv(128, 32, heads=4)
    )
    (drop): Dropout(p=0.5, inplace=False)
  )
  (att_score): Linear(in_features=256, out_features=1, bias=True)
  (classifier): Sequential(
    (0): Linear(in_features=256, out_features=128, bias=True)
    (1): GELU(approximate='none')
    (2): Dropout(p=0.5, inplace=False)
    (3): Linear(in_features=128, out_features=3, bias=True)
  )
)
--------------------------------------------------
Total parameters:     2,666,628
Trainable parameters: 2,666,628
Non-trainable params: 0
==================================================


========================================
Run 1/5 (seed=24)
========================================
  Epoch 01/60 | loss 0.7734 | train UAR 0.3360 | val UAR 0.3333
    ↳ best model saved (UAR 0.3333)
  Epoch 02/60 | loss 0.6966 | train UAR 0.3855 | val UAR 0.4700
    ↳ best model saved (UAR 0.4700)
  Epoch 03/60 | loss 0.6511 | train UAR 0.3938 | val UAR 0.4232
  Epoch 04/60 | loss 0.5996 | train UAR 0.4705 | val UAR 0.6458
    ↳ best model saved (UAR 0.6458)
  Epoch 05/60 | loss 0.5823 | train UAR 0.5051 | val UAR 0.4593
  Epoch 06/60 | loss 0.5855 | train UAR 0.5250 | val UAR 0.4364
  Epoch 07/60 | loss 0.5721 | train UAR 0.5465 | val UAR 0.5997
  Epoch 08/60 | loss 0.5698 | train UAR 0.5482 | val UAR 0.6337
  Epoch 09/60 | loss 0.5378 | train UAR 0.5931 | val UAR 0.6926
    ↳ best model saved (UAR 0.6926)
  Epoch 10/60 | loss 0.5297 | train UAR 0.5971 | val UAR 0.6771
  Epoch 11/60 | loss 0.5191 | train UAR 0.5835 | val UAR 0.5404
  Epoch 12/60 | loss 0.4951 | train UAR 0.6179 | val UAR 0.6976
    ↳ best model saved (UAR 0.6976)
  Epoch 13/60 | loss 0.5100 | train UAR 0.6250 | val UAR 0.5549
  Epoch 14/60 | loss 0.4870 | train UAR 0.6160 | val UAR 0.5636
  Epoch 15/60 | loss 0.4722 | train UAR 0.6564 | val UAR 0.6155
  Epoch 16/60 | loss 0.4615 | train UAR 0.6525 | val UAR 0.5283
  Epoch 17/60 | loss 0.4495 | train UAR 0.6553 | val UAR 0.6145
  Epoch 18/60 | loss 0.4454 | train UAR 0.6810 | val UAR 0.6926
  Epoch 19/60 | loss 0.4394 | train UAR 0.6667 | val UAR 0.6798
  Epoch 20/60 | loss 0.4280 | train UAR 0.6871 | val UAR 0.6811
  Epoch 21/60 | loss 0.4239 | train UAR 0.6862 | val UAR 0.6916
  Epoch 22/60 | loss 0.4282 | train UAR 0.6768 | val UAR 0.7108
    ↳ best model saved (UAR 0.7108)
  Epoch 23/60 | loss 0.4038 | train UAR 0.7012 | val UAR 0.7327
    ↳ best model saved (UAR 0.7327)
  Epoch 24/60 | loss 0.4048 | train UAR 0.7048 | val UAR 0.6747
  Epoch 25/60 | loss 0.3959 | train UAR 0.7027 | val UAR 0.7202
  Epoch 26/60 | loss 0.3807 | train UAR 0.7274 | val UAR 0.7135
  Epoch 27/60 | loss 0.3766 | train UAR 0.7102 | val UAR 0.7145
  Epoch 28/60 | loss 0.3645 | train UAR 0.7320 | val UAR 0.6953
  Epoch 29/60 | loss 0.3701 | train UAR 0.7210 | val UAR 0.7370
    ↳ best model saved (UAR 0.7370)
  Epoch 30/60 | loss 0.3673 | train UAR 0.7354 | val UAR 0.7209
  Epoch 31/60 | loss 0.3493 | train UAR 0.7324 | val UAR 0.7434
    ↳ best model saved (UAR 0.7434)
  Epoch 32/60 | loss 0.3672 | train UAR 0.7225 | val UAR 0.6603
  Epoch 33/60 | loss 0.3660 | train UAR 0.7097 | val UAR 0.7162
  Epoch 34/60 | loss 0.3501 | train UAR 0.7532 | val UAR 0.7215
  Epoch 35/60 | loss 0.3257 | train UAR 0.7578 | val UAR 0.7125
  Epoch 36/60 | loss 0.3291 | train UAR 0.7698 | val UAR 0.7162
  Epoch 37/60 | loss 0.3032 | train UAR 0.7781 | val UAR 0.6747
  Epoch 38/60 | loss 0.3016 | train UAR 0.7979 | val UAR 0.7276
  Epoch 39/60 | loss 0.3018 | train UAR 0.7766 | val UAR 0.7131
  Epoch 40/60 | loss 0.2842 | train UAR 0.7946 | val UAR 0.6919
  Epoch 41/60 | loss 0.2834 | train UAR 0.8144 | val UAR 0.7088
  Epoch 42/60 | loss 0.2760 | train UAR 0.8184 | val UAR 0.7141
  Epoch 43/60 | loss 0.2915 | train UAR 0.8043 | val UAR 0.6795
  Epoch 44/60 | loss 0.2702 | train UAR 0.8141 | val UAR 0.6886
  Epoch 45/60 | loss 0.3132 | train UAR 0.7984 | val UAR 0.7128
  Epoch 46/60 | loss 0.2637 | train UAR 0.8315 | val UAR 0.6603
  Early stopping triggered at epoch 46
  Training plot saved to /home/michraf/Thesis/results/20260625_164824_ConGrAD-TempRel-NoPosEmb/run_0/training.png
              precision    recall  f1-score   support

          HC       0.76      0.52      0.62       110
         MCI       0.59      0.83      0.69        90
    Dementia       0.91      0.88      0.89        66

    accuracy                           0.71       266
   macro avg       0.75      0.74      0.73       266
weighted avg       0.74      0.71      0.71       266

  t-SNE saved to /home/michraf/Thesis/results/20260625_164824_ConGrAD-TempRel-NoPosEmb/run_0/tsne.png
  Graph saved to /home/michraf/Thesis/results/20260625_164824_ConGrAD-TempRel-NoPosEmb/run_0/graph.png

========================================
Run 2/5 (seed=25)
========================================
  Epoch 01/60 | loss 0.7683 | train UAR 0.3418 | val UAR 0.3414
    ↳ best model saved (UAR 0.3414)
  Epoch 02/60 | loss 0.6857 | train UAR 0.3887 | val UAR 0.4704
    ↳ best model saved (UAR 0.4704)
  Epoch 03/60 | loss 0.6452 | train UAR 0.4508 | val UAR 0.4582
  Epoch 04/60 | loss 0.5935 | train UAR 0.5129 | val UAR 0.5141
    ↳ best model saved (UAR 0.5141)
  Epoch 05/60 | loss 0.5751 | train UAR 0.5408 | val UAR 0.6104
    ↳ best model saved (UAR 0.6104)
  Epoch 06/60 | loss 0.5691 | train UAR 0.5333 | val UAR 0.6374
    ↳ best model saved (UAR 0.6374)
  Epoch 07/60 | loss 0.5599 | train UAR 0.5737 | val UAR 0.6401
    ↳ best model saved (UAR 0.6401)
  Epoch 08/60 | loss 0.5422 | train UAR 0.5872 | val UAR 0.6818
    ↳ best model saved (UAR 0.6818)
  Epoch 09/60 | loss 0.5170 | train UAR 0.6178 | val UAR 0.6721
  Epoch 10/60 | loss 0.5067 | train UAR 0.6148 | val UAR 0.6943
    ↳ best model saved (UAR 0.6943)
  Epoch 11/60 | loss 0.5011 | train UAR 0.6356 | val UAR 0.6380
  Epoch 12/60 | loss 0.4799 | train UAR 0.6363 | val UAR 0.6987
    ↳ best model saved (UAR 0.6987)
  Epoch 13/60 | loss 0.4686 | train UAR 0.6568 | val UAR 0.7077
    ↳ best model saved (UAR 0.7077)
  Epoch 14/60 | loss 0.4578 | train UAR 0.6460 | val UAR 0.6889
  Epoch 15/60 | loss 0.4615 | train UAR 0.6512 | val UAR 0.6172
  Epoch 16/60 | loss 0.4623 | train UAR 0.6447 | val UAR 0.6990
  Epoch 17/60 | loss 0.4336 | train UAR 0.6776 | val UAR 0.7121
    ↳ best model saved (UAR 0.7121)
  Epoch 18/60 | loss 0.4225 | train UAR 0.6883 | val UAR 0.6704
  Epoch 19/60 | loss 0.4227 | train UAR 0.6772 | val UAR 0.7020
  Epoch 20/60 | loss 0.4107 | train UAR 0.6759 | val UAR 0.7034
  Epoch 21/60 | loss 0.4172 | train UAR 0.6936 | val UAR 0.6475
  Epoch 22/60 | loss 0.3962 | train UAR 0.6984 | val UAR 0.6300
  Epoch 23/60 | loss 0.4040 | train UAR 0.6875 | val UAR 0.7098
  Epoch 24/60 | loss 0.3741 | train UAR 0.7046 | val UAR 0.6852
  Epoch 25/60 | loss 0.3724 | train UAR 0.7191 | val UAR 0.7054
  Epoch 26/60 | loss 0.3597 | train UAR 0.7247 | val UAR 0.7034
  Epoch 27/60 | loss 0.3477 | train UAR 0.7405 | val UAR 0.7209
    ↳ best model saved (UAR 0.7209)
  Epoch 28/60 | loss 0.3401 | train UAR 0.7541 | val UAR 0.6532
  Epoch 29/60 | loss 0.3456 | train UAR 0.7289 | val UAR 0.6822
  Epoch 30/60 | loss 0.3321 | train UAR 0.7386 | val UAR 0.6582
  Epoch 31/60 | loss 0.3247 | train UAR 0.7494 | val UAR 0.6717
  Epoch 32/60 | loss 0.3043 | train UAR 0.7766 | val UAR 0.6976
  Epoch 33/60 | loss 0.2906 | train UAR 0.7734 | val UAR 0.6623
  Epoch 34/60 | loss 0.3017 | train UAR 0.7717 | val UAR 0.6613
  Epoch 35/60 | loss 0.2891 | train UAR 0.7909 | val UAR 0.6350
  Epoch 36/60 | loss 0.2841 | train UAR 0.7994 | val UAR 0.5737
  Epoch 37/60 | loss 0.2780 | train UAR 0.7842 | val UAR 0.6822
  Epoch 38/60 | loss 0.2672 | train UAR 0.8107 | val UAR 0.6455
  Epoch 39/60 | loss 0.2770 | train UAR 0.7982 | val UAR 0.6296
  Epoch 40/60 | loss 0.2846 | train UAR 0.7856 | val UAR 0.6616
  Epoch 41/60 | loss 0.2673 | train UAR 0.8026 | val UAR 0.6768
  Epoch 42/60 | loss 0.2349 | train UAR 0.8292 | val UAR 0.6764
  Early stopping triggered at epoch 42
  Training plot saved to /home/michraf/Thesis/results/20260625_164824_ConGrAD-TempRel-NoPosEmb/run_1/training.png
              precision    recall  f1-score   support

          HC       0.66      0.67      0.67       110
         MCI       0.64      0.70      0.67        90
    Dementia       0.93      0.79      0.85        66

    accuracy                           0.71       266
   macro avg       0.74      0.72      0.73       266
weighted avg       0.72      0.71      0.71       266

  t-SNE saved to /home/michraf/Thesis/results/20260625_164824_ConGrAD-TempRel-NoPosEmb/run_1/tsne.png
  Graph saved to /home/michraf/Thesis/results/20260625_164824_ConGrAD-TempRel-NoPosEmb/run_1/graph.png

========================================
Run 3/5 (seed=26)
========================================
  Epoch 01/60 | loss 0.7649 | train UAR 0.3457 | val UAR 0.4094
    ↳ best model saved (UAR 0.4094)
  Epoch 02/60 | loss 0.6981 | train UAR 0.4088 | val UAR 0.4256
    ↳ best model saved (UAR 0.4256)
  Epoch 03/60 | loss 0.6336 | train UAR 0.4614 | val UAR 0.5236
    ↳ best model saved (UAR 0.5236)
  Epoch 04/60 | loss 0.6130 | train UAR 0.4986 | val UAR 0.5485
    ↳ best model saved (UAR 0.5485)
  Epoch 05/60 | loss 0.5727 | train UAR 0.5457 | val UAR 0.4707
  Epoch 06/60 | loss 0.5550 | train UAR 0.5546 | val UAR 0.5589
    ↳ best model saved (UAR 0.5589)
  Epoch 07/60 | loss 0.5612 | train UAR 0.5894 | val UAR 0.4367
  Epoch 08/60 | loss 0.5413 | train UAR 0.5754 | val UAR 0.5448
  Epoch 09/60 | loss 0.5261 | train UAR 0.6081 | val UAR 0.6178
    ↳ best model saved (UAR 0.6178)
  Epoch 10/60 | loss 0.5154 | train UAR 0.5995 | val UAR 0.6673
    ↳ best model saved (UAR 0.6673)
  Epoch 11/60 | loss 0.5068 | train UAR 0.6139 | val UAR 0.6704
    ↳ best model saved (UAR 0.6704)
  Epoch 12/60 | loss 0.4690 | train UAR 0.6569 | val UAR 0.7091
    ↳ best model saved (UAR 0.7091)
  Epoch 13/60 | loss 0.4522 | train UAR 0.6551 | val UAR 0.6737
  Epoch 14/60 | loss 0.4784 | train UAR 0.6485 | val UAR 0.6263
  Epoch 15/60 | loss 0.4522 | train UAR 0.6783 | val UAR 0.6418
  Epoch 16/60 | loss 0.4438 | train UAR 0.6795 | val UAR 0.6919
  Epoch 17/60 | loss 0.4327 | train UAR 0.6769 | val UAR 0.6697
  Epoch 18/60 | loss 0.4307 | train UAR 0.6731 | val UAR 0.6896
  Epoch 19/60 | loss 0.4008 | train UAR 0.6998 | val UAR 0.6616
  Epoch 20/60 | loss 0.3965 | train UAR 0.7018 | val UAR 0.7121
    ↳ best model saved (UAR 0.7121)
  Epoch 21/60 | loss 0.3720 | train UAR 0.7181 | val UAR 0.7024
  Epoch 22/60 | loss 0.3710 | train UAR 0.7303 | val UAR 0.7108
  Epoch 23/60 | loss 0.3599 | train UAR 0.7243 | val UAR 0.7003
  Epoch 24/60 | loss 0.3648 | train UAR 0.7340 | val UAR 0.6620
  Epoch 25/60 | loss 0.3430 | train UAR 0.7364 | val UAR 0.7178
    ↳ best model saved (UAR 0.7178)
  Epoch 26/60 | loss 0.3312 | train UAR 0.7543 | val UAR 0.6902
  Epoch 27/60 | loss 0.3234 | train UAR 0.7485 | val UAR 0.6882
  Epoch 28/60 | loss 0.3224 | train UAR 0.7715 | val UAR 0.6704
  Epoch 29/60 | loss 0.3047 | train UAR 0.7785 | val UAR 0.6128
  Epoch 30/60 | loss 0.2995 | train UAR 0.7726 | val UAR 0.7054
  Epoch 31/60 | loss 0.2790 | train UAR 0.7846 | val UAR 0.7030
  Epoch 32/60 | loss 0.2877 | train UAR 0.7888 | val UAR 0.6805
  Epoch 33/60 | loss 0.2654 | train UAR 0.8133 | val UAR 0.6909
  Epoch 34/60 | loss 0.2858 | train UAR 0.7943 | val UAR 0.6407
  Epoch 35/60 | loss 0.2527 | train UAR 0.8191 | val UAR 0.6943
  Epoch 36/60 | loss 0.2464 | train UAR 0.8248 | val UAR 0.6653
  Epoch 37/60 | loss 0.2410 | train UAR 0.8334 | val UAR 0.7202
    ↳ best model saved (UAR 0.7202)
  Epoch 38/60 | loss 0.2545 | train UAR 0.8200 | val UAR 0.6993
  Epoch 39/60 | loss 0.2199 | train UAR 0.8396 | val UAR 0.7118
  Epoch 40/60 | loss 0.2067 | train UAR 0.8609 | val UAR 0.6835
  Epoch 41/60 | loss 0.1944 | train UAR 0.8690 | val UAR 0.7081
  Epoch 42/60 | loss 0.1959 | train UAR 0.8699 | val UAR 0.7155
  Epoch 43/60 | loss 0.1768 | train UAR 0.8799 | val UAR 0.6815
  Epoch 44/60 | loss 0.1904 | train UAR 0.8682 | val UAR 0.7104
  Epoch 45/60 | loss 0.1960 | train UAR 0.8745 | val UAR 0.6761
  Epoch 46/60 | loss 0.1935 | train UAR 0.8738 | val UAR 0.7215
    ↳ best model saved (UAR 0.7215)
  Epoch 47/60 | loss 0.1615 | train UAR 0.8923 | val UAR 0.6397
  Epoch 48/60 | loss 0.1868 | train UAR 0.8793 | val UAR 0.6993
  Epoch 49/60 | loss 0.1468 | train UAR 0.8985 | val UAR 0.6492
  Epoch 50/60 | loss 0.1451 | train UAR 0.9086 | val UAR 0.6680
  Epoch 51/60 | loss 0.1558 | train UAR 0.9123 | val UAR 0.6976
  Epoch 52/60 | loss 0.1349 | train UAR 0.9122 | val UAR 0.6468
  Epoch 53/60 | loss 0.1469 | train UAR 0.9005 | val UAR 0.6586
  Epoch 54/60 | loss 0.1340 | train UAR 0.9169 | val UAR 0.6997
  Epoch 55/60 | loss 0.1075 | train UAR 0.9356 | val UAR 0.6929
  Epoch 56/60 | loss 0.1169 | train UAR 0.9182 | val UAR 0.6737
  Epoch 57/60 | loss 0.1140 | train UAR 0.9332 | val UAR 0.6192
  Epoch 58/60 | loss 0.1134 | train UAR 0.9238 | val UAR 0.6404
  Epoch 59/60 | loss 0.1089 | train UAR 0.9236 | val UAR 0.6747
  Epoch 60/60 | loss 0.0827 | train UAR 0.9567 | val UAR 0.6616
  Training plot saved to /home/michraf/Thesis/results/20260625_164824_ConGrAD-TempRel-NoPosEmb/run_2/training.png
              precision    recall  f1-score   support

          HC       0.71      0.60      0.65       110
         MCI       0.61      0.81      0.70        90
    Dementia       0.91      0.74      0.82        66

    accuracy                           0.71       266
   macro avg       0.74      0.72      0.72       266
weighted avg       0.73      0.71      0.71       266

  t-SNE saved to /home/michraf/Thesis/results/20260625_164824_ConGrAD-TempRel-NoPosEmb/run_2/tsne.png
  Graph saved to /home/michraf/Thesis/results/20260625_164824_ConGrAD-TempRel-NoPosEmb/run_2/graph.png

========================================
Run 4/5 (seed=27)
========================================
  Epoch 01/60 | loss 0.7609 | train UAR 0.3393 | val UAR 0.3333
    ↳ best model saved (UAR 0.3333)
  Epoch 02/60 | loss 0.6838 | train UAR 0.3829 | val UAR 0.3582
    ↳ best model saved (UAR 0.3582)
  Epoch 03/60 | loss 0.6372 | train UAR 0.4716 | val UAR 0.5801
    ↳ best model saved (UAR 0.5801)
  Epoch 04/60 | loss 0.6063 | train UAR 0.4903 | val UAR 0.4566
  Epoch 05/60 | loss 0.6071 | train UAR 0.5322 | val UAR 0.6209
    ↳ best model saved (UAR 0.6209)
  Epoch 06/60 | loss 0.5719 | train UAR 0.5352 | val UAR 0.6421
    ↳ best model saved (UAR 0.6421)
  Epoch 07/60 | loss 0.5676 | train UAR 0.5509 | val UAR 0.6525
    ↳ best model saved (UAR 0.6525)
  Epoch 08/60 | loss 0.5361 | train UAR 0.5715 | val UAR 0.6596
    ↳ best model saved (UAR 0.6596)
  Epoch 09/60 | loss 0.5447 | train UAR 0.5912 | val UAR 0.7013
    ↳ best model saved (UAR 0.7013)
  Epoch 10/60 | loss 0.5183 | train UAR 0.6268 | val UAR 0.6835
  Epoch 11/60 | loss 0.5162 | train UAR 0.6216 | val UAR 0.6424
  Epoch 12/60 | loss 0.5075 | train UAR 0.6336 | val UAR 0.6828
  Epoch 13/60 | loss 0.4962 | train UAR 0.6275 | val UAR 0.6764
  Epoch 14/60 | loss 0.4856 | train UAR 0.6534 | val UAR 0.6741
  Epoch 15/60 | loss 0.4625 | train UAR 0.6598 | val UAR 0.7205
    ↳ best model saved (UAR 0.7205)
  Epoch 16/60 | loss 0.4566 | train UAR 0.6606 | val UAR 0.6902
  Epoch 17/60 | loss 0.4551 | train UAR 0.6797 | val UAR 0.6879
  Epoch 18/60 | loss 0.4427 | train UAR 0.6717 | val UAR 0.6158
  Epoch 19/60 | loss 0.4231 | train UAR 0.6873 | val UAR 0.6919
  Epoch 20/60 | loss 0.4177 | train UAR 0.6971 | val UAR 0.6899
  Epoch 21/60 | loss 0.4130 | train UAR 0.6981 | val UAR 0.6579
  Epoch 22/60 | loss 0.3967 | train UAR 0.7098 | val UAR 0.7037
  Epoch 23/60 | loss 0.3831 | train UAR 0.7209 | val UAR 0.6306
  Epoch 24/60 | loss 0.3859 | train UAR 0.7319 | val UAR 0.6071
  Epoch 25/60 | loss 0.3606 | train UAR 0.7335 | val UAR 0.7407
    ↳ best model saved (UAR 0.7407)
  Epoch 26/60 | loss 0.3513 | train UAR 0.7511 | val UAR 0.6313
  Epoch 27/60 | loss 0.3514 | train UAR 0.7358 | val UAR 0.6707
  Epoch 28/60 | loss 0.3221 | train UAR 0.7617 | val UAR 0.7030
  Epoch 29/60 | loss 0.3354 | train UAR 0.7570 | val UAR 0.6700
  Epoch 30/60 | loss 0.3093 | train UAR 0.7815 | val UAR 0.7044
  Epoch 31/60 | loss 0.2929 | train UAR 0.7882 | val UAR 0.7313
  Epoch 32/60 | loss 0.3060 | train UAR 0.7814 | val UAR 0.6374
  Epoch 33/60 | loss 0.2878 | train UAR 0.7937 | val UAR 0.6845
  Epoch 34/60 | loss 0.2715 | train UAR 0.8039 | val UAR 0.6633
  Epoch 35/60 | loss 0.2469 | train UAR 0.8191 | val UAR 0.6906
  Epoch 36/60 | loss 0.2510 | train UAR 0.8264 | val UAR 0.7074
  Epoch 37/60 | loss 0.2459 | train UAR 0.8213 | val UAR 0.7067
  Epoch 38/60 | loss 0.2364 | train UAR 0.8313 | val UAR 0.6778
  Epoch 39/60 | loss 0.2294 | train UAR 0.8407 | val UAR 0.6764
  Epoch 40/60 | loss 0.2303 | train UAR 0.8430 | val UAR 0.7175
  Early stopping triggered at epoch 40
  Training plot saved to /home/michraf/Thesis/results/20260625_164824_ConGrAD-TempRel-NoPosEmb/run_3/training.png
              precision    recall  f1-score   support

          HC       0.75      0.57      0.65       110
         MCI       0.62      0.86      0.72        90
    Dementia       0.93      0.80      0.86        66

    accuracy                           0.73       266
   macro avg       0.77      0.74      0.74       266
weighted avg       0.75      0.73      0.72       266

  t-SNE saved to /home/michraf/Thesis/results/20260625_164824_ConGrAD-TempRel-NoPosEmb/run_3/tsne.png
  Graph saved to /home/michraf/Thesis/results/20260625_164824_ConGrAD-TempRel-NoPosEmb/run_3/graph.png

========================================
Run 5/5 (seed=28)
========================================
  Epoch 01/60 | loss 0.7770 | train UAR 0.3380 | val UAR 0.3370
    ↳ best model saved (UAR 0.3370)
  Epoch 02/60 | loss 0.7066 | train UAR 0.3623 | val UAR 0.3811
    ↳ best model saved (UAR 0.3811)
  Epoch 03/60 | loss 0.6291 | train UAR 0.4400 | val UAR 0.5559
    ↳ best model saved (UAR 0.5559)
  Epoch 04/60 | loss 0.6149 | train UAR 0.5074 | val UAR 0.5970
    ↳ best model saved (UAR 0.5970)
  Epoch 05/60 | loss 0.5872 | train UAR 0.5138 | val UAR 0.5946
  Epoch 06/60 | loss 0.5594 | train UAR 0.5612 | val UAR 0.6290
    ↳ best model saved (UAR 0.6290)
  Epoch 07/60 | loss 0.5669 | train UAR 0.5755 | val UAR 0.6451
    ↳ best model saved (UAR 0.6451)
  Epoch 08/60 | loss 0.5384 | train UAR 0.5816 | val UAR 0.4525
  Epoch 09/60 | loss 0.5284 | train UAR 0.5950 | val UAR 0.4684
  Epoch 10/60 | loss 0.5219 | train UAR 0.6077 | val UAR 0.5640
  Epoch 11/60 | loss 0.4929 | train UAR 0.6343 | val UAR 0.5515
  Epoch 12/60 | loss 0.4826 | train UAR 0.6385 | val UAR 0.6461
    ↳ best model saved (UAR 0.6461)
  Epoch 13/60 | loss 0.4647 | train UAR 0.6511 | val UAR 0.6724
    ↳ best model saved (UAR 0.6724)
  Epoch 14/60 | loss 0.4731 | train UAR 0.6407 | val UAR 0.6980
    ↳ best model saved (UAR 0.6980)
  Epoch 15/60 | loss 0.4446 | train UAR 0.6792 | val UAR 0.6229
  Epoch 16/60 | loss 0.4525 | train UAR 0.6574 | val UAR 0.6855
  Epoch 17/60 | loss 0.4355 | train UAR 0.6881 | val UAR 0.6889
  Epoch 18/60 | loss 0.4244 | train UAR 0.6959 | val UAR 0.7138
    ↳ best model saved (UAR 0.7138)
  Epoch 19/60 | loss 0.4278 | train UAR 0.6783 | val UAR 0.6549
  Epoch 20/60 | loss 0.4317 | train UAR 0.6683 | val UAR 0.7219
    ↳ best model saved (UAR 0.7219)
  Epoch 21/60 | loss 0.4016 | train UAR 0.7125 | val UAR 0.6872
  Epoch 22/60 | loss 0.3876 | train UAR 0.7202 | val UAR 0.6572
  Epoch 23/60 | loss 0.3911 | train UAR 0.6994 | val UAR 0.6886
  Epoch 24/60 | loss 0.3790 | train UAR 0.7326 | val UAR 0.6791
  Epoch 25/60 | loss 0.3608 | train UAR 0.7428 | val UAR 0.7007
  Epoch 26/60 | loss 0.3633 | train UAR 0.7322 | val UAR 0.6657
  Epoch 27/60 | loss 0.3639 | train UAR 0.7344 | val UAR 0.6909
  Epoch 28/60 | loss 0.3717 | train UAR 0.7274 | val UAR 0.6828
  Epoch 29/60 | loss 0.3331 | train UAR 0.7598 | val UAR 0.6980
  Epoch 30/60 | loss 0.3238 | train UAR 0.7722 | val UAR 0.6788
  Epoch 31/60 | loss 0.3188 | train UAR 0.7794 | val UAR 0.6902
  Epoch 32/60 | loss 0.3320 | train UAR 0.7649 | val UAR 0.7158
  Epoch 33/60 | loss 0.3145 | train UAR 0.7764 | val UAR 0.7118
  Epoch 34/60 | loss 0.2803 | train UAR 0.8047 | val UAR 0.6973
  Epoch 35/60 | loss 0.2786 | train UAR 0.8016 | val UAR 0.6872
  Early stopping triggered at epoch 35
  Training plot saved to /home/michraf/Thesis/results/20260625_164824_ConGrAD-TempRel-NoPosEmb/run_4/training.png
              precision    recall  f1-score   support

          HC       0.67      0.65      0.66       110
         MCI       0.63      0.61      0.62        90
    Dementia       0.82      0.91      0.86        66

    accuracy                           0.70       266
   macro avg       0.71      0.72      0.71       266
weighted avg       0.69      0.70      0.70       266

  t-SNE saved to /home/michraf/Thesis/results/20260625_164824_ConGrAD-TempRel-NoPosEmb/run_4/tsne.png
  Graph saved to /home/michraf/Thesis/results/20260625_164824_ConGrAD-TempRel-NoPosEmb/run_4/graph.png

Results saved to /home/michraf/Thesis/results/20260625_164824_ConGrAD-TempRel-NoPosEmb/results.csv
