Run dir: /home/michraf/Thesis/results/20260626_125023_ConGrAD-TempRel-NoPosEmb
Loaded 2203/2204 samples with embeddings
Loaded 266/266 samples with embeddings

==================================================
EXPERIMENT:  ConGrAD-TempRel-NoPosEmb
==================================================
ConGrAD with temporal relations, no positional embeddings 

Balanced-MixUp: OFF
Visualizations: ON


==================================================
MODEL ARCHITECTURE & PARAMETERS
==================================================
ConGrAD(
  (audio_proj): Linear(in_features=1024, out_features=128, bias=True)
  (text_proj): Linear(in_features=768, out_features=128, bias=True)
  (co_attn): ModuleList(
    (0-1): 2 x CoAttentionBlock(
      (audio_attn): MultiheadAttention(
        (out_proj): NonDynamicallyQuantizableLinear(in_features=128, out_features=128, bias=True)
      )
      (text_attn): MultiheadAttention(
        (out_proj): NonDynamicallyQuantizableLinear(in_features=128, out_features=128, bias=True)
      )
      (ffn_a): Sequential(
        (0): Linear(in_features=128, out_features=512, bias=True)
        (1): GELU(approximate='none')
        (2): Dropout(p=0.5, inplace=False)
        (3): Linear(in_features=512, out_features=128, bias=True)
      )
      (ffn_t): Sequential(
        (0): Linear(in_features=128, out_features=512, bias=True)
        (1): GELU(approximate='none')
        (2): Dropout(p=0.5, inplace=False)
        (3): Linear(in_features=512, out_features=128, bias=True)
      )
      (norm_a1): LayerNorm((128,), eps=1e-05, elementwise_affine=True)
      (norm_t1): LayerNorm((128,), eps=1e-05, elementwise_affine=True)
      (norm_a2): LayerNorm((128,), eps=1e-05, elementwise_affine=True)
      (norm_t2): LayerNorm((128,), eps=1e-05, elementwise_affine=True)
    )
  )
  (fusion): Linear(in_features=256, out_features=128, bias=True)
  (rgat): RGAT(
    (layers): ModuleList(
      (0-1): 2 x RGATConv(128, 32, heads=4)
    )
    (drop): Dropout(p=0.5, inplace=False)
  )
  (att_score): Linear(in_features=256, out_features=1, bias=True)
  (classifier): Sequential(
    (0): Linear(in_features=256, out_features=128, bias=True)
    (1): GELU(approximate='none')
    (2): Dropout(p=0.5, inplace=False)
    (3): Linear(in_features=128, out_features=3, bias=True)
  )
)
--------------------------------------------------
Total parameters:     2,666,628
Trainable parameters: 2,666,628
Non-trainable params: 0
==================================================


========================================
Run 1/5 (seed=24)
========================================
  Epoch 01/60 | loss 0.7745 | train UAR 0.3345 | val UAR 0.3333
    ↳ best model saved (UAR 0.3333)
  Epoch 02/60 | loss 0.6969 | train UAR 0.3875 | val UAR 0.4657
    ↳ best model saved (UAR 0.4657)
  Epoch 03/60 | loss 0.6598 | train UAR 0.4026 | val UAR 0.4815
    ↳ best model saved (UAR 0.4815)
  Epoch 04/60 | loss 0.5958 | train UAR 0.4929 | val UAR 0.6088
    ↳ best model saved (UAR 0.6088)
  Epoch 05/60 | loss 0.5780 | train UAR 0.5248 | val UAR 0.4882
  Epoch 06/60 | loss 0.5853 | train UAR 0.5264 | val UAR 0.4519
  Epoch 07/60 | loss 0.5611 | train UAR 0.5412 | val UAR 0.5949
  Epoch 08/60 | loss 0.5535 | train UAR 0.5585 | val UAR 0.6444
    ↳ best model saved (UAR 0.6444)
  Epoch 09/60 | loss 0.5287 | train UAR 0.5774 | val UAR 0.6791
    ↳ best model saved (UAR 0.6791)
  Epoch 10/60 | loss 0.5199 | train UAR 0.5877 | val UAR 0.6815
    ↳ best model saved (UAR 0.6815)
  Epoch 11/60 | loss 0.5183 | train UAR 0.5834 | val UAR 0.6057
  Epoch 12/60 | loss 0.4750 | train UAR 0.6383 | val UAR 0.7182
    ↳ best model saved (UAR 0.7182)
  Epoch 13/60 | loss 0.4883 | train UAR 0.6399 | val UAR 0.6397
  Epoch 14/60 | loss 0.4745 | train UAR 0.6285 | val UAR 0.6791
  Epoch 15/60 | loss 0.4640 | train UAR 0.6585 | val UAR 0.6859
  Epoch 16/60 | loss 0.4448 | train UAR 0.6595 | val UAR 0.4835
  Epoch 17/60 | loss 0.4488 | train UAR 0.6549 | val UAR 0.6051
  Epoch 18/60 | loss 0.4383 | train UAR 0.6673 | val UAR 0.7172
  Epoch 19/60 | loss 0.4272 | train UAR 0.6614 | val UAR 0.7222
    ↳ best model saved (UAR 0.7222)
  Epoch 20/60 | loss 0.4121 | train UAR 0.6936 | val UAR 0.6306
  Epoch 21/60 | loss 0.4008 | train UAR 0.7017 | val UAR 0.6886
  Epoch 22/60 | loss 0.4218 | train UAR 0.6841 | val UAR 0.6556
  Epoch 23/60 | loss 0.3899 | train UAR 0.6969 | val UAR 0.7481
    ↳ best model saved (UAR 0.7481)
  Epoch 24/60 | loss 0.3948 | train UAR 0.7096 | val UAR 0.6953
  Epoch 25/60 | loss 0.3848 | train UAR 0.7080 | val UAR 0.7505
    ↳ best model saved (UAR 0.7505)
  Epoch 26/60 | loss 0.3519 | train UAR 0.7392 | val UAR 0.6987
  Epoch 27/60 | loss 0.3816 | train UAR 0.7015 | val UAR 0.7040
  Epoch 28/60 | loss 0.3556 | train UAR 0.7354 | val UAR 0.7269
  Epoch 29/60 | loss 0.3481 | train UAR 0.7322 | val UAR 0.7185
  Epoch 30/60 | loss 0.3404 | train UAR 0.7428 | val UAR 0.6714
  Epoch 31/60 | loss 0.3405 | train UAR 0.7343 | val UAR 0.7485
  Epoch 32/60 | loss 0.3332 | train UAR 0.7379 | val UAR 0.7444
  Epoch 33/60 | loss 0.3216 | train UAR 0.7675 | val UAR 0.7024
  Epoch 34/60 | loss 0.3182 | train UAR 0.7575 | val UAR 0.7367
  Epoch 35/60 | loss 0.3142 | train UAR 0.7652 | val UAR 0.7030
  Epoch 36/60 | loss 0.3070 | train UAR 0.7756 | val UAR 0.7300
  Epoch 37/60 | loss 0.3000 | train UAR 0.7813 | val UAR 0.7199
  Epoch 38/60 | loss 0.3051 | train UAR 0.7744 | val UAR 0.6939
  Epoch 39/60 | loss 0.2786 | train UAR 0.8024 | val UAR 0.7343
  Epoch 40/60 | loss 0.2736 | train UAR 0.7972 | val UAR 0.7175
  Early stopping triggered at epoch 40
  Training plot saved to /home/michraf/Thesis/results/20260626_125023_ConGrAD-TempRel-NoPosEmb/run_0/training.png
              precision    recall  f1-score   support

          HC       0.73      0.67      0.70       110
         MCI       0.72      0.72      0.72        90
    Dementia       0.79      0.89      0.84        66

    accuracy                           0.74       266
   macro avg       0.75      0.76      0.75       266
weighted avg       0.74      0.74      0.74       266

  t-SNE saved to /home/michraf/Thesis/results/20260626_125023_ConGrAD-TempRel-NoPosEmb/run_0/tsne.png
  Graph saved to /home/michraf/Thesis/results/20260626_125023_ConGrAD-TempRel-NoPosEmb/run_0/graph.png

========================================
Run 2/5 (seed=25)
========================================
  Epoch 01/60 | loss 0.7747 | train UAR 0.3358 | val UAR 0.3370
    ↳ best model saved (UAR 0.3370)
  Epoch 02/60 | loss 0.6826 | train UAR 0.3990 | val UAR 0.4687
    ↳ best model saved (UAR 0.4687)
  Epoch 03/60 | loss 0.6422 | train UAR 0.4571 | val UAR 0.4997
    ↳ best model saved (UAR 0.4997)
  Epoch 04/60 | loss 0.5928 | train UAR 0.5109 | val UAR 0.4798
  Epoch 05/60 | loss 0.5734 | train UAR 0.5490 | val UAR 0.6646
    ↳ best model saved (UAR 0.6646)
  Epoch 06/60 | loss 0.5616 | train UAR 0.5540 | val UAR 0.6502
  Epoch 07/60 | loss 0.5577 | train UAR 0.5713 | val UAR 0.7044
    ↳ best model saved (UAR 0.7044)
  Epoch 08/60 | loss 0.5417 | train UAR 0.5783 | val UAR 0.6842
  Epoch 09/60 | loss 0.5296 | train UAR 0.5853 | val UAR 0.6700
  Epoch 10/60 | loss 0.5135 | train UAR 0.6247 | val UAR 0.6424
  Epoch 11/60 | loss 0.5060 | train UAR 0.6215 | val UAR 0.6215
  Epoch 12/60 | loss 0.4944 | train UAR 0.6072 | val UAR 0.7027
  Epoch 13/60 | loss 0.4724 | train UAR 0.6552 | val UAR 0.7202
    ↳ best model saved (UAR 0.7202)
  Epoch 14/60 | loss 0.4566 | train UAR 0.6432 | val UAR 0.7290
    ↳ best model saved (UAR 0.7290)
  Epoch 15/60 | loss 0.4648 | train UAR 0.6526 | val UAR 0.6343
  Epoch 16/60 | loss 0.4622 | train UAR 0.6528 | val UAR 0.6929
  Epoch 17/60 | loss 0.4386 | train UAR 0.6620 | val UAR 0.6912
  Epoch 18/60 | loss 0.4367 | train UAR 0.6695 | val UAR 0.6515
  Epoch 19/60 | loss 0.4403 | train UAR 0.6639 | val UAR 0.7155
  Epoch 20/60 | loss 0.4157 | train UAR 0.6864 | val UAR 0.7003
  Epoch 21/60 | loss 0.4318 | train UAR 0.6778 | val UAR 0.6192
  Epoch 22/60 | loss 0.4286 | train UAR 0.6796 | val UAR 0.6825
  Epoch 23/60 | loss 0.4149 | train UAR 0.6833 | val UAR 0.7104
  Epoch 24/60 | loss 0.4115 | train UAR 0.6858 | val UAR 0.6825
  Epoch 25/60 | loss 0.3932 | train UAR 0.6935 | val UAR 0.6431
  Epoch 26/60 | loss 0.3975 | train UAR 0.6860 | val UAR 0.7131
  Epoch 27/60 | loss 0.3944 | train UAR 0.7039 | val UAR 0.6542
  Epoch 28/60 | loss 0.3715 | train UAR 0.7223 | val UAR 0.6741
  Epoch 29/60 | loss 0.3655 | train UAR 0.7222 | val UAR 0.6865
  Early stopping triggered at epoch 29
  Training plot saved to /home/michraf/Thesis/results/20260626_125023_ConGrAD-TempRel-NoPosEmb/run_1/training.png
              precision    recall  f1-score   support

          HC       0.67      0.58      0.62       110
         MCI       0.67      0.71      0.69        90
    Dementia       0.77      0.88      0.82        66

    accuracy                           0.70       266
   macro avg       0.70      0.72      0.71       266
weighted avg       0.70      0.70      0.70       266

  t-SNE saved to /home/michraf/Thesis/results/20260626_125023_ConGrAD-TempRel-NoPosEmb/run_1/tsne.png
  Graph saved to /home/michraf/Thesis/results/20260626_125023_ConGrAD-TempRel-NoPosEmb/run_1/graph.png

========================================
Run 3/5 (seed=26)
========================================
  Epoch 01/60 | loss 0.7731 | train UAR 0.3432 | val UAR 0.4020
    ↳ best model saved (UAR 0.4020)
  Epoch 02/60 | loss 0.7046 | train UAR 0.3943 | val UAR 0.4677
    ↳ best model saved (UAR 0.4677)
  Epoch 03/60 | loss 0.6540 | train UAR 0.4342 | val UAR 0.4263
  Epoch 04/60 | loss 0.6256 | train UAR 0.4700 | val UAR 0.5485
    ↳ best model saved (UAR 0.5485)
  Epoch 05/60 | loss 0.5884 | train UAR 0.5270 | val UAR 0.4455
  Epoch 06/60 | loss 0.5675 | train UAR 0.5576 | val UAR 0.6239
    ↳ best model saved (UAR 0.6239)
  Epoch 07/60 | loss 0.5622 | train UAR 0.5710 | val UAR 0.6478
    ↳ best model saved (UAR 0.6478)
  Epoch 08/60 | loss 0.5506 | train UAR 0.5650 | val UAR 0.5313
  Epoch 09/60 | loss 0.5467 | train UAR 0.5988 | val UAR 0.4980
  Epoch 10/60 | loss 0.5396 | train UAR 0.5939 | val UAR 0.6727
    ↳ best model saved (UAR 0.6727)
  Epoch 11/60 | loss 0.5170 | train UAR 0.5934 | val UAR 0.6438
  Epoch 12/60 | loss 0.4995 | train UAR 0.6315 | val UAR 0.6862
    ↳ best model saved (UAR 0.6862)
  Epoch 13/60 | loss 0.4759 | train UAR 0.6372 | val UAR 0.6788
  Epoch 14/60 | loss 0.4945 | train UAR 0.6260 | val UAR 0.6539
  Epoch 15/60 | loss 0.4626 | train UAR 0.6697 | val UAR 0.6832
  Epoch 16/60 | loss 0.4579 | train UAR 0.6741 | val UAR 0.6889
    ↳ best model saved (UAR 0.6889)
  Epoch 17/60 | loss 0.4540 | train UAR 0.6622 | val UAR 0.6145
  Epoch 18/60 | loss 0.4339 | train UAR 0.6789 | val UAR 0.6165
  Epoch 19/60 | loss 0.4092 | train UAR 0.6820 | val UAR 0.6684
  Epoch 20/60 | loss 0.4212 | train UAR 0.6683 | val UAR 0.6781
  Epoch 21/60 | loss 0.3964 | train UAR 0.7070 | val UAR 0.6923
    ↳ best model saved (UAR 0.6923)
  Epoch 22/60 | loss 0.3827 | train UAR 0.7157 | val UAR 0.6869
  Epoch 23/60 | loss 0.3914 | train UAR 0.7065 | val UAR 0.7155
    ↳ best model saved (UAR 0.7155)
  Epoch 24/60 | loss 0.3917 | train UAR 0.6980 | val UAR 0.6465
  Epoch 25/60 | loss 0.3727 | train UAR 0.7041 | val UAR 0.6805
  Epoch 26/60 | loss 0.3539 | train UAR 0.7345 | val UAR 0.6609
  Epoch 27/60 | loss 0.3505 | train UAR 0.7358 | val UAR 0.6943
  Epoch 28/60 | loss 0.3369 | train UAR 0.7421 | val UAR 0.7051
  Epoch 29/60 | loss 0.3336 | train UAR 0.7456 | val UAR 0.5609
  Epoch 30/60 | loss 0.3430 | train UAR 0.7401 | val UAR 0.7074
  Epoch 31/60 | loss 0.3136 | train UAR 0.7534 | val UAR 0.6606
  Epoch 32/60 | loss 0.3231 | train UAR 0.7531 | val UAR 0.6653
  Epoch 33/60 | loss 0.2974 | train UAR 0.7886 | val UAR 0.6966
  Epoch 34/60 | loss 0.2989 | train UAR 0.7751 | val UAR 0.6700
  Epoch 35/60 | loss 0.2772 | train UAR 0.7874 | val UAR 0.6552
  Epoch 36/60 | loss 0.2850 | train UAR 0.8006 | val UAR 0.6461
  Epoch 37/60 | loss 0.2572 | train UAR 0.8008 | val UAR 0.6710
  Epoch 38/60 | loss 0.2662 | train UAR 0.8145 | val UAR 0.6822
  Early stopping triggered at epoch 38
  Training plot saved to /home/michraf/Thesis/results/20260626_125023_ConGrAD-TempRel-NoPosEmb/run_2/training.png
              precision    recall  f1-score   support

          HC       0.68      0.47      0.56       110
         MCI       0.60      0.78      0.68        90
    Dementia       0.81      0.89      0.85        66

    accuracy                           0.68       266
   macro avg       0.70      0.71      0.69       266
weighted avg       0.69      0.68      0.67       266

  t-SNE saved to /home/michraf/Thesis/results/20260626_125023_ConGrAD-TempRel-NoPosEmb/run_2/tsne.png
  Graph saved to /home/michraf/Thesis/results/20260626_125023_ConGrAD-TempRel-NoPosEmb/run_2/graph.png

========================================
Run 4/5 (seed=27)
========================================
  Epoch 01/60 | loss 0.7621 | train UAR 0.3360 | val UAR 0.3333
    ↳ best model saved (UAR 0.3333)
  Epoch 02/60 | loss 0.6803 | train UAR 0.3885 | val UAR 0.4330
    ↳ best model saved (UAR 0.4330)
  Epoch 03/60 | loss 0.6317 | train UAR 0.4649 | val UAR 0.5609
    ↳ best model saved (UAR 0.5609)
  Epoch 04/60 | loss 0.5983 | train UAR 0.5070 | val UAR 0.5441
  Epoch 05/60 | loss 0.5901 | train UAR 0.5257 | val UAR 0.6222
    ↳ best model saved (UAR 0.6222)
  Epoch 06/60 | loss 0.5678 | train UAR 0.5527 | val UAR 0.6636
    ↳ best model saved (UAR 0.6636)
  Epoch 07/60 | loss 0.5534 | train UAR 0.5683 | val UAR 0.6407
  Epoch 08/60 | loss 0.5297 | train UAR 0.5897 | val UAR 0.6286
  Epoch 09/60 | loss 0.5340 | train UAR 0.5956 | val UAR 0.7205
    ↳ best model saved (UAR 0.7205)
  Epoch 10/60 | loss 0.4891 | train UAR 0.6246 | val UAR 0.6923
  Epoch 11/60 | loss 0.5056 | train UAR 0.6150 | val UAR 0.6727
  Epoch 12/60 | loss 0.4798 | train UAR 0.6395 | val UAR 0.6636
  Epoch 13/60 | loss 0.4839 | train UAR 0.6408 | val UAR 0.6916
  Epoch 14/60 | loss 0.4643 | train UAR 0.6643 | val UAR 0.6290
  Epoch 15/60 | loss 0.4553 | train UAR 0.6544 | val UAR 0.7172
  Epoch 16/60 | loss 0.4396 | train UAR 0.6583 | val UAR 0.7003
  Epoch 17/60 | loss 0.4495 | train UAR 0.6808 | val UAR 0.7024
  Epoch 18/60 | loss 0.4309 | train UAR 0.6731 | val UAR 0.6515
  Epoch 19/60 | loss 0.4212 | train UAR 0.6815 | val UAR 0.7084
  Epoch 20/60 | loss 0.4152 | train UAR 0.7016 | val UAR 0.7094
  Epoch 21/60 | loss 0.4191 | train UAR 0.6845 | val UAR 0.6606
  Epoch 22/60 | loss 0.3971 | train UAR 0.6968 | val UAR 0.7215
    ↳ best model saved (UAR 0.7215)
  Epoch 23/60 | loss 0.3942 | train UAR 0.6860 | val UAR 0.6623
  Epoch 24/60 | loss 0.3878 | train UAR 0.7132 | val UAR 0.6822
  Epoch 25/60 | loss 0.3681 | train UAR 0.7046 | val UAR 0.7131
  Epoch 26/60 | loss 0.3612 | train UAR 0.7287 | val UAR 0.6801
  Epoch 27/60 | loss 0.3713 | train UAR 0.7013 | val UAR 0.7128
  Epoch 28/60 | loss 0.3496 | train UAR 0.7451 | val UAR 0.7013
  Epoch 29/60 | loss 0.3509 | train UAR 0.7326 | val UAR 0.7242
    ↳ best model saved (UAR 0.7242)
  Epoch 30/60 | loss 0.3292 | train UAR 0.7544 | val UAR 0.7118
  Epoch 31/60 | loss 0.3320 | train UAR 0.7428 | val UAR 0.6976
  Epoch 32/60 | loss 0.3156 | train UAR 0.7577 | val UAR 0.6512
  Epoch 33/60 | loss 0.3422 | train UAR 0.7576 | val UAR 0.7141
  Epoch 34/60 | loss 0.2856 | train UAR 0.7843 | val UAR 0.7168
  Epoch 35/60 | loss 0.2974 | train UAR 0.7685 | val UAR 0.6596
  Epoch 36/60 | loss 0.2862 | train UAR 0.7934 | val UAR 0.7189
  Epoch 37/60 | loss 0.2764 | train UAR 0.8049 | val UAR 0.7121
  Epoch 38/60 | loss 0.2652 | train UAR 0.8070 | val UAR 0.7128
  Epoch 39/60 | loss 0.2670 | train UAR 0.8137 | val UAR 0.7306
    ↳ best model saved (UAR 0.7306)
  Epoch 40/60 | loss 0.2684 | train UAR 0.7944 | val UAR 0.6936
  Epoch 41/60 | loss 0.2470 | train UAR 0.8262 | val UAR 0.7269
  Epoch 42/60 | loss 0.2402 | train UAR 0.8212 | val UAR 0.6700
  Epoch 43/60 | loss 0.2519 | train UAR 0.8236 | val UAR 0.6906
  Epoch 44/60 | loss 0.2331 | train UAR 0.8433 | val UAR 0.6936
  Epoch 45/60 | loss 0.2360 | train UAR 0.8328 | val UAR 0.6387
  Epoch 46/60 | loss 0.2190 | train UAR 0.8391 | val UAR 0.6859
  Epoch 47/60 | loss 0.1971 | train UAR 0.8625 | val UAR 0.7226
  Epoch 48/60 | loss 0.1964 | train UAR 0.8676 | val UAR 0.7020
  Epoch 49/60 | loss 0.1888 | train UAR 0.8693 | val UAR 0.7054
  Epoch 50/60 | loss 0.1749 | train UAR 0.8839 | val UAR 0.7108
  Epoch 51/60 | loss 0.2059 | train UAR 0.8617 | val UAR 0.7044
  Epoch 52/60 | loss 0.1948 | train UAR 0.8746 | val UAR 0.7273
  Epoch 53/60 | loss 0.1644 | train UAR 0.8855 | val UAR 0.7219
  Epoch 54/60 | loss 0.1787 | train UAR 0.8747 | val UAR 0.6626
  Early stopping triggered at epoch 54
  Training plot saved to /home/michraf/Thesis/results/20260626_125023_ConGrAD-TempRel-NoPosEmb/run_3/training.png
              precision    recall  f1-score   support

          HC       0.71      0.58      0.64       110
         MCI       0.62      0.77      0.68        90
    Dementia       0.89      0.86      0.88        66

    accuracy                           0.71       266
   macro avg       0.74      0.74      0.73       266
weighted avg       0.72      0.71      0.71       266

  t-SNE saved to /home/michraf/Thesis/results/20260626_125023_ConGrAD-TempRel-NoPosEmb/run_3/tsne.png
  Graph saved to /home/michraf/Thesis/results/20260626_125023_ConGrAD-TempRel-NoPosEmb/run_3/graph.png

========================================
Run 5/5 (seed=28)
========================================
  Epoch 01/60 | loss 0.7805 | train UAR 0.3329 | val UAR 0.3333
    ↳ best model saved (UAR 0.3333)
  Epoch 02/60 | loss 0.7005 | train UAR 0.3600 | val UAR 0.3919
    ↳ best model saved (UAR 0.3919)
  Epoch 03/60 | loss 0.6239 | train UAR 0.4423 | val UAR 0.5414
    ↳ best model saved (UAR 0.5414)
  Epoch 04/60 | loss 0.6230 | train UAR 0.5086 | val UAR 0.4306
  Epoch 05/60 | loss 0.5803 | train UAR 0.5440 | val UAR 0.6226
    ↳ best model saved (UAR 0.6226)
  Epoch 06/60 | loss 0.5562 | train UAR 0.5582 | val UAR 0.6684
    ↳ best model saved (UAR 0.6684)
  Epoch 07/60 | loss 0.5588 | train UAR 0.5757 | val UAR 0.6609
  Epoch 08/60 | loss 0.5291 | train UAR 0.5955 | val UAR 0.4492
  Epoch 09/60 | loss 0.5139 | train UAR 0.5952 | val UAR 0.4943
  Epoch 10/60 | loss 0.5176 | train UAR 0.6079 | val UAR 0.4673
  Epoch 11/60 | loss 0.5015 | train UAR 0.6143 | val UAR 0.5242
  Epoch 12/60 | loss 0.4726 | train UAR 0.6496 | val UAR 0.6121
  Epoch 13/60 | loss 0.4922 | train UAR 0.6347 | val UAR 0.6731
    ↳ best model saved (UAR 0.6731)
  Epoch 14/60 | loss 0.4752 | train UAR 0.6450 | val UAR 0.6855
    ↳ best model saved (UAR 0.6855)
  Epoch 15/60 | loss 0.4480 | train UAR 0.6585 | val UAR 0.5808
  Epoch 16/60 | loss 0.4415 | train UAR 0.6751 | val UAR 0.6956
    ↳ best model saved (UAR 0.6956)
  Epoch 17/60 | loss 0.4250 | train UAR 0.6921 | val UAR 0.6845
  Epoch 18/60 | loss 0.4174 | train UAR 0.6952 | val UAR 0.7215
    ↳ best model saved (UAR 0.7215)
  Epoch 19/60 | loss 0.4315 | train UAR 0.6685 | val UAR 0.6744
  Epoch 20/60 | loss 0.4181 | train UAR 0.6825 | val UAR 0.7219
    ↳ best model saved (UAR 0.7219)
  Epoch 21/60 | loss 0.4041 | train UAR 0.7074 | val UAR 0.6990
  Epoch 22/60 | loss 0.4046 | train UAR 0.6880 | val UAR 0.7246
    ↳ best model saved (UAR 0.7246)
  Epoch 23/60 | loss 0.3882 | train UAR 0.6985 | val UAR 0.6970
  Epoch 24/60 | loss 0.3719 | train UAR 0.7181 | val UAR 0.6973
  Epoch 25/60 | loss 0.3738 | train UAR 0.7123 | val UAR 0.6798
  Epoch 26/60 | loss 0.3823 | train UAR 0.7133 | val UAR 0.7074
  Epoch 27/60 | loss 0.3593 | train UAR 0.7368 | val UAR 0.6818
  Epoch 28/60 | loss 0.3506 | train UAR 0.7335 | val UAR 0.6963
  Epoch 29/60 | loss 0.3414 | train UAR 0.7513 | val UAR 0.7242
  Epoch 30/60 | loss 0.3461 | train UAR 0.7382 | val UAR 0.7047
  Epoch 31/60 | loss 0.3173 | train UAR 0.7703 | val UAR 0.6926
  Epoch 32/60 | loss 0.3226 | train UAR 0.7760 | val UAR 0.7054
  Epoch 33/60 | loss 0.3022 | train UAR 0.7681 | val UAR 0.7108
  Epoch 34/60 | loss 0.2873 | train UAR 0.7849 | val UAR 0.7094
  Epoch 35/60 | loss 0.2881 | train UAR 0.7907 | val UAR 0.7024
  Epoch 36/60 | loss 0.2831 | train UAR 0.7808 | val UAR 0.7152
  Epoch 37/60 | loss 0.2833 | train UAR 0.7851 | val UAR 0.6791
  Early stopping triggered at epoch 37
  Training plot saved to /home/michraf/Thesis/results/20260626_125023_ConGrAD-TempRel-NoPosEmb/run_4/training.png
              precision    recall  f1-score   support

          HC       0.68      0.68      0.68       110
         MCI       0.63      0.67      0.65        90
    Dementia       0.88      0.80      0.84        66

    accuracy                           0.71       266
   macro avg       0.73      0.72      0.72       266
weighted avg       0.71      0.71      0.71       266

  t-SNE saved to /home/michraf/Thesis/results/20260626_125023_ConGrAD-TempRel-NoPosEmb/run_4/tsne.png
  Graph saved to /home/michraf/Thesis/results/20260626_125023_ConGrAD-TempRel-NoPosEmb/run_4/graph.png

Results saved to /home/michraf/Thesis/results/20260626_125023_ConGrAD-TempRel-NoPosEmb/results.csv
