Run dir: /home/michraf/Thesis/results/20260630_123747_ConGrAD-TempRel-NoPosEmb-NoParPool-SpkNodes-3
Loaded 2203/2204 samples with embeddings
Loaded 266/266 samples with embeddings

==================================================
EXPERIMENT:  ConGrAD-TempRel-NoPosEmb-NoParPool-SpkNodes-3
==================================================
ConGrAD with temporal relations, no positional embeddings, no participant pooling, speaker node representations 

Balanced-MixUp: OFF
Visualizations: ON


==================================================
MODEL ARCHITECTURE & PARAMETERS
==================================================
ConGrAD(
  (audio_proj): Linear(in_features=1026, out_features=128, bias=True)
  (text_proj): Linear(in_features=770, out_features=128, bias=True)
  (co_attn): ModuleList(
    (0-1): 2 x CoAttentionBlock(
      (audio_attn): MultiheadAttention(
        (out_proj): NonDynamicallyQuantizableLinear(in_features=128, out_features=128, bias=True)
      )
      (text_attn): MultiheadAttention(
        (out_proj): NonDynamicallyQuantizableLinear(in_features=128, out_features=128, bias=True)
      )
      (ffn_a): Sequential(
        (0): Linear(in_features=128, out_features=512, bias=True)
        (1): GELU(approximate='none')
        (2): Dropout(p=0.5, inplace=False)
        (3): Linear(in_features=512, out_features=128, bias=True)
      )
      (ffn_t): Sequential(
        (0): Linear(in_features=128, out_features=512, bias=True)
        (1): GELU(approximate='none')
        (2): Dropout(p=0.5, inplace=False)
        (3): Linear(in_features=512, out_features=128, bias=True)
      )
      (norm_a1): LayerNorm((128,), eps=1e-05, elementwise_affine=True)
      (norm_t1): LayerNorm((128,), eps=1e-05, elementwise_affine=True)
      (norm_a2): LayerNorm((128,), eps=1e-05, elementwise_affine=True)
      (norm_t2): LayerNorm((128,), eps=1e-05, elementwise_affine=True)
    )
  )
  (fusion): Linear(in_features=256, out_features=128, bias=True)
  (rgat): RGAT(
    (layers): ModuleList(
      (0-1): 2 x RGATConv(128, 32, heads=4)
    )
    (drop): Dropout(p=0.5, inplace=False)
  )
  (att_score): Linear(in_features=256, out_features=1, bias=True)
  (classifier): Sequential(
    (0): Linear(in_features=256, out_features=128, bias=True)
    (1): GELU(approximate='none')
    (2): Dropout(p=0.5, inplace=False)
    (3): Linear(in_features=128, out_features=3, bias=True)
  )
)
--------------------------------------------------
Total parameters:     1,487,492
Trainable parameters: 1,487,492
Non-trainable params: 0
==================================================


========================================
Run 1/5 (seed=24)
========================================
  Epoch 01/60 | loss 0.7731 | train UAR 0.3375 | val UAR 0.3451
    ↳ best model saved (UAR 0.3451)
  Epoch 02/60 | loss 0.7130 | train UAR 0.3730 | val UAR 0.3465
    ↳ best model saved (UAR 0.3465)
  Epoch 03/60 | loss 0.6455 | train UAR 0.4278 | val UAR 0.5003
    ↳ best model saved (UAR 0.5003)
  Epoch 04/60 | loss 0.6082 | train UAR 0.4925 | val UAR 0.5273
    ↳ best model saved (UAR 0.5273)
  Epoch 05/60 | loss 0.5761 | train UAR 0.5397 | val UAR 0.5727
    ↳ best model saved (UAR 0.5727)
  Epoch 06/60 | loss 0.5652 | train UAR 0.5646 | val UAR 0.6145
    ↳ best model saved (UAR 0.6145)
  Epoch 07/60 | loss 0.5485 | train UAR 0.5693 | val UAR 0.6714
    ↳ best model saved (UAR 0.6714)
  Epoch 08/60 | loss 0.5308 | train UAR 0.5897 | val UAR 0.5609
  Epoch 09/60 | loss 0.5345 | train UAR 0.5840 | val UAR 0.6630
  Epoch 10/60 | loss 0.4977 | train UAR 0.6168 | val UAR 0.6155
  Epoch 11/60 | loss 0.4956 | train UAR 0.6445 | val UAR 0.6269
  Epoch 12/60 | loss 0.4851 | train UAR 0.6280 | val UAR 0.6562
  Epoch 13/60 | loss 0.4651 | train UAR 0.6544 | val UAR 0.6855
    ↳ best model saved (UAR 0.6855)
  Epoch 14/60 | loss 0.4554 | train UAR 0.6581 | val UAR 0.5455
  Epoch 15/60 | loss 0.4434 | train UAR 0.6612 | val UAR 0.6684
  Epoch 16/60 | loss 0.4342 | train UAR 0.6790 | val UAR 0.6781
  Epoch 17/60 | loss 0.4217 | train UAR 0.6880 | val UAR 0.5993
  Epoch 18/60 | loss 0.4260 | train UAR 0.6735 | val UAR 0.6660
  Epoch 19/60 | loss 0.4045 | train UAR 0.7006 | val UAR 0.6865
    ↳ best model saved (UAR 0.6865)
  Epoch 20/60 | loss 0.3889 | train UAR 0.7134 | val UAR 0.6502
  Epoch 21/60 | loss 0.3839 | train UAR 0.7056 | val UAR 0.7185
    ↳ best model saved (UAR 0.7185)
  Epoch 22/60 | loss 0.3823 | train UAR 0.7212 | val UAR 0.6818
  Epoch 23/60 | loss 0.3676 | train UAR 0.7300 | val UAR 0.6912
  Epoch 24/60 | loss 0.3672 | train UAR 0.7306 | val UAR 0.6667
  Epoch 25/60 | loss 0.3466 | train UAR 0.7563 | val UAR 0.6835
  Epoch 26/60 | loss 0.3313 | train UAR 0.7560 | val UAR 0.6818
  Epoch 27/60 | loss 0.3340 | train UAR 0.7422 | val UAR 0.6879
  Epoch 28/60 | loss 0.3279 | train UAR 0.7612 | val UAR 0.6785
  Epoch 29/60 | loss 0.3179 | train UAR 0.7682 | val UAR 0.7010
  Epoch 30/60 | loss 0.3541 | train UAR 0.7421 | val UAR 0.6785
  Epoch 31/60 | loss 0.2986 | train UAR 0.7838 | val UAR 0.6515
  Epoch 32/60 | loss 0.2851 | train UAR 0.7933 | val UAR 0.6758
  Epoch 33/60 | loss 0.3023 | train UAR 0.7856 | val UAR 0.6010
  Epoch 34/60 | loss 0.2826 | train UAR 0.7983 | val UAR 0.6892
  Epoch 35/60 | loss 0.2714 | train UAR 0.8032 | val UAR 0.6983
  Epoch 36/60 | loss 0.2699 | train UAR 0.8046 | val UAR 0.6606
  Early stopping triggered at epoch 36
  Training plot saved to /home/michraf/Thesis/results/20260630_123747_ConGrAD-TempRel-NoPosEmb-NoParPool-SpkNodes-3/run_0/training.png
              precision    recall  f1-score   support

          HC       0.69      0.62      0.65       110
         MCI       0.62      0.70      0.66        90
    Dementia       0.85      0.86      0.86        66

    accuracy                           0.71       266
   macro avg       0.72      0.73      0.72       266
weighted avg       0.71      0.71      0.71       266

  t-SNE saved to /home/michraf/Thesis/results/20260630_123747_ConGrAD-TempRel-NoPosEmb-NoParPool-SpkNodes-3/run_0/tsne.png
  Graph saved to /home/michraf/Thesis/results/20260630_123747_ConGrAD-TempRel-NoPosEmb-NoParPool-SpkNodes-3/run_0/graph.png

========================================
Run 2/5 (seed=25)
========================================
  Epoch 01/60 | loss 0.7828 | train UAR 0.3404 | val UAR 0.3636
    ↳ best model saved (UAR 0.3636)
  Epoch 02/60 | loss 0.6967 | train UAR 0.3790 | val UAR 0.4384
    ↳ best model saved (UAR 0.4384)
  Epoch 03/60 | loss 0.6481 | train UAR 0.4563 | val UAR 0.4936
    ↳ best model saved (UAR 0.4936)
  Epoch 04/60 | loss 0.6060 | train UAR 0.5198 | val UAR 0.4350
  Epoch 05/60 | loss 0.5783 | train UAR 0.5385 | val UAR 0.4337
  Epoch 06/60 | loss 0.5679 | train UAR 0.5468 | val UAR 0.6098
    ↳ best model saved (UAR 0.6098)
  Epoch 07/60 | loss 0.5548 | train UAR 0.5810 | val UAR 0.5047
  Epoch 08/60 | loss 0.5486 | train UAR 0.5766 | val UAR 0.6468
    ↳ best model saved (UAR 0.6468)
  Epoch 09/60 | loss 0.5327 | train UAR 0.5946 | val UAR 0.6731
    ↳ best model saved (UAR 0.6731)
  Epoch 10/60 | loss 0.5266 | train UAR 0.6190 | val UAR 0.6138
  Epoch 11/60 | loss 0.5018 | train UAR 0.6258 | val UAR 0.6704
  Epoch 12/60 | loss 0.4994 | train UAR 0.6212 | val UAR 0.6279
  Epoch 13/60 | loss 0.4844 | train UAR 0.6385 | val UAR 0.7094
    ↳ best model saved (UAR 0.7094)
  Epoch 14/60 | loss 0.4624 | train UAR 0.6523 | val UAR 0.7000
  Epoch 15/60 | loss 0.4657 | train UAR 0.6435 | val UAR 0.6680
  Epoch 16/60 | loss 0.4388 | train UAR 0.6619 | val UAR 0.7293
    ↳ best model saved (UAR 0.7293)
  Epoch 17/60 | loss 0.4356 | train UAR 0.6925 | val UAR 0.7236
  Epoch 18/60 | loss 0.4191 | train UAR 0.6818 | val UAR 0.6987
  Epoch 19/60 | loss 0.4143 | train UAR 0.6890 | val UAR 0.7202
  Epoch 20/60 | loss 0.4020 | train UAR 0.6831 | val UAR 0.7088
  Epoch 21/60 | loss 0.3986 | train UAR 0.7037 | val UAR 0.7054
  Epoch 22/60 | loss 0.3846 | train UAR 0.7002 | val UAR 0.6879
  Epoch 23/60 | loss 0.3633 | train UAR 0.7223 | val UAR 0.6620
  Epoch 24/60 | loss 0.3608 | train UAR 0.7273 | val UAR 0.6936
  Epoch 25/60 | loss 0.3633 | train UAR 0.7181 | val UAR 0.7215
  Epoch 26/60 | loss 0.3475 | train UAR 0.7383 | val UAR 0.7128
  Epoch 27/60 | loss 0.3227 | train UAR 0.7678 | val UAR 0.7101
  Epoch 28/60 | loss 0.3276 | train UAR 0.7340 | val UAR 0.6717
  Epoch 29/60 | loss 0.3127 | train UAR 0.7620 | val UAR 0.7451
    ↳ best model saved (UAR 0.7451)
  Epoch 30/60 | loss 0.3075 | train UAR 0.7697 | val UAR 0.7195
  Epoch 31/60 | loss 0.2790 | train UAR 0.7888 | val UAR 0.7077
  Epoch 32/60 | loss 0.2687 | train UAR 0.8000 | val UAR 0.6960
  Epoch 33/60 | loss 0.2597 | train UAR 0.8119 | val UAR 0.7071
  Epoch 34/60 | loss 0.2502 | train UAR 0.8169 | val UAR 0.6751
  Epoch 35/60 | loss 0.2650 | train UAR 0.8183 | val UAR 0.7064
  Epoch 36/60 | loss 0.2348 | train UAR 0.8310 | val UAR 0.7101
  Epoch 37/60 | loss 0.2174 | train UAR 0.8501 | val UAR 0.6926
  Epoch 38/60 | loss 0.2197 | train UAR 0.8343 | val UAR 0.6458
  Epoch 39/60 | loss 0.1886 | train UAR 0.8689 | val UAR 0.7020
  Epoch 40/60 | loss 0.1994 | train UAR 0.8641 | val UAR 0.6579
  Epoch 41/60 | loss 0.2113 | train UAR 0.8524 | val UAR 0.6923
  Epoch 42/60 | loss 0.1891 | train UAR 0.8672 | val UAR 0.6791
  Epoch 43/60 | loss 0.1739 | train UAR 0.8865 | val UAR 0.6687
  Epoch 44/60 | loss 0.1900 | train UAR 0.8656 | val UAR 0.6633
  Early stopping triggered at epoch 44
  Training plot saved to /home/michraf/Thesis/results/20260630_123747_ConGrAD-TempRel-NoPosEmb-NoParPool-SpkNodes-3/run_1/training.png
              precision    recall  f1-score   support

          HC       0.67      0.73      0.70       110
         MCI       0.75      0.58      0.65        90
    Dementia       0.79      0.94      0.86        66

    accuracy                           0.73       266
   macro avg       0.74      0.75      0.74       266
weighted avg       0.73      0.73      0.72       266

  t-SNE saved to /home/michraf/Thesis/results/20260630_123747_ConGrAD-TempRel-NoPosEmb-NoParPool-SpkNodes-3/run_1/tsne.png
  Graph saved to /home/michraf/Thesis/results/20260630_123747_ConGrAD-TempRel-NoPosEmb-NoParPool-SpkNodes-3/run_1/graph.png

========================================
Run 3/5 (seed=26)
========================================
  Epoch 01/60 | loss 0.7740 | train UAR 0.3381 | val UAR 0.3333
    ↳ best model saved (UAR 0.3333)
  Epoch 02/60 | loss 0.7063 | train UAR 0.3811 | val UAR 0.3333
  Epoch 03/60 | loss 0.6475 | train UAR 0.4347 | val UAR 0.3468
    ↳ best model saved (UAR 0.3468)
  Epoch 04/60 | loss 0.6136 | train UAR 0.4666 | val UAR 0.6327
    ↳ best model saved (UAR 0.6327)
  Epoch 05/60 | loss 0.5984 | train UAR 0.4801 | val UAR 0.4401
  Epoch 06/60 | loss 0.5768 | train UAR 0.5482 | val UAR 0.5337
  Epoch 07/60 | loss 0.5570 | train UAR 0.5680 | val UAR 0.6172
  Epoch 08/60 | loss 0.5298 | train UAR 0.6003 | val UAR 0.6286
  Epoch 09/60 | loss 0.5357 | train UAR 0.5872 | val UAR 0.6051
  Epoch 10/60 | loss 0.5164 | train UAR 0.6176 | val UAR 0.6276
  Epoch 11/60 | loss 0.4963 | train UAR 0.6344 | val UAR 0.6162
  Epoch 12/60 | loss 0.4923 | train UAR 0.6434 | val UAR 0.6404
    ↳ best model saved (UAR 0.6404)
  Epoch 13/60 | loss 0.4935 | train UAR 0.6388 | val UAR 0.6508
    ↳ best model saved (UAR 0.6508)
  Epoch 14/60 | loss 0.4655 | train UAR 0.6533 | val UAR 0.6842
    ↳ best model saved (UAR 0.6842)
  Epoch 15/60 | loss 0.4547 | train UAR 0.6468 | val UAR 0.6582
  Epoch 16/60 | loss 0.4330 | train UAR 0.6821 | val UAR 0.6744
  Epoch 17/60 | loss 0.4368 | train UAR 0.6715 | val UAR 0.6946
    ↳ best model saved (UAR 0.6946)
  Epoch 18/60 | loss 0.4267 | train UAR 0.6860 | val UAR 0.7152
    ↳ best model saved (UAR 0.7152)
  Epoch 19/60 | loss 0.4038 | train UAR 0.6925 | val UAR 0.6859
  Epoch 20/60 | loss 0.3892 | train UAR 0.6982 | val UAR 0.6781
  Epoch 21/60 | loss 0.3857 | train UAR 0.7027 | val UAR 0.7152
  Epoch 22/60 | loss 0.3832 | train UAR 0.7133 | val UAR 0.6660
  Epoch 23/60 | loss 0.3532 | train UAR 0.7407 | val UAR 0.7057
  Epoch 24/60 | loss 0.3456 | train UAR 0.7491 | val UAR 0.6508
  Epoch 25/60 | loss 0.3277 | train UAR 0.7636 | val UAR 0.6788
  Epoch 26/60 | loss 0.3310 | train UAR 0.7480 | val UAR 0.6620
  Epoch 27/60 | loss 0.3108 | train UAR 0.7842 | val UAR 0.6761
  Epoch 28/60 | loss 0.3018 | train UAR 0.7835 | val UAR 0.6902
  Epoch 29/60 | loss 0.3024 | train UAR 0.7627 | val UAR 0.7017
  Epoch 30/60 | loss 0.2764 | train UAR 0.8041 | val UAR 0.7185
    ↳ best model saved (UAR 0.7185)
  Epoch 31/60 | loss 0.2828 | train UAR 0.8060 | val UAR 0.6990
  Epoch 32/60 | loss 0.2504 | train UAR 0.8312 | val UAR 0.7067
  Epoch 33/60 | loss 0.2481 | train UAR 0.8276 | val UAR 0.6586
  Epoch 34/60 | loss 0.2684 | train UAR 0.8096 | val UAR 0.7057
  Epoch 35/60 | loss 0.2311 | train UAR 0.8413 | val UAR 0.6434
  Epoch 36/60 | loss 0.2603 | train UAR 0.8225 | val UAR 0.6892
  Epoch 37/60 | loss 0.2051 | train UAR 0.8685 | val UAR 0.6657
  Epoch 38/60 | loss 0.2053 | train UAR 0.8514 | val UAR 0.7051
  Epoch 39/60 | loss 0.1825 | train UAR 0.8858 | val UAR 0.6239
  Epoch 40/60 | loss 0.2070 | train UAR 0.8598 | val UAR 0.7013
  Epoch 41/60 | loss 0.1657 | train UAR 0.8965 | val UAR 0.6663
  Epoch 42/60 | loss 0.1615 | train UAR 0.8955 | val UAR 0.6902
  Epoch 43/60 | loss 0.1539 | train UAR 0.9098 | val UAR 0.7098
  Epoch 44/60 | loss 0.1486 | train UAR 0.9140 | val UAR 0.6589
  Epoch 45/60 | loss 0.1549 | train UAR 0.9036 | val UAR 0.6758
  Early stopping triggered at epoch 45
  Training plot saved to /home/michraf/Thesis/results/20260630_123747_ConGrAD-TempRel-NoPosEmb-NoParPool-SpkNodes-3/run_2/training.png
              precision    recall  f1-score   support

          HC       0.67      0.60      0.63       110
         MCI       0.62      0.72      0.67        90
    Dementia       0.86      0.83      0.85        66

    accuracy                           0.70       266
   macro avg       0.72      0.72      0.72       266
weighted avg       0.70      0.70      0.70       266

  t-SNE saved to /home/michraf/Thesis/results/20260630_123747_ConGrAD-TempRel-NoPosEmb-NoParPool-SpkNodes-3/run_2/tsne.png
  Graph saved to /home/michraf/Thesis/results/20260630_123747_ConGrAD-TempRel-NoPosEmb-NoParPool-SpkNodes-3/run_2/graph.png

========================================
Run 4/5 (seed=27)
========================================
  Epoch 01/60 | loss 0.7896 | train UAR 0.3319 | val UAR 0.3953
    ↳ best model saved (UAR 0.3953)
  Epoch 02/60 | loss 0.7078 | train UAR 0.4014 | val UAR 0.3407
  Epoch 03/60 | loss 0.6353 | train UAR 0.4553 | val UAR 0.5431
    ↳ best model saved (UAR 0.5431)
  Epoch 04/60 | loss 0.5857 | train UAR 0.5299 | val UAR 0.4805
  Epoch 05/60 | loss 0.5787 | train UAR 0.5356 | val UAR 0.6253
    ↳ best model saved (UAR 0.6253)
  Epoch 06/60 | loss 0.5582 | train UAR 0.5798 | val UAR 0.4290
  Epoch 07/60 | loss 0.5479 | train UAR 0.5865 | val UAR 0.5545
  Epoch 08/60 | loss 0.5375 | train UAR 0.5732 | val UAR 0.4724
  Epoch 09/60 | loss 0.5187 | train UAR 0.6106 | val UAR 0.6758
    ↳ best model saved (UAR 0.6758)
  Epoch 10/60 | loss 0.4984 | train UAR 0.6251 | val UAR 0.6552
  Epoch 11/60 | loss 0.4906 | train UAR 0.6351 | val UAR 0.7074
    ↳ best model saved (UAR 0.7074)
  Epoch 12/60 | loss 0.4857 | train UAR 0.6503 | val UAR 0.6919
  Epoch 13/60 | loss 0.4676 | train UAR 0.6465 | val UAR 0.6754
  Epoch 14/60 | loss 0.4555 | train UAR 0.6753 | val UAR 0.6081
  Epoch 15/60 | loss 0.4476 | train UAR 0.6555 | val UAR 0.6707
  Epoch 16/60 | loss 0.4381 | train UAR 0.6774 | val UAR 0.6646
  Epoch 17/60 | loss 0.4211 | train UAR 0.6768 | val UAR 0.6690
  Epoch 18/60 | loss 0.4061 | train UAR 0.6921 | val UAR 0.5980
  Epoch 19/60 | loss 0.4072 | train UAR 0.6967 | val UAR 0.6471
  Epoch 20/60 | loss 0.4054 | train UAR 0.7040 | val UAR 0.6222
  Epoch 21/60 | loss 0.3810 | train UAR 0.7280 | val UAR 0.6781
  Epoch 22/60 | loss 0.3841 | train UAR 0.7158 | val UAR 0.6606
  Epoch 23/60 | loss 0.3524 | train UAR 0.7340 | val UAR 0.6892
  Epoch 24/60 | loss 0.3436 | train UAR 0.7493 | val UAR 0.6724
  Epoch 25/60 | loss 0.3354 | train UAR 0.7551 | val UAR 0.6694
  Epoch 26/60 | loss 0.3324 | train UAR 0.7433 | val UAR 0.6650
  Early stopping triggered at epoch 26
  Training plot saved to /home/michraf/Thesis/results/20260630_123747_ConGrAD-TempRel-NoPosEmb-NoParPool-SpkNodes-3/run_3/training.png
              precision    recall  f1-score   support

          HC       0.71      0.47      0.57       110
         MCI       0.58      0.84      0.68        90
    Dementia       0.87      0.80      0.83        66

    accuracy                           0.68       266
   macro avg       0.72      0.71      0.70       266
weighted avg       0.70      0.68      0.67       266

  t-SNE saved to /home/michraf/Thesis/results/20260630_123747_ConGrAD-TempRel-NoPosEmb-NoParPool-SpkNodes-3/run_3/tsne.png
  Graph saved to /home/michraf/Thesis/results/20260630_123747_ConGrAD-TempRel-NoPosEmb-NoParPool-SpkNodes-3/run_3/graph.png

========================================
Run 5/5 (seed=28)
========================================
  Epoch 01/60 | loss 0.7766 | train UAR 0.3412 | val UAR 0.3525
    ↳ best model saved (UAR 0.3525)
  Epoch 02/60 | loss 0.6962 | train UAR 0.3879 | val UAR 0.3522
  Epoch 03/60 | loss 0.6354 | train UAR 0.4581 | val UAR 0.6340
    ↳ best model saved (UAR 0.6340)
  Epoch 04/60 | loss 0.5952 | train UAR 0.5005 | val UAR 0.5828
  Epoch 05/60 | loss 0.5883 | train UAR 0.5329 | val UAR 0.5266
  Epoch 06/60 | loss 0.5722 | train UAR 0.5469 | val UAR 0.5323
  Epoch 07/60 | loss 0.5607 | train UAR 0.5681 | val UAR 0.4963
  Epoch 08/60 | loss 0.5451 | train UAR 0.5753 | val UAR 0.4660
  Epoch 09/60 | loss 0.5285 | train UAR 0.6114 | val UAR 0.6707
    ↳ best model saved (UAR 0.6707)
  Epoch 10/60 | loss 0.5221 | train UAR 0.6124 | val UAR 0.6613
  Epoch 11/60 | loss 0.5083 | train UAR 0.6097 | val UAR 0.6902
    ↳ best model saved (UAR 0.6902)
  Epoch 12/60 | loss 0.4935 | train UAR 0.6168 | val UAR 0.6549
  Epoch 13/60 | loss 0.4875 | train UAR 0.6495 | val UAR 0.6700
  Epoch 14/60 | loss 0.4903 | train UAR 0.6418 | val UAR 0.6266
  Epoch 15/60 | loss 0.4754 | train UAR 0.6204 | val UAR 0.7131
    ↳ best model saved (UAR 0.7131)
  Epoch 16/60 | loss 0.4655 | train UAR 0.6610 | val UAR 0.6855
  Epoch 17/60 | loss 0.4314 | train UAR 0.6783 | val UAR 0.7081
  Epoch 18/60 | loss 0.4437 | train UAR 0.6554 | val UAR 0.7013
  Epoch 19/60 | loss 0.4318 | train UAR 0.6710 | val UAR 0.7138
    ↳ best model saved (UAR 0.7138)
  Epoch 20/60 | loss 0.4271 | train UAR 0.6619 | val UAR 0.6886
  Epoch 21/60 | loss 0.4085 | train UAR 0.6874 | val UAR 0.6586
  Epoch 22/60 | loss 0.4006 | train UAR 0.6994 | val UAR 0.6165
  Epoch 23/60 | loss 0.4030 | train UAR 0.6901 | val UAR 0.7007
  Epoch 24/60 | loss 0.3906 | train UAR 0.7225 | val UAR 0.6805
  Epoch 25/60 | loss 0.3921 | train UAR 0.6995 | val UAR 0.7158
    ↳ best model saved (UAR 0.7158)
  Epoch 26/60 | loss 0.3957 | train UAR 0.6981 | val UAR 0.6502
  Epoch 27/60 | loss 0.3742 | train UAR 0.7110 | val UAR 0.6677
  Epoch 28/60 | loss 0.3512 | train UAR 0.7312 | val UAR 0.7017
  Epoch 29/60 | loss 0.3602 | train UAR 0.6951 | val UAR 0.6896
  Epoch 30/60 | loss 0.3330 | train UAR 0.7235 | val UAR 0.7283
    ↳ best model saved (UAR 0.7283)
  Epoch 31/60 | loss 0.3285 | train UAR 0.7409 | val UAR 0.6572
  Epoch 32/60 | loss 0.3238 | train UAR 0.7628 | val UAR 0.7084
  Epoch 33/60 | loss 0.3180 | train UAR 0.7517 | val UAR 0.6825
  Epoch 34/60 | loss 0.3067 | train UAR 0.7558 | val UAR 0.6946
  Epoch 35/60 | loss 0.2966 | train UAR 0.7844 | val UAR 0.6926
  Epoch 36/60 | loss 0.2913 | train UAR 0.7767 | val UAR 0.7303
    ↳ best model saved (UAR 0.7303)
  Epoch 37/60 | loss 0.2997 | train UAR 0.7783 | val UAR 0.6327
  Epoch 38/60 | loss 0.2822 | train UAR 0.7898 | val UAR 0.7037
  Epoch 39/60 | loss 0.2867 | train UAR 0.7889 | val UAR 0.7094
  Epoch 40/60 | loss 0.2614 | train UAR 0.8139 | val UAR 0.6774
  Epoch 41/60 | loss 0.2510 | train UAR 0.8197 | val UAR 0.6697
  Epoch 42/60 | loss 0.2481 | train UAR 0.8029 | val UAR 0.6973
  Epoch 43/60 | loss 0.2457 | train UAR 0.8079 | val UAR 0.7296
  Epoch 44/60 | loss 0.2397 | train UAR 0.8321 | val UAR 0.6391
  Epoch 45/60 | loss 0.2319 | train UAR 0.8154 | val UAR 0.7380
    ↳ best model saved (UAR 0.7380)
  Epoch 46/60 | loss 0.2190 | train UAR 0.8418 | val UAR 0.7451
    ↳ best model saved (UAR 0.7451)
  Epoch 47/60 | loss 0.2167 | train UAR 0.8347 | val UAR 0.6916
  Epoch 48/60 | loss 0.2103 | train UAR 0.8358 | val UAR 0.7152
  Epoch 49/60 | loss 0.1899 | train UAR 0.8719 | val UAR 0.7263
  Epoch 50/60 | loss 0.1898 | train UAR 0.8662 | val UAR 0.6717
  Epoch 51/60 | loss 0.2122 | train UAR 0.8459 | val UAR 0.7407
  Epoch 52/60 | loss 0.1984 | train UAR 0.8679 | val UAR 0.7333
  Epoch 53/60 | loss 0.1721 | train UAR 0.8809 | val UAR 0.7114
  Epoch 54/60 | loss 0.1608 | train UAR 0.8837 | val UAR 0.6862
  Epoch 55/60 | loss 0.1573 | train UAR 0.9007 | val UAR 0.6411
  Epoch 56/60 | loss 0.1978 | train UAR 0.8626 | val UAR 0.6902
  Epoch 57/60 | loss 0.1358 | train UAR 0.9097 | val UAR 0.6774
  Epoch 58/60 | loss 0.1790 | train UAR 0.8864 | val UAR 0.7451
  Epoch 59/60 | loss 0.1418 | train UAR 0.9192 | val UAR 0.6687
  Epoch 60/60 | loss 0.1311 | train UAR 0.9117 | val UAR 0.7226
  Training plot saved to /home/michraf/Thesis/results/20260630_123747_ConGrAD-TempRel-NoPosEmb-NoParPool-SpkNodes-3/run_4/training.png
              precision    recall  f1-score   support

          HC       0.70      0.69      0.70       110
         MCI       0.69      0.71      0.70        90
    Dementia       0.85      0.83      0.84        66

    accuracy                           0.73       266
   macro avg       0.75      0.75      0.75       266
weighted avg       0.73      0.73      0.73       266

  t-SNE saved to /home/michraf/Thesis/results/20260630_123747_ConGrAD-TempRel-NoPosEmb-NoParPool-SpkNodes-3/run_4/tsne.png
  Graph saved to /home/michraf/Thesis/results/20260630_123747_ConGrAD-TempRel-NoPosEmb-NoParPool-SpkNodes-3/run_4/graph.png

AVERAGE PERFORMANCE:
 {'seed': '-', 'UAR': 0.7291, 'accuracy': 0.7098, 'HC_f1': 0.6505, 'MCI_f1': 0.6736, 'Dementia_f1': 0.8477, 'macro_f1': 0.724, 'weighted_f1': 0.7073}

Results saved to /home/michraf/Thesis/results/20260630_123747_ConGrAD-TempRel-NoPosEmb-NoParPool-SpkNodes-3/results.csv
