Run dir: /home/michraf/Thesis/results/20260625_132845_ConGrAD-ForBackEdges
Loaded 2203/2204 samples with embeddings
Loaded 266/266 samples with embeddings

==================================================
EXPERIMENT:  ConGrAD-ForBackEdges
==================================================
ConGrAD, with forward-backward, long-short edges 

Balanced-MixUp: OFF
Visualizations: ON


==================================================
MODEL ARCHITECTURE & PARAMETERS
==================================================
ConGrAD(
  (audio_proj): Linear(in_features=1024, out_features=128, bias=True)
  (text_proj): Linear(in_features=768, out_features=128, bias=True)
  (co_attn): ModuleList(
    (0-1): 2 x CoAttentionBlock(
      (audio_attn): MultiheadAttention(
        (out_proj): NonDynamicallyQuantizableLinear(in_features=128, out_features=128, bias=True)
      )
      (text_attn): MultiheadAttention(
        (out_proj): NonDynamicallyQuantizableLinear(in_features=128, out_features=128, bias=True)
      )
      (ffn_a): Sequential(
        (0): Linear(in_features=128, out_features=512, bias=True)
        (1): GELU(approximate='none')
        (2): Dropout(p=0.5, inplace=False)
        (3): Linear(in_features=512, out_features=128, bias=True)
      )
      (ffn_t): Sequential(
        (0): Linear(in_features=128, out_features=512, bias=True)
        (1): GELU(approximate='none')
        (2): Dropout(p=0.5, inplace=False)
        (3): Linear(in_features=512, out_features=128, bias=True)
      )
      (norm_a1): LayerNorm((128,), eps=1e-05, elementwise_affine=True)
      (norm_t1): LayerNorm((128,), eps=1e-05, elementwise_affine=True)
      (norm_a2): LayerNorm((128,), eps=1e-05, elementwise_affine=True)
      (norm_t2): LayerNorm((128,), eps=1e-05, elementwise_affine=True)
    )
  )
  (fusion): Linear(in_features=256, out_features=128, bias=True)
  (rgat): RGAT(
    (layers): ModuleList(
      (0-1): 2 x RGATConv(128, 32, heads=4)
    )
    (drop): Dropout(p=0.5, inplace=False)
  )
  (att_score): Linear(in_features=256, out_features=1, bias=True)
  (classifier): Sequential(
    (0): Linear(in_features=256, out_features=128, bias=True)
    (1): GELU(approximate='none')
    (2): Dropout(p=0.5, inplace=False)
    (3): Linear(in_features=128, out_features=3, bias=True)
  )
)
--------------------------------------------------
Total parameters:     1,618,052
Trainable parameters: 1,618,052
Non-trainable params: 0
==================================================


========================================
Run 1/5 (seed=24)
========================================
  Epoch 01/60 | loss 0.7778 | train UAR 0.3347 | val UAR 0.3333
    ↳ best model saved (UAR 0.3333)
  Epoch 02/60 | loss 0.7215 | train UAR 0.3411 | val UAR 0.3384
    ↳ best model saved (UAR 0.3384)
  Epoch 03/60 | loss 0.6624 | train UAR 0.4121 | val UAR 0.4704
    ↳ best model saved (UAR 0.4704)
  Epoch 04/60 | loss 0.6168 | train UAR 0.4763 | val UAR 0.5074
    ↳ best model saved (UAR 0.5074)
  Epoch 05/60 | loss 0.5807 | train UAR 0.5283 | val UAR 0.4226
  Epoch 06/60 | loss 0.5746 | train UAR 0.5471 | val UAR 0.5576
    ↳ best model saved (UAR 0.5576)
  Epoch 07/60 | loss 0.5538 | train UAR 0.5538 | val UAR 0.5949
    ↳ best model saved (UAR 0.5949)
  Epoch 08/60 | loss 0.5437 | train UAR 0.5758 | val UAR 0.4949
  Epoch 09/60 | loss 0.5167 | train UAR 0.6131 | val UAR 0.6542
    ↳ best model saved (UAR 0.6542)
  Epoch 10/60 | loss 0.5199 | train UAR 0.5997 | val UAR 0.7088
    ↳ best model saved (UAR 0.7088)
  Epoch 11/60 | loss 0.4986 | train UAR 0.6285 | val UAR 0.6438
  Epoch 12/60 | loss 0.4752 | train UAR 0.6495 | val UAR 0.7279
    ↳ best model saved (UAR 0.7279)
  Epoch 13/60 | loss 0.4671 | train UAR 0.6535 | val UAR 0.7236
  Epoch 14/60 | loss 0.4621 | train UAR 0.6605 | val UAR 0.6613
  Epoch 15/60 | loss 0.4462 | train UAR 0.6697 | val UAR 0.6892
  Epoch 16/60 | loss 0.4362 | train UAR 0.6889 | val UAR 0.6966
  Epoch 17/60 | loss 0.4290 | train UAR 0.7112 | val UAR 0.5502
  Epoch 18/60 | loss 0.4051 | train UAR 0.6951 | val UAR 0.7024
  Epoch 19/60 | loss 0.3917 | train UAR 0.7170 | val UAR 0.7034
  Epoch 20/60 | loss 0.4129 | train UAR 0.6961 | val UAR 0.7290
    ↳ best model saved (UAR 0.7290)
  Epoch 21/60 | loss 0.3804 | train UAR 0.7246 | val UAR 0.6997
  Epoch 22/60 | loss 0.3759 | train UAR 0.7440 | val UAR 0.7303
    ↳ best model saved (UAR 0.7303)
  Epoch 23/60 | loss 0.3548 | train UAR 0.7402 | val UAR 0.7027
  Epoch 24/60 | loss 0.3361 | train UAR 0.7623 | val UAR 0.6306
  Epoch 25/60 | loss 0.3416 | train UAR 0.7512 | val UAR 0.6566
  Epoch 26/60 | loss 0.3596 | train UAR 0.7476 | val UAR 0.6758
  Epoch 27/60 | loss 0.3216 | train UAR 0.7797 | val UAR 0.7091
  Epoch 28/60 | loss 0.3126 | train UAR 0.7791 | val UAR 0.6505
  Epoch 29/60 | loss 0.3123 | train UAR 0.7659 | val UAR 0.7162
  Epoch 30/60 | loss 0.3024 | train UAR 0.7936 | val UAR 0.6808
  Epoch 31/60 | loss 0.2714 | train UAR 0.8119 | val UAR 0.6832
  Epoch 32/60 | loss 0.2732 | train UAR 0.8190 | val UAR 0.6623
  Epoch 33/60 | loss 0.2734 | train UAR 0.8145 | val UAR 0.6875
  Epoch 34/60 | loss 0.2564 | train UAR 0.8265 | val UAR 0.7300
  Epoch 35/60 | loss 0.2614 | train UAR 0.8130 | val UAR 0.6717
  Epoch 36/60 | loss 0.2478 | train UAR 0.8269 | val UAR 0.6485
  Epoch 37/60 | loss 0.2438 | train UAR 0.8350 | val UAR 0.6461
  Early stopping triggered at epoch 37
  Training plot saved to /home/michraf/Thesis/results/20260625_132845_ConGrAD-ForBackEdges/run_0/training.png
              precision    recall  f1-score   support

          HC       0.75      0.52      0.61       110
         MCI       0.60      0.83      0.70        90
    Dementia       0.83      0.83      0.83        66

    accuracy                           0.70       266
   macro avg       0.73      0.73      0.72       266
weighted avg       0.72      0.70      0.70       266

  t-SNE saved to /home/michraf/Thesis/results/20260625_132845_ConGrAD-ForBackEdges/run_0/tsne.png
  Graph saved to /home/michraf/Thesis/results/20260625_132845_ConGrAD-ForBackEdges/run_0/graph.png

========================================
Run 2/5 (seed=25)
========================================
  Epoch 01/60 | loss 0.7842 | train UAR 0.3299 | val UAR 0.3333
    ↳ best model saved (UAR 0.3333)
  Epoch 02/60 | loss 0.7072 | train UAR 0.3640 | val UAR 0.3471
    ↳ best model saved (UAR 0.3471)
  Epoch 03/60 | loss 0.6397 | train UAR 0.4306 | val UAR 0.4394
    ↳ best model saved (UAR 0.4394)
  Epoch 04/60 | loss 0.6046 | train UAR 0.4928 | val UAR 0.4852
    ↳ best model saved (UAR 0.4852)
  Epoch 05/60 | loss 0.5788 | train UAR 0.5198 | val UAR 0.4259
  Epoch 06/60 | loss 0.5535 | train UAR 0.5799 | val UAR 0.5589
    ↳ best model saved (UAR 0.5589)
  Epoch 07/60 | loss 0.5435 | train UAR 0.5746 | val UAR 0.6374
    ↳ best model saved (UAR 0.6374)
  Epoch 08/60 | loss 0.5360 | train UAR 0.5937 | val UAR 0.5367
  Epoch 09/60 | loss 0.5258 | train UAR 0.6102 | val UAR 0.6596
    ↳ best model saved (UAR 0.6596)
  Epoch 10/60 | loss 0.5062 | train UAR 0.6095 | val UAR 0.7098
    ↳ best model saved (UAR 0.7098)
  Epoch 11/60 | loss 0.4871 | train UAR 0.6510 | val UAR 0.6242
  Epoch 12/60 | loss 0.4905 | train UAR 0.6317 | val UAR 0.6215
  Epoch 13/60 | loss 0.4701 | train UAR 0.6447 | val UAR 0.7141
    ↳ best model saved (UAR 0.7141)
  Epoch 14/60 | loss 0.4676 | train UAR 0.6420 | val UAR 0.7242
    ↳ best model saved (UAR 0.7242)
  Epoch 15/60 | loss 0.4417 | train UAR 0.6777 | val UAR 0.7054
  Epoch 16/60 | loss 0.4437 | train UAR 0.6720 | val UAR 0.7024
  Epoch 17/60 | loss 0.4162 | train UAR 0.6875 | val UAR 0.6714
  Epoch 18/60 | loss 0.4099 | train UAR 0.7042 | val UAR 0.6953
  Epoch 19/60 | loss 0.4130 | train UAR 0.7007 | val UAR 0.6960
  Epoch 20/60 | loss 0.3806 | train UAR 0.7170 | val UAR 0.7088
  Epoch 21/60 | loss 0.3834 | train UAR 0.7233 | val UAR 0.6640
  Epoch 22/60 | loss 0.3775 | train UAR 0.7199 | val UAR 0.7313
    ↳ best model saved (UAR 0.7313)
  Epoch 23/60 | loss 0.3617 | train UAR 0.7362 | val UAR 0.6970
  Epoch 24/60 | loss 0.3429 | train UAR 0.7488 | val UAR 0.6737
  Epoch 25/60 | loss 0.3484 | train UAR 0.7544 | val UAR 0.6539
  Epoch 26/60 | loss 0.3344 | train UAR 0.7639 | val UAR 0.6263
  Epoch 27/60 | loss 0.3212 | train UAR 0.7700 | val UAR 0.6923
  Epoch 28/60 | loss 0.3126 | train UAR 0.7748 | val UAR 0.7165
  Epoch 29/60 | loss 0.2871 | train UAR 0.7932 | val UAR 0.7081
  Epoch 30/60 | loss 0.3039 | train UAR 0.7830 | val UAR 0.6690
  Epoch 31/60 | loss 0.2999 | train UAR 0.7788 | val UAR 0.6633
  Epoch 32/60 | loss 0.2731 | train UAR 0.7968 | val UAR 0.6727
  Epoch 33/60 | loss 0.2842 | train UAR 0.8008 | val UAR 0.6933
  Epoch 34/60 | loss 0.2593 | train UAR 0.8164 | val UAR 0.7455
    ↳ best model saved (UAR 0.7455)
  Epoch 35/60 | loss 0.2687 | train UAR 0.8066 | val UAR 0.6906
  Epoch 36/60 | loss 0.2634 | train UAR 0.8077 | val UAR 0.6960
  Epoch 37/60 | loss 0.2451 | train UAR 0.8280 | val UAR 0.6953
  Epoch 38/60 | loss 0.2355 | train UAR 0.8332 | val UAR 0.7030
  Epoch 39/60 | loss 0.2672 | train UAR 0.8169 | val UAR 0.6539
  Epoch 40/60 | loss 0.2405 | train UAR 0.8346 | val UAR 0.7047
  Epoch 41/60 | loss 0.2400 | train UAR 0.8362 | val UAR 0.7199
  Epoch 42/60 | loss 0.2114 | train UAR 0.8639 | val UAR 0.6505
  Epoch 43/60 | loss 0.2209 | train UAR 0.8559 | val UAR 0.6963
  Epoch 44/60 | loss 0.2218 | train UAR 0.8504 | val UAR 0.6970
  Epoch 45/60 | loss 0.1953 | train UAR 0.8774 | val UAR 0.6832
  Epoch 46/60 | loss 0.2153 | train UAR 0.8598 | val UAR 0.6923
  Epoch 47/60 | loss 0.1885 | train UAR 0.8816 | val UAR 0.6963
  Epoch 48/60 | loss 0.1847 | train UAR 0.8833 | val UAR 0.6387
  Epoch 49/60 | loss 0.1936 | train UAR 0.8784 | val UAR 0.6603
  Early stopping triggered at epoch 49
  Training plot saved to /home/michraf/Thesis/results/20260625_132845_ConGrAD-ForBackEdges/run_1/training.png
              precision    recall  f1-score   support

          HC       0.79      0.53      0.63       110
         MCI       0.61      0.81      0.70        90
    Dementia       0.82      0.91      0.86        66

    accuracy                           0.72       266
   macro avg       0.74      0.75      0.73       266
weighted avg       0.74      0.72      0.71       266

  t-SNE saved to /home/michraf/Thesis/results/20260625_132845_ConGrAD-ForBackEdges/run_1/tsne.png
  Graph saved to /home/michraf/Thesis/results/20260625_132845_ConGrAD-ForBackEdges/run_1/graph.png

========================================
Run 3/5 (seed=26)
========================================
  Epoch 01/60 | loss 0.7895 | train UAR 0.3382 | val UAR 0.3333
    ↳ best model saved (UAR 0.3333)
  Epoch 02/60 | loss 0.7112 | train UAR 0.3505 | val UAR 0.3522
    ↳ best model saved (UAR 0.3522)
  Epoch 03/60 | loss 0.6495 | train UAR 0.4503 | val UAR 0.3539
    ↳ best model saved (UAR 0.3539)
  Epoch 04/60 | loss 0.6055 | train UAR 0.4685 | val UAR 0.5902
    ↳ best model saved (UAR 0.5902)
  Epoch 05/60 | loss 0.5826 | train UAR 0.5424 | val UAR 0.6101
    ↳ best model saved (UAR 0.6101)
  Epoch 06/60 | loss 0.5629 | train UAR 0.5682 | val UAR 0.5630
  Epoch 07/60 | loss 0.5612 | train UAR 0.5784 | val UAR 0.6242
    ↳ best model saved (UAR 0.6242)
  Epoch 08/60 | loss 0.5278 | train UAR 0.6078 | val UAR 0.5633
  Epoch 09/60 | loss 0.5334 | train UAR 0.6031 | val UAR 0.7084
    ↳ best model saved (UAR 0.7084)
  Epoch 10/60 | loss 0.5091 | train UAR 0.5814 | val UAR 0.5596
  Epoch 11/60 | loss 0.5041 | train UAR 0.6058 | val UAR 0.6966
  Epoch 12/60 | loss 0.4940 | train UAR 0.6447 | val UAR 0.6923
  Epoch 13/60 | loss 0.4635 | train UAR 0.6453 | val UAR 0.6872
  Epoch 14/60 | loss 0.4660 | train UAR 0.6565 | val UAR 0.6609
  Epoch 15/60 | loss 0.4556 | train UAR 0.6736 | val UAR 0.6556
  Epoch 16/60 | loss 0.4354 | train UAR 0.6836 | val UAR 0.7178
    ↳ best model saved (UAR 0.7178)
  Epoch 17/60 | loss 0.4364 | train UAR 0.6688 | val UAR 0.6741
  Epoch 18/60 | loss 0.4037 | train UAR 0.6906 | val UAR 0.7165
  Epoch 19/60 | loss 0.4065 | train UAR 0.6859 | val UAR 0.6939
  Epoch 20/60 | loss 0.3936 | train UAR 0.6995 | val UAR 0.7138
  Epoch 21/60 | loss 0.3810 | train UAR 0.7265 | val UAR 0.6869
  Epoch 22/60 | loss 0.3654 | train UAR 0.7434 | val UAR 0.7000
  Epoch 23/60 | loss 0.3529 | train UAR 0.7348 | val UAR 0.7003
  Epoch 24/60 | loss 0.3374 | train UAR 0.7463 | val UAR 0.6616
  Epoch 25/60 | loss 0.3617 | train UAR 0.7218 | val UAR 0.6842
  Epoch 26/60 | loss 0.3353 | train UAR 0.7490 | val UAR 0.6630
  Epoch 27/60 | loss 0.3128 | train UAR 0.7628 | val UAR 0.7192
    ↳ best model saved (UAR 0.7192)
  Epoch 28/60 | loss 0.3336 | train UAR 0.7570 | val UAR 0.7111
  Epoch 29/60 | loss 0.3067 | train UAR 0.7867 | val UAR 0.7135
  Epoch 30/60 | loss 0.2898 | train UAR 0.7720 | val UAR 0.7141
  Epoch 31/60 | loss 0.2714 | train UAR 0.8125 | val UAR 0.6902
  Epoch 32/60 | loss 0.2697 | train UAR 0.8115 | val UAR 0.6795
  Epoch 33/60 | loss 0.2591 | train UAR 0.8006 | val UAR 0.7108
  Epoch 34/60 | loss 0.2657 | train UAR 0.8123 | val UAR 0.6912
  Epoch 35/60 | loss 0.2411 | train UAR 0.8157 | val UAR 0.6943
  Epoch 36/60 | loss 0.2209 | train UAR 0.8441 | val UAR 0.7323
    ↳ best model saved (UAR 0.7323)
  Epoch 37/60 | loss 0.2598 | train UAR 0.8253 | val UAR 0.7040
  Epoch 38/60 | loss 0.2023 | train UAR 0.8643 | val UAR 0.6633
  Epoch 39/60 | loss 0.1996 | train UAR 0.8724 | val UAR 0.6879
  Epoch 40/60 | loss 0.1935 | train UAR 0.8773 | val UAR 0.7391
    ↳ best model saved (UAR 0.7391)
  Epoch 41/60 | loss 0.1785 | train UAR 0.8711 | val UAR 0.6973
  Epoch 42/60 | loss 0.1875 | train UAR 0.8641 | val UAR 0.7444
    ↳ best model saved (UAR 0.7444)
  Epoch 43/60 | loss 0.1678 | train UAR 0.8930 | val UAR 0.6973
  Epoch 44/60 | loss 0.1613 | train UAR 0.8923 | val UAR 0.7145
  Epoch 45/60 | loss 0.1611 | train UAR 0.8894 | val UAR 0.6983
  Epoch 46/60 | loss 0.1435 | train UAR 0.9088 | val UAR 0.7215
  Epoch 47/60 | loss 0.1709 | train UAR 0.8888 | val UAR 0.7010
  Epoch 48/60 | loss 0.1312 | train UAR 0.9200 | val UAR 0.6953
  Epoch 49/60 | loss 0.1206 | train UAR 0.9206 | val UAR 0.7088
  Epoch 50/60 | loss 0.1219 | train UAR 0.9282 | val UAR 0.7337
  Epoch 51/60 | loss 0.1337 | train UAR 0.9251 | val UAR 0.6660
  Epoch 52/60 | loss 0.1256 | train UAR 0.9239 | val UAR 0.6983
  Epoch 53/60 | loss 0.1078 | train UAR 0.9396 | val UAR 0.6976
  Epoch 54/60 | loss 0.1053 | train UAR 0.9303 | val UAR 0.7051
  Epoch 55/60 | loss 0.1100 | train UAR 0.9341 | val UAR 0.6448
  Epoch 56/60 | loss 0.0977 | train UAR 0.9436 | val UAR 0.6909
  Epoch 57/60 | loss 0.0746 | train UAR 0.9594 | val UAR 0.7168
  Early stopping triggered at epoch 57
  Training plot saved to /home/michraf/Thesis/results/20260625_132845_ConGrAD-ForBackEdges/run_2/training.png
              precision    recall  f1-score   support

          HC       0.73      0.55      0.63       110
         MCI       0.63      0.80      0.71        90
    Dementia       0.84      0.88      0.86        66

    accuracy                           0.72       266
   macro avg       0.74      0.74      0.73       266
weighted avg       0.73      0.72      0.71       266

  t-SNE saved to /home/michraf/Thesis/results/20260625_132845_ConGrAD-ForBackEdges/run_2/tsne.png
  Graph saved to /home/michraf/Thesis/results/20260625_132845_ConGrAD-ForBackEdges/run_2/graph.png

========================================
Run 4/5 (seed=27)
========================================
  Epoch 01/60 | loss 0.7833 | train UAR 0.3297 | val UAR 0.3333
    ↳ best model saved (UAR 0.3333)
  Epoch 02/60 | loss 0.7242 | train UAR 0.3482 | val UAR 0.4350
    ↳ best model saved (UAR 0.4350)
  Epoch 03/60 | loss 0.6763 | train UAR 0.3881 | val UAR 0.3333
  Epoch 04/60 | loss 0.6267 | train UAR 0.4335 | val UAR 0.3835
  Epoch 05/60 | loss 0.6032 | train UAR 0.4726 | val UAR 0.5684
    ↳ best model saved (UAR 0.5684)
  Epoch 06/60 | loss 0.5713 | train UAR 0.5396 | val UAR 0.6360
    ↳ best model saved (UAR 0.6360)
  Epoch 07/60 | loss 0.5653 | train UAR 0.5450 | val UAR 0.5768
  Epoch 08/60 | loss 0.5652 | train UAR 0.5563 | val UAR 0.6192
  Epoch 09/60 | loss 0.5309 | train UAR 0.5735 | val UAR 0.6582
    ↳ best model saved (UAR 0.6582)
  Epoch 10/60 | loss 0.5205 | train UAR 0.5992 | val UAR 0.6128
  Epoch 11/60 | loss 0.5048 | train UAR 0.6021 | val UAR 0.6670
    ↳ best model saved (UAR 0.6670)
  Epoch 12/60 | loss 0.5017 | train UAR 0.6134 | val UAR 0.6539
  Epoch 13/60 | loss 0.5018 | train UAR 0.6116 | val UAR 0.6754
    ↳ best model saved (UAR 0.6754)
  Epoch 14/60 | loss 0.4744 | train UAR 0.6313 | val UAR 0.6960
    ↳ best model saved (UAR 0.6960)
  Epoch 15/60 | loss 0.4610 | train UAR 0.6398 | val UAR 0.6987
    ↳ best model saved (UAR 0.6987)
  Epoch 16/60 | loss 0.4503 | train UAR 0.6619 | val UAR 0.6832
  Epoch 17/60 | loss 0.4381 | train UAR 0.6561 | val UAR 0.7010
    ↳ best model saved (UAR 0.7010)
  Epoch 18/60 | loss 0.4274 | train UAR 0.6790 | val UAR 0.6886
  Epoch 19/60 | loss 0.4308 | train UAR 0.6709 | val UAR 0.6872
  Epoch 20/60 | loss 0.4135 | train UAR 0.6941 | val UAR 0.6778
  Epoch 21/60 | loss 0.3929 | train UAR 0.7032 | val UAR 0.7061
    ↳ best model saved (UAR 0.7061)
  Epoch 22/60 | loss 0.3930 | train UAR 0.7073 | val UAR 0.6966
  Epoch 23/60 | loss 0.3907 | train UAR 0.6955 | val UAR 0.7081
    ↳ best model saved (UAR 0.7081)
  Epoch 24/60 | loss 0.3737 | train UAR 0.7197 | val UAR 0.6623
  Epoch 25/60 | loss 0.3684 | train UAR 0.7271 | val UAR 0.6141
  Epoch 26/60 | loss 0.3580 | train UAR 0.7339 | val UAR 0.7118
    ↳ best model saved (UAR 0.7118)
  Epoch 27/60 | loss 0.3406 | train UAR 0.7536 | val UAR 0.6808
  Epoch 28/60 | loss 0.3328 | train UAR 0.7512 | val UAR 0.7145
    ↳ best model saved (UAR 0.7145)
  Epoch 29/60 | loss 0.3233 | train UAR 0.7586 | val UAR 0.6943
  Epoch 30/60 | loss 0.3257 | train UAR 0.7446 | val UAR 0.7172
    ↳ best model saved (UAR 0.7172)
  Epoch 31/60 | loss 0.3020 | train UAR 0.7730 | val UAR 0.7172
  Epoch 32/60 | loss 0.3012 | train UAR 0.7702 | val UAR 0.7219
    ↳ best model saved (UAR 0.7219)
  Epoch 33/60 | loss 0.2949 | train UAR 0.7890 | val UAR 0.6943
  Epoch 34/60 | loss 0.2827 | train UAR 0.7890 | val UAR 0.7189
  Epoch 35/60 | loss 0.2676 | train UAR 0.8026 | val UAR 0.7088
  Epoch 36/60 | loss 0.2954 | train UAR 0.7829 | val UAR 0.7027
  Epoch 37/60 | loss 0.2793 | train UAR 0.7938 | val UAR 0.7175
  Epoch 38/60 | loss 0.2763 | train UAR 0.7800 | val UAR 0.7064
  Epoch 39/60 | loss 0.2508 | train UAR 0.8293 | val UAR 0.6367
  Epoch 40/60 | loss 0.2549 | train UAR 0.7987 | val UAR 0.7098
  Epoch 41/60 | loss 0.2489 | train UAR 0.8132 | val UAR 0.7195
  Epoch 42/60 | loss 0.2366 | train UAR 0.8275 | val UAR 0.7152
  Epoch 43/60 | loss 0.2271 | train UAR 0.8452 | val UAR 0.6226
  Epoch 44/60 | loss 0.2441 | train UAR 0.8133 | val UAR 0.6795
  Epoch 45/60 | loss 0.2132 | train UAR 0.8516 | val UAR 0.7067
  Epoch 46/60 | loss 0.1954 | train UAR 0.8532 | val UAR 0.6515
  Epoch 47/60 | loss 0.2045 | train UAR 0.8395 | val UAR 0.6916
  Early stopping triggered at epoch 47
  Training plot saved to /home/michraf/Thesis/results/20260625_132845_ConGrAD-ForBackEdges/run_3/training.png
              precision    recall  f1-score   support

          HC       0.65      0.72      0.68       110
         MCI       0.69      0.58      0.63        90
    Dementia       0.84      0.88      0.86        66

    accuracy                           0.71       266
   macro avg       0.73      0.72      0.72       266
weighted avg       0.71      0.71      0.71       266

  t-SNE saved to /home/michraf/Thesis/results/20260625_132845_ConGrAD-ForBackEdges/run_3/tsne.png
  Graph saved to /home/michraf/Thesis/results/20260625_132845_ConGrAD-ForBackEdges/run_3/graph.png

========================================
Run 5/5 (seed=28)
========================================
  Epoch 01/60 | loss 0.7761 | train UAR 0.3340 | val UAR 0.3333
    ↳ best model saved (UAR 0.3333)
  Epoch 02/60 | loss 0.6978 | train UAR 0.3484 | val UAR 0.4397
    ↳ best model saved (UAR 0.4397)
  Epoch 03/60 | loss 0.6597 | train UAR 0.4063 | val UAR 0.4071
  Epoch 04/60 | loss 0.6219 | train UAR 0.4646 | val UAR 0.4616
    ↳ best model saved (UAR 0.4616)
  Epoch 05/60 | loss 0.5805 | train UAR 0.5021 | val UAR 0.5670
    ↳ best model saved (UAR 0.5670)
  Epoch 06/60 | loss 0.5737 | train UAR 0.5387 | val UAR 0.5865
    ↳ best model saved (UAR 0.5865)
  Epoch 07/60 | loss 0.5732 | train UAR 0.5458 | val UAR 0.5737
  Epoch 08/60 | loss 0.5487 | train UAR 0.5688 | val UAR 0.5980
    ↳ best model saved (UAR 0.5980)
  Epoch 09/60 | loss 0.5389 | train UAR 0.5814 | val UAR 0.5532
  Epoch 10/60 | loss 0.5266 | train UAR 0.6052 | val UAR 0.5808
  Epoch 11/60 | loss 0.5191 | train UAR 0.6080 | val UAR 0.6731
    ↳ best model saved (UAR 0.6731)
  Epoch 12/60 | loss 0.4955 | train UAR 0.6331 | val UAR 0.6596
  Epoch 13/60 | loss 0.4724 | train UAR 0.6360 | val UAR 0.6822
    ↳ best model saved (UAR 0.6822)
  Epoch 14/60 | loss 0.4747 | train UAR 0.6532 | val UAR 0.6960
    ↳ best model saved (UAR 0.6960)
  Epoch 15/60 | loss 0.4639 | train UAR 0.6670 | val UAR 0.7088
    ↳ best model saved (UAR 0.7088)
  Epoch 16/60 | loss 0.4517 | train UAR 0.6682 | val UAR 0.7104
    ↳ best model saved (UAR 0.7104)
  Epoch 17/60 | loss 0.4458 | train UAR 0.6573 | val UAR 0.7286
    ↳ best model saved (UAR 0.7286)
  Epoch 18/60 | loss 0.4306 | train UAR 0.6833 | val UAR 0.7138
  Epoch 19/60 | loss 0.4156 | train UAR 0.6978 | val UAR 0.7202
  Epoch 20/60 | loss 0.4255 | train UAR 0.6740 | val UAR 0.6892
  Epoch 21/60 | loss 0.4035 | train UAR 0.7005 | val UAR 0.7286
  Epoch 22/60 | loss 0.3947 | train UAR 0.7069 | val UAR 0.7057
  Epoch 23/60 | loss 0.3782 | train UAR 0.7235 | val UAR 0.6761
  Epoch 24/60 | loss 0.3734 | train UAR 0.7369 | val UAR 0.6263
  Epoch 25/60 | loss 0.3931 | train UAR 0.7005 | val UAR 0.7071
  Epoch 26/60 | loss 0.3588 | train UAR 0.7343 | val UAR 0.6956
  Epoch 27/60 | loss 0.3491 | train UAR 0.7464 | val UAR 0.7279
  Epoch 28/60 | loss 0.3445 | train UAR 0.7472 | val UAR 0.7091
  Epoch 29/60 | loss 0.3326 | train UAR 0.7590 | val UAR 0.7101
  Epoch 30/60 | loss 0.3214 | train UAR 0.7623 | val UAR 0.7202
  Epoch 31/60 | loss 0.3174 | train UAR 0.7714 | val UAR 0.6741
  Epoch 32/60 | loss 0.3082 | train UAR 0.7739 | val UAR 0.6680
  Early stopping triggered at epoch 32
  Training plot saved to /home/michraf/Thesis/results/20260625_132845_ConGrAD-ForBackEdges/run_4/training.png
              precision    recall  f1-score   support

          HC       0.67      0.73      0.70       110
         MCI       0.65      0.64      0.65        90
    Dementia       0.93      0.82      0.87        66

    accuracy                           0.72       266
   macro avg       0.75      0.73      0.74       266
weighted avg       0.73      0.72      0.72       266

  t-SNE saved to /home/michraf/Thesis/results/20260625_132845_ConGrAD-ForBackEdges/run_4/tsne.png
  Graph saved to /home/michraf/Thesis/results/20260625_132845_ConGrAD-ForBackEdges/run_4/graph.png

Results saved to /home/michraf/Thesis/results/20260625_132845_ConGrAD-ForBackEdges/results.csv
