Run dir: /home/michraf/Thesis/results/20260626_182808_ConGrAD-TempRel-NoPosEmb-NoParPool-NoSkipEdge
Loaded 2203/2204 samples with embeddings
Loaded 266/266 samples with embeddings

==================================================
EXPERIMENT:  ConGrAD-TempRel-NoPosEmb-NoParPool-NoSkipEdge
==================================================
ConGrAD with temporal relations, no positional embeddings, no participant pooling no skip-edges 

Balanced-MixUp: OFF
Visualizations: ON


==================================================
MODEL ARCHITECTURE & PARAMETERS
==================================================
ConGrAD(
  (audio_proj): Linear(in_features=1024, out_features=128, bias=True)
  (text_proj): Linear(in_features=768, out_features=128, bias=True)
  (co_attn): ModuleList(
    (0-1): 2 x CoAttentionBlock(
      (audio_attn): MultiheadAttention(
        (out_proj): NonDynamicallyQuantizableLinear(in_features=128, out_features=128, bias=True)
      )
      (text_attn): MultiheadAttention(
        (out_proj): NonDynamicallyQuantizableLinear(in_features=128, out_features=128, bias=True)
      )
      (ffn_a): Sequential(
        (0): Linear(in_features=128, out_features=512, bias=True)
        (1): GELU(approximate='none')
        (2): Dropout(p=0.5, inplace=False)
        (3): Linear(in_features=512, out_features=128, bias=True)
      )
      (ffn_t): Sequential(
        (0): Linear(in_features=128, out_features=512, bias=True)
        (1): GELU(approximate='none')
        (2): Dropout(p=0.5, inplace=False)
        (3): Linear(in_features=512, out_features=128, bias=True)
      )
      (norm_a1): LayerNorm((128,), eps=1e-05, elementwise_affine=True)
      (norm_t1): LayerNorm((128,), eps=1e-05, elementwise_affine=True)
      (norm_a2): LayerNorm((128,), eps=1e-05, elementwise_affine=True)
      (norm_t2): LayerNorm((128,), eps=1e-05, elementwise_affine=True)
    )
  )
  (fusion): Linear(in_features=256, out_features=128, bias=True)
  (rgat): RGAT(
    (layers): ModuleList(
      (0-1): 2 x RGATConv(128, 32, heads=4)
    )
    (drop): Dropout(p=0.5, inplace=False)
  )
  (att_score): Linear(in_features=256, out_features=1, bias=True)
  (classifier): Sequential(
    (0): Linear(in_features=256, out_features=128, bias=True)
    (1): GELU(approximate='none')
    (2): Dropout(p=0.5, inplace=False)
    (3): Linear(in_features=128, out_features=3, bias=True)
  )
)
--------------------------------------------------
Total parameters:     2,666,628
Trainable parameters: 2,666,628
Non-trainable params: 0
==================================================


========================================
Run 1/5 (seed=24)
========================================
  Epoch 01/60 | loss 0.7759 | train UAR 0.3349 | val UAR 0.3333
    ↳ best model saved (UAR 0.3333)
  Epoch 02/60 | loss 0.6910 | train UAR 0.3878 | val UAR 0.4182
    ↳ best model saved (UAR 0.4182)
  Epoch 03/60 | loss 0.6396 | train UAR 0.4272 | val UAR 0.4660
    ↳ best model saved (UAR 0.4660)
  Epoch 04/60 | loss 0.5935 | train UAR 0.4913 | val UAR 0.6492
    ↳ best model saved (UAR 0.6492)
  Epoch 05/60 | loss 0.5744 | train UAR 0.5176 | val UAR 0.4549
  Epoch 06/60 | loss 0.5821 | train UAR 0.5400 | val UAR 0.4966
  Epoch 07/60 | loss 0.5749 | train UAR 0.5597 | val UAR 0.6067
  Epoch 08/60 | loss 0.5494 | train UAR 0.5621 | val UAR 0.6286
  Epoch 09/60 | loss 0.5220 | train UAR 0.5833 | val UAR 0.6721
    ↳ best model saved (UAR 0.6721)
  Epoch 10/60 | loss 0.5150 | train UAR 0.6040 | val UAR 0.6620
  Epoch 11/60 | loss 0.5275 | train UAR 0.5708 | val UAR 0.6168
  Epoch 12/60 | loss 0.4915 | train UAR 0.6310 | val UAR 0.7091
    ↳ best model saved (UAR 0.7091)
  Epoch 13/60 | loss 0.5097 | train UAR 0.6233 | val UAR 0.6394
  Epoch 14/60 | loss 0.4865 | train UAR 0.6166 | val UAR 0.6697
  Epoch 15/60 | loss 0.4617 | train UAR 0.6612 | val UAR 0.5936
  Epoch 16/60 | loss 0.4487 | train UAR 0.6629 | val UAR 0.6354
  Epoch 17/60 | loss 0.4389 | train UAR 0.6597 | val UAR 0.6485
  Epoch 18/60 | loss 0.4378 | train UAR 0.6698 | val UAR 0.6579
  Epoch 19/60 | loss 0.4280 | train UAR 0.6737 | val UAR 0.6838
  Epoch 20/60 | loss 0.4301 | train UAR 0.6663 | val UAR 0.6148
  Epoch 21/60 | loss 0.4163 | train UAR 0.6749 | val UAR 0.6727
  Epoch 22/60 | loss 0.4220 | train UAR 0.6728 | val UAR 0.6397
  Epoch 23/60 | loss 0.3880 | train UAR 0.6985 | val UAR 0.7114
    ↳ best model saved (UAR 0.7114)
  Epoch 24/60 | loss 0.3892 | train UAR 0.7196 | val UAR 0.6633
  Epoch 25/60 | loss 0.3705 | train UAR 0.7177 | val UAR 0.7209
    ↳ best model saved (UAR 0.7209)
  Epoch 26/60 | loss 0.3656 | train UAR 0.7255 | val UAR 0.7229
    ↳ best model saved (UAR 0.7229)
  Epoch 27/60 | loss 0.3580 | train UAR 0.7291 | val UAR 0.7074
  Epoch 28/60 | loss 0.3519 | train UAR 0.7404 | val UAR 0.6946
  Epoch 29/60 | loss 0.3550 | train UAR 0.7168 | val UAR 0.7293
    ↳ best model saved (UAR 0.7293)
  Epoch 30/60 | loss 0.3386 | train UAR 0.7522 | val UAR 0.6882
  Epoch 31/60 | loss 0.3299 | train UAR 0.7544 | val UAR 0.6862
  Epoch 32/60 | loss 0.3164 | train UAR 0.7695 | val UAR 0.7411
    ↳ best model saved (UAR 0.7411)
  Epoch 33/60 | loss 0.3020 | train UAR 0.7778 | val UAR 0.6845
  Epoch 34/60 | loss 0.2972 | train UAR 0.7961 | val UAR 0.7195
  Epoch 35/60 | loss 0.2914 | train UAR 0.7852 | val UAR 0.6734
  Epoch 36/60 | loss 0.2876 | train UAR 0.7986 | val UAR 0.6973
  Epoch 37/60 | loss 0.2659 | train UAR 0.8220 | val UAR 0.6966
  Epoch 38/60 | loss 0.2722 | train UAR 0.8073 | val UAR 0.6966
  Epoch 39/60 | loss 0.2714 | train UAR 0.8059 | val UAR 0.6926
  Epoch 40/60 | loss 0.2320 | train UAR 0.8381 | val UAR 0.6609
  Epoch 41/60 | loss 0.2278 | train UAR 0.8470 | val UAR 0.6892
  Epoch 42/60 | loss 0.2192 | train UAR 0.8472 | val UAR 0.6781
  Epoch 43/60 | loss 0.2194 | train UAR 0.8550 | val UAR 0.6808
  Epoch 44/60 | loss 0.2264 | train UAR 0.8585 | val UAR 0.6828
  Epoch 45/60 | loss 0.2066 | train UAR 0.8546 | val UAR 0.6886
  Epoch 46/60 | loss 0.2071 | train UAR 0.8718 | val UAR 0.6663
  Epoch 47/60 | loss 0.1971 | train UAR 0.8730 | val UAR 0.7209
  Early stopping triggered at epoch 47
  Training plot saved to /home/michraf/Thesis/results/20260626_182808_ConGrAD-TempRel-NoPosEmb-NoParPool-NoSkipEdge/run_0/training.png
              precision    recall  f1-score   support

          HC       0.81      0.42      0.55       110
         MCI       0.57      0.90      0.70        90
    Dementia       0.87      0.89      0.88        66

    accuracy                           0.70       266
   macro avg       0.75      0.74      0.71       266
weighted avg       0.74      0.70      0.68       266

  t-SNE saved to /home/michraf/Thesis/results/20260626_182808_ConGrAD-TempRel-NoPosEmb-NoParPool-NoSkipEdge/run_0/tsne.png
  Graph saved to /home/michraf/Thesis/results/20260626_182808_ConGrAD-TempRel-NoPosEmb-NoParPool-NoSkipEdge/run_0/graph.png

========================================
Run 2/5 (seed=25)
========================================
  Epoch 01/60 | loss 0.7712 | train UAR 0.3372 | val UAR 0.3444
    ↳ best model saved (UAR 0.3444)
  Epoch 02/60 | loss 0.6895 | train UAR 0.3810 | val UAR 0.4572
    ↳ best model saved (UAR 0.4572)
  Epoch 03/60 | loss 0.6498 | train UAR 0.4568 | val UAR 0.4182
  Epoch 04/60 | loss 0.5989 | train UAR 0.4849 | val UAR 0.4912
    ↳ best model saved (UAR 0.4912)
  Epoch 05/60 | loss 0.5867 | train UAR 0.5193 | val UAR 0.6118
    ↳ best model saved (UAR 0.6118)
  Epoch 06/60 | loss 0.5690 | train UAR 0.5471 | val UAR 0.6316
    ↳ best model saved (UAR 0.6316)
  Epoch 07/60 | loss 0.5637 | train UAR 0.5738 | val UAR 0.6599
    ↳ best model saved (UAR 0.6599)
  Epoch 08/60 | loss 0.5357 | train UAR 0.5865 | val UAR 0.6939
    ↳ best model saved (UAR 0.6939)
  Epoch 09/60 | loss 0.5235 | train UAR 0.6130 | val UAR 0.6980
    ↳ best model saved (UAR 0.6980)
  Epoch 10/60 | loss 0.5058 | train UAR 0.6170 | val UAR 0.7104
    ↳ best model saved (UAR 0.7104)
  Epoch 11/60 | loss 0.5007 | train UAR 0.6349 | val UAR 0.6481
  Epoch 12/60 | loss 0.4890 | train UAR 0.6133 | val UAR 0.6747
  Epoch 13/60 | loss 0.4740 | train UAR 0.6657 | val UAR 0.6997
  Epoch 14/60 | loss 0.4513 | train UAR 0.6609 | val UAR 0.6774
  Epoch 15/60 | loss 0.4575 | train UAR 0.6530 | val UAR 0.6471
  Epoch 16/60 | loss 0.4546 | train UAR 0.6626 | val UAR 0.7024
  Epoch 17/60 | loss 0.4433 | train UAR 0.6693 | val UAR 0.7172
    ↳ best model saved (UAR 0.7172)
  Epoch 18/60 | loss 0.4159 | train UAR 0.6864 | val UAR 0.6259
  Epoch 19/60 | loss 0.4284 | train UAR 0.6733 | val UAR 0.7118
  Epoch 20/60 | loss 0.3969 | train UAR 0.7003 | val UAR 0.6680
  Epoch 21/60 | loss 0.3917 | train UAR 0.7106 | val UAR 0.6485
  Epoch 22/60 | loss 0.3925 | train UAR 0.7133 | val UAR 0.6788
  Epoch 23/60 | loss 0.3953 | train UAR 0.7089 | val UAR 0.7037
  Epoch 24/60 | loss 0.3540 | train UAR 0.7264 | val UAR 0.6953
  Epoch 25/60 | loss 0.3590 | train UAR 0.7437 | val UAR 0.6374
  Epoch 26/60 | loss 0.3532 | train UAR 0.7539 | val UAR 0.7030
  Epoch 27/60 | loss 0.3491 | train UAR 0.7432 | val UAR 0.7199
    ↳ best model saved (UAR 0.7199)
  Epoch 28/60 | loss 0.3436 | train UAR 0.7500 | val UAR 0.6778
  Epoch 29/60 | loss 0.3314 | train UAR 0.7560 | val UAR 0.7182
  Epoch 30/60 | loss 0.3117 | train UAR 0.7685 | val UAR 0.7104
  Epoch 31/60 | loss 0.2893 | train UAR 0.7998 | val UAR 0.7263
    ↳ best model saved (UAR 0.7263)
  Epoch 32/60 | loss 0.2909 | train UAR 0.7883 | val UAR 0.7104
  Epoch 33/60 | loss 0.2817 | train UAR 0.7948 | val UAR 0.6687
  Epoch 34/60 | loss 0.2863 | train UAR 0.7966 | val UAR 0.7047
  Epoch 35/60 | loss 0.2711 | train UAR 0.8071 | val UAR 0.7128
  Epoch 36/60 | loss 0.2608 | train UAR 0.8186 | val UAR 0.7273
    ↳ best model saved (UAR 0.7273)
  Epoch 37/60 | loss 0.2565 | train UAR 0.8167 | val UAR 0.7034
  Epoch 38/60 | loss 0.2474 | train UAR 0.8302 | val UAR 0.6960
  Epoch 39/60 | loss 0.2278 | train UAR 0.8340 | val UAR 0.6801
  Epoch 40/60 | loss 0.2233 | train UAR 0.8503 | val UAR 0.6956
  Epoch 41/60 | loss 0.2198 | train UAR 0.8461 | val UAR 0.6865
  Epoch 42/60 | loss 0.1932 | train UAR 0.8685 | val UAR 0.7077
  Epoch 43/60 | loss 0.1867 | train UAR 0.8705 | val UAR 0.6249
  Epoch 44/60 | loss 0.2016 | train UAR 0.8681 | val UAR 0.7034
  Epoch 45/60 | loss 0.1897 | train UAR 0.8699 | val UAR 0.6943
  Epoch 46/60 | loss 0.1744 | train UAR 0.8945 | val UAR 0.6215
  Epoch 47/60 | loss 0.1830 | train UAR 0.8851 | val UAR 0.6923
  Epoch 48/60 | loss 0.1652 | train UAR 0.8857 | val UAR 0.6754
  Epoch 49/60 | loss 0.1831 | train UAR 0.8784 | val UAR 0.6798
  Epoch 50/60 | loss 0.1766 | train UAR 0.8888 | val UAR 0.6646
  Epoch 51/60 | loss 0.1687 | train UAR 0.8928 | val UAR 0.7088
  Early stopping triggered at epoch 51
  Training plot saved to /home/michraf/Thesis/results/20260626_182808_ConGrAD-TempRel-NoPosEmb-NoParPool-NoSkipEdge/run_1/training.png
              precision    recall  f1-score   support

          HC       0.65      0.75      0.69       110
         MCI       0.69      0.63      0.66        90
    Dementia       0.93      0.80      0.86        66

    accuracy                           0.72       266
   macro avg       0.76      0.73      0.74       266
weighted avg       0.73      0.72      0.72       266

  t-SNE saved to /home/michraf/Thesis/results/20260626_182808_ConGrAD-TempRel-NoPosEmb-NoParPool-NoSkipEdge/run_1/tsne.png
  Graph saved to /home/michraf/Thesis/results/20260626_182808_ConGrAD-TempRel-NoPosEmb-NoParPool-NoSkipEdge/run_1/graph.png

========================================
Run 3/5 (seed=26)
========================================
  Epoch 01/60 | loss 0.7661 | train UAR 0.3459 | val UAR 0.3919
    ↳ best model saved (UAR 0.3919)
  Epoch 02/60 | loss 0.7064 | train UAR 0.4085 | val UAR 0.4508
    ↳ best model saved (UAR 0.4508)
  Epoch 03/60 | loss 0.6590 | train UAR 0.4444 | val UAR 0.4219
  Epoch 04/60 | loss 0.6214 | train UAR 0.4701 | val UAR 0.5165
    ↳ best model saved (UAR 0.5165)
  Epoch 05/60 | loss 0.5922 | train UAR 0.5147 | val UAR 0.4071
  Epoch 06/60 | loss 0.5544 | train UAR 0.5614 | val UAR 0.5451
    ↳ best model saved (UAR 0.5451)
  Epoch 07/60 | loss 0.5634 | train UAR 0.5814 | val UAR 0.5148
  Epoch 08/60 | loss 0.5393 | train UAR 0.5656 | val UAR 0.6114
    ↳ best model saved (UAR 0.6114)
  Epoch 09/60 | loss 0.5352 | train UAR 0.5985 | val UAR 0.5468
  Epoch 10/60 | loss 0.5308 | train UAR 0.5915 | val UAR 0.6768
    ↳ best model saved (UAR 0.6768)
  Epoch 11/60 | loss 0.5134 | train UAR 0.6083 | val UAR 0.6000
  Epoch 12/60 | loss 0.4895 | train UAR 0.6313 | val UAR 0.6566
  Epoch 13/60 | loss 0.4894 | train UAR 0.6362 | val UAR 0.5468
  Epoch 14/60 | loss 0.4850 | train UAR 0.6435 | val UAR 0.6330
  Epoch 15/60 | loss 0.4520 | train UAR 0.6675 | val UAR 0.6175
  Epoch 16/60 | loss 0.4561 | train UAR 0.6671 | val UAR 0.6764
  Epoch 17/60 | loss 0.4522 | train UAR 0.6682 | val UAR 0.6313
  Epoch 18/60 | loss 0.4343 | train UAR 0.6764 | val UAR 0.6778
    ↳ best model saved (UAR 0.6778)
  Epoch 19/60 | loss 0.4031 | train UAR 0.6917 | val UAR 0.6209
  Epoch 20/60 | loss 0.4003 | train UAR 0.6953 | val UAR 0.6586
  Epoch 21/60 | loss 0.3828 | train UAR 0.7146 | val UAR 0.6552
  Epoch 22/60 | loss 0.3582 | train UAR 0.7221 | val UAR 0.6838
    ↳ best model saved (UAR 0.6838)
  Epoch 23/60 | loss 0.3816 | train UAR 0.7064 | val UAR 0.6707
  Epoch 24/60 | loss 0.3624 | train UAR 0.7228 | val UAR 0.5973
  Epoch 25/60 | loss 0.3498 | train UAR 0.7287 | val UAR 0.6912
    ↳ best model saved (UAR 0.6912)
  Epoch 26/60 | loss 0.3309 | train UAR 0.7550 | val UAR 0.6663
  Epoch 27/60 | loss 0.3168 | train UAR 0.7638 | val UAR 0.6694
  Epoch 28/60 | loss 0.3033 | train UAR 0.7924 | val UAR 0.6465
  Epoch 29/60 | loss 0.2980 | train UAR 0.7927 | val UAR 0.6266
  Epoch 30/60 | loss 0.2875 | train UAR 0.7834 | val UAR 0.7047
    ↳ best model saved (UAR 0.7047)
  Epoch 31/60 | loss 0.2680 | train UAR 0.8153 | val UAR 0.6663
  Epoch 32/60 | loss 0.3082 | train UAR 0.7825 | val UAR 0.6330
  Epoch 33/60 | loss 0.2535 | train UAR 0.8355 | val UAR 0.6434
  Epoch 34/60 | loss 0.2841 | train UAR 0.8095 | val UAR 0.6788
  Epoch 35/60 | loss 0.2429 | train UAR 0.8291 | val UAR 0.6434
  Epoch 36/60 | loss 0.2409 | train UAR 0.8204 | val UAR 0.6276
  Epoch 37/60 | loss 0.2133 | train UAR 0.8603 | val UAR 0.6872
  Epoch 38/60 | loss 0.2046 | train UAR 0.8726 | val UAR 0.7027
  Epoch 39/60 | loss 0.1949 | train UAR 0.8767 | val UAR 0.6566
  Epoch 40/60 | loss 0.1730 | train UAR 0.8911 | val UAR 0.6582
  Epoch 41/60 | loss 0.2053 | train UAR 0.8689 | val UAR 0.6296
  Epoch 42/60 | loss 0.1875 | train UAR 0.8857 | val UAR 0.6168
  Epoch 43/60 | loss 0.1785 | train UAR 0.8884 | val UAR 0.6155
  Epoch 44/60 | loss 0.1543 | train UAR 0.9075 | val UAR 0.6828
  Epoch 45/60 | loss 0.1611 | train UAR 0.9060 | val UAR 0.5865
  Early stopping triggered at epoch 45
  Training plot saved to /home/michraf/Thesis/results/20260626_182808_ConGrAD-TempRel-NoPosEmb-NoParPool-NoSkipEdge/run_2/training.png
              precision    recall  f1-score   support

          HC       0.68      0.58      0.63       110
         MCI       0.59      0.68      0.63        90
    Dementia       0.84      0.86      0.85        66

    accuracy                           0.68       266
   macro avg       0.70      0.71      0.70       266
weighted avg       0.69      0.68      0.68       266

  t-SNE saved to /home/michraf/Thesis/results/20260626_182808_ConGrAD-TempRel-NoPosEmb-NoParPool-NoSkipEdge/run_2/tsne.png
  Graph saved to /home/michraf/Thesis/results/20260626_182808_ConGrAD-TempRel-NoPosEmb-NoParPool-NoSkipEdge/run_2/graph.png

========================================
Run 4/5 (seed=27)
========================================
  Epoch 01/60 | loss 0.7591 | train UAR 0.3355 | val UAR 0.3370
    ↳ best model saved (UAR 0.3370)
  Epoch 02/60 | loss 0.6808 | train UAR 0.3916 | val UAR 0.3677
    ↳ best model saved (UAR 0.3677)
  Epoch 03/60 | loss 0.6352 | train UAR 0.4623 | val UAR 0.5899
    ↳ best model saved (UAR 0.5899)
  Epoch 04/60 | loss 0.5988 | train UAR 0.5117 | val UAR 0.5404
  Epoch 05/60 | loss 0.6018 | train UAR 0.5259 | val UAR 0.6118
    ↳ best model saved (UAR 0.6118)
  Epoch 06/60 | loss 0.5691 | train UAR 0.5517 | val UAR 0.6552
    ↳ best model saved (UAR 0.6552)
  Epoch 07/60 | loss 0.5581 | train UAR 0.5668 | val UAR 0.6323
  Epoch 08/60 | loss 0.5225 | train UAR 0.6047 | val UAR 0.6680
    ↳ best model saved (UAR 0.6680)
  Epoch 09/60 | loss 0.5272 | train UAR 0.5961 | val UAR 0.6872
    ↳ best model saved (UAR 0.6872)
  Epoch 10/60 | loss 0.5046 | train UAR 0.6202 | val UAR 0.6970
    ↳ best model saved (UAR 0.6970)
  Epoch 11/60 | loss 0.5042 | train UAR 0.6203 | val UAR 0.6663
  Epoch 12/60 | loss 0.4778 | train UAR 0.6519 | val UAR 0.6616
  Epoch 13/60 | loss 0.4721 | train UAR 0.6362 | val UAR 0.6855
  Epoch 14/60 | loss 0.4566 | train UAR 0.6627 | val UAR 0.6461
  Epoch 15/60 | loss 0.4471 | train UAR 0.6521 | val UAR 0.7094
    ↳ best model saved (UAR 0.7094)
  Epoch 16/60 | loss 0.4380 | train UAR 0.6762 | val UAR 0.6700
  Epoch 17/60 | loss 0.4386 | train UAR 0.6859 | val UAR 0.6912
  Epoch 18/60 | loss 0.4353 | train UAR 0.6832 | val UAR 0.6246
  Epoch 19/60 | loss 0.4147 | train UAR 0.6938 | val UAR 0.7024
  Epoch 20/60 | loss 0.4044 | train UAR 0.7049 | val UAR 0.6875
  Epoch 21/60 | loss 0.4078 | train UAR 0.6922 | val UAR 0.6801
  Epoch 22/60 | loss 0.3891 | train UAR 0.7146 | val UAR 0.7552
    ↳ best model saved (UAR 0.7552)
  Epoch 23/60 | loss 0.3814 | train UAR 0.7056 | val UAR 0.6933
  Epoch 24/60 | loss 0.3833 | train UAR 0.7148 | val UAR 0.6387
  Epoch 25/60 | loss 0.3676 | train UAR 0.7147 | val UAR 0.7330
  Epoch 26/60 | loss 0.3553 | train UAR 0.7233 | val UAR 0.6657
  Epoch 27/60 | loss 0.3644 | train UAR 0.7227 | val UAR 0.7030
  Epoch 28/60 | loss 0.3391 | train UAR 0.7475 | val UAR 0.6828
  Epoch 29/60 | loss 0.3326 | train UAR 0.7586 | val UAR 0.6987
  Epoch 30/60 | loss 0.3157 | train UAR 0.7580 | val UAR 0.7054
  Epoch 31/60 | loss 0.3131 | train UAR 0.7591 | val UAR 0.6916
  Epoch 32/60 | loss 0.3176 | train UAR 0.7464 | val UAR 0.6354
  Epoch 33/60 | loss 0.3169 | train UAR 0.7638 | val UAR 0.7259
  Epoch 34/60 | loss 0.2781 | train UAR 0.7830 | val UAR 0.6973
  Epoch 35/60 | loss 0.2682 | train UAR 0.8013 | val UAR 0.6909
  Epoch 36/60 | loss 0.2606 | train UAR 0.8052 | val UAR 0.7182
  Epoch 37/60 | loss 0.2625 | train UAR 0.8164 | val UAR 0.7293
  Early stopping triggered at epoch 37
  Training plot saved to /home/michraf/Thesis/results/20260626_182808_ConGrAD-TempRel-NoPosEmb-NoParPool-NoSkipEdge/run_3/training.png
              precision    recall  f1-score   support

          HC       0.76      0.57      0.65       110
         MCI       0.67      0.73      0.70        90
    Dementia       0.73      0.94      0.82        66

    accuracy                           0.72       266
   macro avg       0.72      0.75      0.73       266
weighted avg       0.72      0.72      0.71       266

  t-SNE saved to /home/michraf/Thesis/results/20260626_182808_ConGrAD-TempRel-NoPosEmb-NoParPool-NoSkipEdge/run_3/tsne.png
  Graph saved to /home/michraf/Thesis/results/20260626_182808_ConGrAD-TempRel-NoPosEmb-NoParPool-NoSkipEdge/run_3/graph.png

========================================
Run 5/5 (seed=28)
========================================
  Epoch 01/60 | loss 0.7793 | train UAR 0.3350 | val UAR 0.3333
    ↳ best model saved (UAR 0.3333)
  Epoch 02/60 | loss 0.7066 | train UAR 0.3525 | val UAR 0.3956
    ↳ best model saved (UAR 0.3956)
  Epoch 03/60 | loss 0.6235 | train UAR 0.4366 | val UAR 0.5293
    ↳ best model saved (UAR 0.5293)
  Epoch 04/60 | loss 0.6260 | train UAR 0.4934 | val UAR 0.4987
  Epoch 05/60 | loss 0.5809 | train UAR 0.5268 | val UAR 0.5882
    ↳ best model saved (UAR 0.5882)
  Epoch 06/60 | loss 0.5592 | train UAR 0.5466 | val UAR 0.6532
    ↳ best model saved (UAR 0.6532)
  Epoch 07/60 | loss 0.5657 | train UAR 0.5804 | val UAR 0.6758
    ↳ best model saved (UAR 0.6758)
  Epoch 08/60 | loss 0.5388 | train UAR 0.6049 | val UAR 0.4370
  Epoch 09/60 | loss 0.5220 | train UAR 0.5956 | val UAR 0.4296
  Epoch 10/60 | loss 0.5306 | train UAR 0.5948 | val UAR 0.4912
  Epoch 11/60 | loss 0.4970 | train UAR 0.6208 | val UAR 0.6007
  Epoch 12/60 | loss 0.4827 | train UAR 0.6322 | val UAR 0.6199
  Epoch 13/60 | loss 0.4771 | train UAR 0.6339 | val UAR 0.7242
    ↳ best model saved (UAR 0.7242)
  Epoch 14/60 | loss 0.4689 | train UAR 0.6361 | val UAR 0.6680
  Epoch 15/60 | loss 0.4432 | train UAR 0.6543 | val UAR 0.5822
  Epoch 16/60 | loss 0.4502 | train UAR 0.6587 | val UAR 0.6909
  Epoch 17/60 | loss 0.4215 | train UAR 0.6752 | val UAR 0.6670
  Epoch 18/60 | loss 0.4122 | train UAR 0.6887 | val UAR 0.6865
  Epoch 19/60 | loss 0.4295 | train UAR 0.6616 | val UAR 0.7138
  Epoch 20/60 | loss 0.4173 | train UAR 0.6832 | val UAR 0.6973
  Epoch 21/60 | loss 0.3859 | train UAR 0.7173 | val UAR 0.6545
  Epoch 22/60 | loss 0.3819 | train UAR 0.7216 | val UAR 0.6798
  Epoch 23/60 | loss 0.3852 | train UAR 0.7017 | val UAR 0.6670
  Epoch 24/60 | loss 0.3698 | train UAR 0.7288 | val UAR 0.6949
  Epoch 25/60 | loss 0.3548 | train UAR 0.7322 | val UAR 0.7131
  Epoch 26/60 | loss 0.3480 | train UAR 0.7287 | val UAR 0.6407
  Epoch 27/60 | loss 0.3515 | train UAR 0.7396 | val UAR 0.6660
  Epoch 28/60 | loss 0.3371 | train UAR 0.7261 | val UAR 0.6222
  Early stopping triggered at epoch 28
  Training plot saved to /home/michraf/Thesis/results/20260626_182808_ConGrAD-TempRel-NoPosEmb-NoParPool-NoSkipEdge/run_4/training.png
              precision    recall  f1-score   support

          HC       0.78      0.51      0.62       110
         MCI       0.60      0.82      0.69        90
    Dementia       0.80      0.86      0.83        66

    accuracy                           0.70       266
   macro avg       0.73      0.73      0.71       266
weighted avg       0.72      0.70      0.70       266

  t-SNE saved to /home/michraf/Thesis/results/20260626_182808_ConGrAD-TempRel-NoPosEmb-NoParPool-NoSkipEdge/run_4/tsne.png
  Graph saved to /home/michraf/Thesis/results/20260626_182808_ConGrAD-TempRel-NoPosEmb-NoParPool-NoSkipEdge/run_4/graph.png

AVERAGE PERFORMANCE:
 {'seed': '-', 'UAR': 0.7305, 'accuracy': 0.7052, 'HC_f1': 0.6283, 'MCI_f1': 0.6772, 'Dementia_f1': 0.8493, 'macro_f1': 0.7183, 'weighted_f1': 0.6997}

Results saved to /home/michraf/Thesis/results/20260626_182808_ConGrAD-TempRel-NoPosEmb-NoParPool-NoSkipEdge/results.csv
