Run dir: /home/michraf/Thesis/results/20260619_174300_ConGrAD-alt
Loaded 2203/2204 samples with embeddings
Loaded 266/266 samples with embeddings

==================================================
EXPERIMENT:  ConGrAD-alt
==================================================
ConGrAD, with adjustments 

Balanced-MixUp: OFF
Visualizations: ON


==================================================
MODEL ARCHITECTURE & PARAMETERS
==================================================
ConGrAD(
  (audio_proj): Linear(in_features=1024, out_features=128, bias=True)
  (text_proj): Linear(in_features=768, out_features=128, bias=True)
  (co_attn): ModuleList(
    (0-1): 2 x CoAttentionBlock(
      (audio_attn): MultiheadAttention(
        (out_proj): NonDynamicallyQuantizableLinear(in_features=128, out_features=128, bias=True)
      )
      (text_attn): MultiheadAttention(
        (out_proj): NonDynamicallyQuantizableLinear(in_features=128, out_features=128, bias=True)
      )
      (ffn_a): Sequential(
        (0): Linear(in_features=128, out_features=512, bias=True)
        (1): GELU(approximate='none')
        (2): Dropout(p=0.5, inplace=False)
        (3): Linear(in_features=512, out_features=128, bias=True)
      )
      (ffn_t): Sequential(
        (0): Linear(in_features=128, out_features=512, bias=True)
        (1): GELU(approximate='none')
        (2): Dropout(p=0.5, inplace=False)
        (3): Linear(in_features=512, out_features=128, bias=True)
      )
      (norm_a1): LayerNorm((128,), eps=1e-05, elementwise_affine=True)
      (norm_t1): LayerNorm((128,), eps=1e-05, elementwise_affine=True)
      (norm_a2): LayerNorm((128,), eps=1e-05, elementwise_affine=True)
      (norm_t2): LayerNorm((128,), eps=1e-05, elementwise_affine=True)
    )
  )
  (fusion): Linear(in_features=256, out_features=128, bias=True)
  (rgat): RGAT(
    (layers): ModuleList(
      (0-1): 2 x RGATConv(128, 32, heads=4)
    )
    (norms): ModuleList(
      (0-1): 2 x LayerNorm((128,), eps=1e-05, elementwise_affine=True)
    )
    (drop): Dropout(p=0.5, inplace=False)
  )
  (att_score): Linear(in_features=256, out_features=1, bias=True)
  (classifier): Sequential(
    (0): Linear(in_features=256, out_features=128, bias=True)
    (1): GELU(approximate='none')
    (2): Dropout(p=0.5, inplace=False)
    (3): Linear(in_features=128, out_features=3, bias=True)
  )
)
--------------------------------------------------
Total parameters:     1,225,348
Trainable parameters: 1,225,348
Non-trainable params: 0
==================================================


========================================
Run 1/5 (seed=24)
========================================
  Epoch 01/60 | loss 0.7873 | train UAR 0.3381 | val UAR 0.3333
    ↳ best model saved (UAR 0.3333)
  Epoch 02/60 | loss 0.6921 | train UAR 0.3737 | val UAR 0.3354
    ↳ best model saved (UAR 0.3354)
  Epoch 03/60 | loss 0.6276 | train UAR 0.4529 | val UAR 0.3670
    ↳ best model saved (UAR 0.3670)
  Epoch 04/60 | loss 0.5924 | train UAR 0.5114 | val UAR 0.4535
    ↳ best model saved (UAR 0.4535)
  Epoch 05/60 | loss 0.5696 | train UAR 0.5472 | val UAR 0.6404
    ↳ best model saved (UAR 0.6404)
  Epoch 06/60 | loss 0.5396 | train UAR 0.5824 | val UAR 0.6498
    ↳ best model saved (UAR 0.6498)
  Epoch 07/60 | loss 0.5169 | train UAR 0.5980 | val UAR 0.6135
  Epoch 08/60 | loss 0.4908 | train UAR 0.6203 | val UAR 0.6562
    ↳ best model saved (UAR 0.6562)
  Epoch 09/60 | loss 0.4889 | train UAR 0.6361 | val UAR 0.5842
  Epoch 10/60 | loss 0.4588 | train UAR 0.6364 | val UAR 0.6845
    ↳ best model saved (UAR 0.6845)
  Epoch 11/60 | loss 0.4567 | train UAR 0.6637 | val UAR 0.5889
  Epoch 12/60 | loss 0.4418 | train UAR 0.6774 | val UAR 0.6448
  Epoch 13/60 | loss 0.4231 | train UAR 0.6728 | val UAR 0.7084
    ↳ best model saved (UAR 0.7084)
  Epoch 14/60 | loss 0.3979 | train UAR 0.7039 | val UAR 0.6912
  Epoch 15/60 | loss 0.3849 | train UAR 0.7224 | val UAR 0.6444
  Epoch 16/60 | loss 0.3749 | train UAR 0.6993 | val UAR 0.6865
  Epoch 17/60 | loss 0.3630 | train UAR 0.7431 | val UAR 0.6303
  Epoch 18/60 | loss 0.3508 | train UAR 0.7430 | val UAR 0.7158
    ↳ best model saved (UAR 0.7158)
  Epoch 19/60 | loss 0.3421 | train UAR 0.7508 | val UAR 0.6690
  Epoch 20/60 | loss 0.3354 | train UAR 0.7555 | val UAR 0.6687
  Epoch 21/60 | loss 0.3226 | train UAR 0.7610 | val UAR 0.6936
  Epoch 22/60 | loss 0.3127 | train UAR 0.7686 | val UAR 0.6182
  Epoch 23/60 | loss 0.2976 | train UAR 0.7773 | val UAR 0.7121
  Epoch 24/60 | loss 0.2883 | train UAR 0.8011 | val UAR 0.6815
  Epoch 25/60 | loss 0.2744 | train UAR 0.8041 | val UAR 0.6374
  Epoch 26/60 | loss 0.2641 | train UAR 0.8146 | val UAR 0.6906
  Epoch 27/60 | loss 0.2690 | train UAR 0.8051 | val UAR 0.7034
  Epoch 28/60 | loss 0.2401 | train UAR 0.8455 | val UAR 0.6966
  Epoch 29/60 | loss 0.2327 | train UAR 0.8425 | val UAR 0.6609
  Epoch 30/60 | loss 0.2196 | train UAR 0.8602 | val UAR 0.6892
  Epoch 31/60 | loss 0.2149 | train UAR 0.8688 | val UAR 0.7030
  Epoch 32/60 | loss 0.2089 | train UAR 0.8719 | val UAR 0.6818
  Epoch 33/60 | loss 0.1873 | train UAR 0.8742 | val UAR 0.6623
  Early stopping triggered at epoch 33
  Training plot saved to /home/michraf/Thesis/results/20260619_174300_ConGrAD-alt/run_0/training.png
              precision    recall  f1-score   support

          HC       0.66      0.62      0.64       110
         MCI       0.62      0.64      0.63        90
    Dementia       0.86      0.91      0.88        66

    accuracy                           0.70       266
   macro avg       0.71      0.72      0.72       266
weighted avg       0.70      0.70      0.70       266

  t-SNE saved to /home/michraf/Thesis/results/20260619_174300_ConGrAD-alt/run_0/tsne.png
  Graph saved to /home/michraf/Thesis/results/20260619_174300_ConGrAD-alt/run_0/graph.png

========================================
Run 2/5 (seed=25)
========================================
  Epoch 01/60 | loss 0.7764 | train UAR 0.3363 | val UAR 0.4077
    ↳ best model saved (UAR 0.4077)
  Epoch 02/60 | loss 0.6941 | train UAR 0.3739 | val UAR 0.3508
  Epoch 03/60 | loss 0.6150 | train UAR 0.4638 | val UAR 0.5835
    ↳ best model saved (UAR 0.5835)
  Epoch 04/60 | loss 0.5728 | train UAR 0.5809 | val UAR 0.5933
    ↳ best model saved (UAR 0.5933)
  Epoch 05/60 | loss 0.5602 | train UAR 0.5539 | val UAR 0.6226
    ↳ best model saved (UAR 0.6226)
  Epoch 06/60 | loss 0.5280 | train UAR 0.6008 | val UAR 0.5953
  Epoch 07/60 | loss 0.5180 | train UAR 0.6005 | val UAR 0.6620
    ↳ best model saved (UAR 0.6620)
  Epoch 08/60 | loss 0.4864 | train UAR 0.6220 | val UAR 0.6778
    ↳ best model saved (UAR 0.6778)
  Epoch 09/60 | loss 0.4824 | train UAR 0.6393 | val UAR 0.6687
  Epoch 10/60 | loss 0.4532 | train UAR 0.6570 | val UAR 0.6990
    ↳ best model saved (UAR 0.6990)
  Epoch 11/60 | loss 0.4507 | train UAR 0.6720 | val UAR 0.6401
  Epoch 12/60 | loss 0.4257 | train UAR 0.6729 | val UAR 0.7010
    ↳ best model saved (UAR 0.7010)
  Epoch 13/60 | loss 0.4070 | train UAR 0.6956 | val UAR 0.6384
  Epoch 14/60 | loss 0.3881 | train UAR 0.7038 | val UAR 0.5781
  Epoch 15/60 | loss 0.3954 | train UAR 0.6983 | val UAR 0.6838
  Epoch 16/60 | loss 0.3672 | train UAR 0.7334 | val UAR 0.6923
  Epoch 17/60 | loss 0.3514 | train UAR 0.7296 | val UAR 0.6374
  Epoch 18/60 | loss 0.3581 | train UAR 0.7414 | val UAR 0.7148
    ↳ best model saved (UAR 0.7148)
  Epoch 19/60 | loss 0.3346 | train UAR 0.7413 | val UAR 0.6212
  Epoch 20/60 | loss 0.3197 | train UAR 0.7415 | val UAR 0.6970
  Epoch 21/60 | loss 0.3146 | train UAR 0.7624 | val UAR 0.6721
  Epoch 22/60 | loss 0.2939 | train UAR 0.7735 | val UAR 0.6539
  Epoch 23/60 | loss 0.2905 | train UAR 0.7748 | val UAR 0.6593
  Epoch 24/60 | loss 0.2921 | train UAR 0.7923 | val UAR 0.6212
  Epoch 25/60 | loss 0.2641 | train UAR 0.8058 | val UAR 0.6865
  Epoch 26/60 | loss 0.2726 | train UAR 0.7950 | val UAR 0.6293
  Epoch 27/60 | loss 0.2515 | train UAR 0.8128 | val UAR 0.6811
  Epoch 28/60 | loss 0.2311 | train UAR 0.8366 | val UAR 0.6697
  Epoch 29/60 | loss 0.2362 | train UAR 0.8295 | val UAR 0.6566
  Epoch 30/60 | loss 0.2226 | train UAR 0.8369 | val UAR 0.6710
  Epoch 31/60 | loss 0.1996 | train UAR 0.8698 | val UAR 0.6734
  Epoch 32/60 | loss 0.1927 | train UAR 0.8646 | val UAR 0.6572
  Epoch 33/60 | loss 0.1890 | train UAR 0.8633 | val UAR 0.6542
  Early stopping triggered at epoch 33
  Training plot saved to /home/michraf/Thesis/results/20260619_174300_ConGrAD-alt/run_1/training.png
              precision    recall  f1-score   support

          HC       0.72      0.53      0.61       110
         MCI       0.58      0.84      0.69        90
    Dementia       0.94      0.77      0.85        66

    accuracy                           0.70       266
   macro avg       0.75      0.71      0.72       266
weighted avg       0.73      0.70      0.69       266

  t-SNE saved to /home/michraf/Thesis/results/20260619_174300_ConGrAD-alt/run_1/tsne.png
  Graph saved to /home/michraf/Thesis/results/20260619_174300_ConGrAD-alt/run_1/graph.png

========================================
Run 3/5 (seed=26)
========================================
  Epoch 01/60 | loss 0.7692 | train UAR 0.3354 | val UAR 0.3333
    ↳ best model saved (UAR 0.3333)
  Epoch 02/60 | loss 0.6690 | train UAR 0.3815 | val UAR 0.3653
    ↳ best model saved (UAR 0.3653)
  Epoch 03/60 | loss 0.6039 | train UAR 0.4572 | val UAR 0.4909
    ↳ best model saved (UAR 0.4909)
  Epoch 04/60 | loss 0.5847 | train UAR 0.5240 | val UAR 0.6296
    ↳ best model saved (UAR 0.6296)
  Epoch 05/60 | loss 0.5587 | train UAR 0.5418 | val UAR 0.6229
  Epoch 06/60 | loss 0.5307 | train UAR 0.6029 | val UAR 0.6290
  Epoch 07/60 | loss 0.5099 | train UAR 0.6162 | val UAR 0.6081
  Epoch 08/60 | loss 0.4827 | train UAR 0.6174 | val UAR 0.6162
  Epoch 09/60 | loss 0.4753 | train UAR 0.6427 | val UAR 0.6912
    ↳ best model saved (UAR 0.6912)
  Epoch 10/60 | loss 0.4517 | train UAR 0.6531 | val UAR 0.6852
  Epoch 11/60 | loss 0.4431 | train UAR 0.6624 | val UAR 0.6108
  Epoch 12/60 | loss 0.4219 | train UAR 0.6944 | val UAR 0.6939
    ↳ best model saved (UAR 0.6939)
  Epoch 13/60 | loss 0.4133 | train UAR 0.6765 | val UAR 0.7152
    ↳ best model saved (UAR 0.7152)
  Epoch 14/60 | loss 0.3901 | train UAR 0.6988 | val UAR 0.7290
    ↳ best model saved (UAR 0.7290)
  Epoch 15/60 | loss 0.3893 | train UAR 0.7009 | val UAR 0.7199
  Epoch 16/60 | loss 0.3789 | train UAR 0.7023 | val UAR 0.7492
    ↳ best model saved (UAR 0.7492)
  Epoch 17/60 | loss 0.3560 | train UAR 0.7372 | val UAR 0.7283
  Epoch 18/60 | loss 0.3428 | train UAR 0.7267 | val UAR 0.6680
  Epoch 19/60 | loss 0.3388 | train UAR 0.7364 | val UAR 0.6178
  Epoch 20/60 | loss 0.3240 | train UAR 0.7615 | val UAR 0.7205
  Epoch 21/60 | loss 0.3302 | train UAR 0.7459 | val UAR 0.7101
  Epoch 22/60 | loss 0.3148 | train UAR 0.7543 | val UAR 0.7380
  Epoch 23/60 | loss 0.2993 | train UAR 0.7709 | val UAR 0.7064
  Epoch 24/60 | loss 0.2736 | train UAR 0.7947 | val UAR 0.6973
  Epoch 25/60 | loss 0.2794 | train UAR 0.7870 | val UAR 0.7108
  Epoch 26/60 | loss 0.2573 | train UAR 0.8086 | val UAR 0.7108
  Epoch 27/60 | loss 0.2677 | train UAR 0.7960 | val UAR 0.7131
  Epoch 28/60 | loss 0.2262 | train UAR 0.8391 | val UAR 0.7047
  Epoch 29/60 | loss 0.2185 | train UAR 0.8399 | val UAR 0.7135
  Epoch 30/60 | loss 0.2044 | train UAR 0.8527 | val UAR 0.7131
  Epoch 31/60 | loss 0.1859 | train UAR 0.8687 | val UAR 0.6973
  Early stopping triggered at epoch 31
  Training plot saved to /home/michraf/Thesis/results/20260619_174300_ConGrAD-alt/run_2/training.png
              precision    recall  f1-score   support

          HC       0.78      0.53      0.63       110
         MCI       0.61      0.81      0.70        90
    Dementia       0.85      0.92      0.88        66

    accuracy                           0.72       266
   macro avg       0.75      0.75      0.74       266
weighted avg       0.74      0.72      0.72       266

  t-SNE saved to /home/michraf/Thesis/results/20260619_174300_ConGrAD-alt/run_2/tsne.png
  Graph saved to /home/michraf/Thesis/results/20260619_174300_ConGrAD-alt/run_2/graph.png

========================================
Run 4/5 (seed=27)
========================================
  Epoch 01/60 | loss 0.7595 | train UAR 0.3351 | val UAR 0.3448
    ↳ best model saved (UAR 0.3448)
  Epoch 02/60 | loss 0.6594 | train UAR 0.4095 | val UAR 0.5286
    ↳ best model saved (UAR 0.5286)
  Epoch 03/60 | loss 0.5976 | train UAR 0.5158 | val UAR 0.5593
    ↳ best model saved (UAR 0.5593)
  Epoch 04/60 | loss 0.5684 | train UAR 0.5382 | val UAR 0.6380
    ↳ best model saved (UAR 0.6380)
  Epoch 05/60 | loss 0.5344 | train UAR 0.6055 | val UAR 0.5232
  Epoch 06/60 | loss 0.5313 | train UAR 0.5869 | val UAR 0.6717
    ↳ best model saved (UAR 0.6717)
  Epoch 07/60 | loss 0.5132 | train UAR 0.6091 | val UAR 0.6266
  Epoch 08/60 | loss 0.4910 | train UAR 0.6307 | val UAR 0.6663
  Epoch 09/60 | loss 0.4668 | train UAR 0.6533 | val UAR 0.6926
    ↳ best model saved (UAR 0.6926)
  Epoch 10/60 | loss 0.4628 | train UAR 0.6525 | val UAR 0.6798
  Epoch 11/60 | loss 0.4404 | train UAR 0.6646 | val UAR 0.6848
  Epoch 12/60 | loss 0.4420 | train UAR 0.6674 | val UAR 0.6556
  Epoch 13/60 | loss 0.4143 | train UAR 0.6890 | val UAR 0.6306
  Epoch 14/60 | loss 0.4035 | train UAR 0.7144 | val UAR 0.6838
  Epoch 15/60 | loss 0.3856 | train UAR 0.7085 | val UAR 0.7300
    ↳ best model saved (UAR 0.7300)
  Epoch 16/60 | loss 0.3791 | train UAR 0.7012 | val UAR 0.7064
  Epoch 17/60 | loss 0.3628 | train UAR 0.7270 | val UAR 0.7350
    ↳ best model saved (UAR 0.7350)
  Epoch 18/60 | loss 0.3717 | train UAR 0.7339 | val UAR 0.6788
  Epoch 19/60 | loss 0.3538 | train UAR 0.7353 | val UAR 0.6852
  Epoch 20/60 | loss 0.3763 | train UAR 0.7110 | val UAR 0.7162
  Epoch 21/60 | loss 0.3300 | train UAR 0.7612 | val UAR 0.6673
  Epoch 22/60 | loss 0.3334 | train UAR 0.7431 | val UAR 0.7316
  Epoch 23/60 | loss 0.3052 | train UAR 0.7720 | val UAR 0.6842
  Epoch 24/60 | loss 0.3068 | train UAR 0.7681 | val UAR 0.6310
  Epoch 25/60 | loss 0.3037 | train UAR 0.7630 | val UAR 0.6690
  Epoch 26/60 | loss 0.3007 | train UAR 0.7765 | val UAR 0.6785
  Epoch 27/60 | loss 0.2726 | train UAR 0.7878 | val UAR 0.7283
  Epoch 28/60 | loss 0.2620 | train UAR 0.8077 | val UAR 0.6832
  Epoch 29/60 | loss 0.2579 | train UAR 0.8087 | val UAR 0.7236
  Epoch 30/60 | loss 0.2764 | train UAR 0.7930 | val UAR 0.6811
  Epoch 31/60 | loss 0.2495 | train UAR 0.8171 | val UAR 0.7172
  Epoch 32/60 | loss 0.2351 | train UAR 0.8321 | val UAR 0.7178
  Early stopping triggered at epoch 32
  Training plot saved to /home/michraf/Thesis/results/20260619_174300_ConGrAD-alt/run_3/training.png
              precision    recall  f1-score   support

          HC       0.81      0.51      0.63       110
         MCI       0.57      0.88      0.69        90
    Dementia       0.93      0.82      0.87        66

    accuracy                           0.71       266
   macro avg       0.77      0.74      0.73       266
weighted avg       0.76      0.71      0.71       266

  t-SNE saved to /home/michraf/Thesis/results/20260619_174300_ConGrAD-alt/run_3/tsne.png
  Graph saved to /home/michraf/Thesis/results/20260619_174300_ConGrAD-alt/run_3/graph.png

========================================
Run 5/5 (seed=28)
========================================
  Epoch 01/60 | loss 0.7826 | train UAR 0.3326 | val UAR 0.3333
    ↳ best model saved (UAR 0.3333)
  Epoch 02/60 | loss 0.6833 | train UAR 0.3874 | val UAR 0.3471
    ↳ best model saved (UAR 0.3471)
  Epoch 03/60 | loss 0.6071 | train UAR 0.4853 | val UAR 0.5539
    ↳ best model saved (UAR 0.5539)
  Epoch 04/60 | loss 0.5887 | train UAR 0.5451 | val UAR 0.6596
    ↳ best model saved (UAR 0.6596)
  Epoch 05/60 | loss 0.5449 | train UAR 0.5737 | val UAR 0.6859
    ↳ best model saved (UAR 0.6859)
  Epoch 06/60 | loss 0.5405 | train UAR 0.5731 | val UAR 0.6283
  Epoch 07/60 | loss 0.5173 | train UAR 0.5975 | val UAR 0.5939
  Epoch 08/60 | loss 0.4824 | train UAR 0.6460 | val UAR 0.6687
  Epoch 09/60 | loss 0.4732 | train UAR 0.6516 | val UAR 0.6811
  Epoch 10/60 | loss 0.4469 | train UAR 0.6706 | val UAR 0.7138
    ↳ best model saved (UAR 0.7138)
  Epoch 11/60 | loss 0.4194 | train UAR 0.6817 | val UAR 0.6340
  Epoch 12/60 | loss 0.4107 | train UAR 0.6851 | val UAR 0.6465
  Epoch 13/60 | loss 0.4239 | train UAR 0.6799 | val UAR 0.7165
    ↳ best model saved (UAR 0.7165)
  Epoch 14/60 | loss 0.3991 | train UAR 0.6906 | val UAR 0.6943
  Epoch 15/60 | loss 0.3887 | train UAR 0.6954 | val UAR 0.6646
  Epoch 16/60 | loss 0.3686 | train UAR 0.7170 | val UAR 0.6949
  Epoch 17/60 | loss 0.3477 | train UAR 0.7459 | val UAR 0.6892
  Epoch 18/60 | loss 0.3531 | train UAR 0.7310 | val UAR 0.6165
  Epoch 19/60 | loss 0.3335 | train UAR 0.7397 | val UAR 0.6293
  Epoch 20/60 | loss 0.3136 | train UAR 0.7554 | val UAR 0.6737
  Epoch 21/60 | loss 0.3106 | train UAR 0.7717 | val UAR 0.7121
  Epoch 22/60 | loss 0.2931 | train UAR 0.7793 | val UAR 0.6687
  Epoch 23/60 | loss 0.2921 | train UAR 0.7768 | val UAR 0.6650
  Epoch 24/60 | loss 0.2769 | train UAR 0.8011 | val UAR 0.6401
  Epoch 25/60 | loss 0.2616 | train UAR 0.8045 | val UAR 0.7084
  Epoch 26/60 | loss 0.2531 | train UAR 0.8083 | val UAR 0.6960
  Epoch 27/60 | loss 0.2424 | train UAR 0.8177 | val UAR 0.6525
  Epoch 28/60 | loss 0.2417 | train UAR 0.8218 | val UAR 0.6997
  Early stopping triggered at epoch 28
  Training plot saved to /home/michraf/Thesis/results/20260619_174300_ConGrAD-alt/run_4/training.png
              precision    recall  f1-score   support

          HC       0.65      0.68      0.66       110
         MCI       0.63      0.66      0.64        90
    Dementia       0.95      0.80      0.87        66

    accuracy                           0.70       266
   macro avg       0.74      0.71      0.72       266
weighted avg       0.71      0.70      0.71       266

  t-SNE saved to /home/michraf/Thesis/results/20260619_174300_ConGrAD-alt/run_4/tsne.png
  Graph saved to /home/michraf/Thesis/results/20260619_174300_ConGrAD-alt/run_4/graph.png

Results saved to /home/michraf/Thesis/results/20260619_174300_ConGrAD-alt/results.csv
