Run dir: /home/michraf/Thesis/results/20260624_175340_ConGrAD-ForwardBackwardEdges
Loaded 2203/2204 samples with embeddings
Loaded 266/266 samples with embeddings

==================================================
EXPERIMENT:  ConGrAD-ForwardBackwardEdges
==================================================
GonGrAD, with forward an backward edges 

Balanced-MixUp: OFF
Visualizations: ON


==================================================
MODEL ARCHITECTURE & PARAMETERS
==================================================
ConGrAD(
  (audio_proj): Linear(in_features=1024, out_features=128, bias=True)
  (text_proj): Linear(in_features=768, out_features=128, bias=True)
  (co_attn): ModuleList(
    (0-1): 2 x CoAttentionBlock(
      (audio_attn): MultiheadAttention(
        (out_proj): NonDynamicallyQuantizableLinear(in_features=128, out_features=128, bias=True)
      )
      (text_attn): MultiheadAttention(
        (out_proj): NonDynamicallyQuantizableLinear(in_features=128, out_features=128, bias=True)
      )
      (ffn_a): Sequential(
        (0): Linear(in_features=128, out_features=512, bias=True)
        (1): GELU(approximate='none')
        (2): Dropout(p=0.5, inplace=False)
        (3): Linear(in_features=512, out_features=128, bias=True)
      )
      (ffn_t): Sequential(
        (0): Linear(in_features=128, out_features=512, bias=True)
        (1): GELU(approximate='none')
        (2): Dropout(p=0.5, inplace=False)
        (3): Linear(in_features=512, out_features=128, bias=True)
      )
      (norm_a1): LayerNorm((128,), eps=1e-05, elementwise_affine=True)
      (norm_t1): LayerNorm((128,), eps=1e-05, elementwise_affine=True)
      (norm_a2): LayerNorm((128,), eps=1e-05, elementwise_affine=True)
      (norm_t2): LayerNorm((128,), eps=1e-05, elementwise_affine=True)
    )
  )
  (fusion): Linear(in_features=256, out_features=128, bias=True)
  (rgat): RGAT(
    (layers): ModuleList(
      (0-1): 2 x RGATConv(128, 32, heads=4)
    )
    (drop): Dropout(p=0.5, inplace=False)
  )
  (att_score): Linear(in_features=256, out_features=1, bias=True)
  (classifier): Sequential(
    (0): Linear(in_features=256, out_features=128, bias=True)
    (1): GELU(approximate='none')
    (2): Dropout(p=0.5, inplace=False)
    (3): Linear(in_features=128, out_features=3, bias=True)
  )
)
--------------------------------------------------
Total parameters:     2,797,700
Trainable parameters: 2,797,700
Non-trainable params: 0
==================================================


========================================
Run 1/5 (seed=24)
========================================
  Epoch 01/60 | loss 0.7887 | train UAR 0.3362 | val UAR 0.3333
    ↳ best model saved (UAR 0.3333)
  Epoch 02/60 | loss 0.7232 | train UAR 0.3481 | val UAR 0.3613
    ↳ best model saved (UAR 0.3613)
  Epoch 03/60 | loss 0.6598 | train UAR 0.4047 | val UAR 0.3768
    ↳ best model saved (UAR 0.3768)
  Epoch 04/60 | loss 0.6172 | train UAR 0.4811 | val UAR 0.4721
    ↳ best model saved (UAR 0.4721)
  Epoch 05/60 | loss 0.6090 | train UAR 0.4994 | val UAR 0.5034
    ↳ best model saved (UAR 0.5034)
  Epoch 06/60 | loss 0.5773 | train UAR 0.5224 | val UAR 0.6111
    ↳ best model saved (UAR 0.6111)
  Epoch 07/60 | loss 0.5783 | train UAR 0.5383 | val UAR 0.6461
    ↳ best model saved (UAR 0.6461)
  Epoch 08/60 | loss 0.5541 | train UAR 0.5543 | val UAR 0.6236
  Epoch 09/60 | loss 0.5529 | train UAR 0.5684 | val UAR 0.6744
    ↳ best model saved (UAR 0.6744)
  Epoch 10/60 | loss 0.5412 | train UAR 0.6049 | val UAR 0.6414
  Epoch 11/60 | loss 0.5218 | train UAR 0.6055 | val UAR 0.6586
  Epoch 12/60 | loss 0.5023 | train UAR 0.6267 | val UAR 0.6616
  Epoch 13/60 | loss 0.4925 | train UAR 0.6213 | val UAR 0.6808
    ↳ best model saved (UAR 0.6808)
  Epoch 14/60 | loss 0.4802 | train UAR 0.6423 | val UAR 0.6663
  Epoch 15/60 | loss 0.4539 | train UAR 0.6499 | val UAR 0.6532
  Epoch 16/60 | loss 0.4605 | train UAR 0.6539 | val UAR 0.6589
  Epoch 17/60 | loss 0.4562 | train UAR 0.6447 | val UAR 0.6828
    ↳ best model saved (UAR 0.6828)
  Epoch 18/60 | loss 0.4212 | train UAR 0.6749 | val UAR 0.7051
    ↳ best model saved (UAR 0.7051)
  Epoch 19/60 | loss 0.4190 | train UAR 0.6961 | val UAR 0.7098
    ↳ best model saved (UAR 0.7098)
  Epoch 20/60 | loss 0.4320 | train UAR 0.6635 | val UAR 0.6195
  Epoch 21/60 | loss 0.4335 | train UAR 0.6763 | val UAR 0.6825
  Epoch 22/60 | loss 0.3964 | train UAR 0.6994 | val UAR 0.6929
  Epoch 23/60 | loss 0.3955 | train UAR 0.7101 | val UAR 0.6970
  Epoch 24/60 | loss 0.3796 | train UAR 0.7156 | val UAR 0.6340
  Epoch 25/60 | loss 0.3644 | train UAR 0.7313 | val UAR 0.7071
  Epoch 26/60 | loss 0.3618 | train UAR 0.7396 | val UAR 0.6754
  Epoch 27/60 | loss 0.3565 | train UAR 0.7322 | val UAR 0.6906
  Epoch 28/60 | loss 0.3531 | train UAR 0.7242 | val UAR 0.6263
  Epoch 29/60 | loss 0.3482 | train UAR 0.7379 | val UAR 0.6842
  Epoch 30/60 | loss 0.3251 | train UAR 0.7573 | val UAR 0.7229
    ↳ best model saved (UAR 0.7229)
  Epoch 31/60 | loss 0.3377 | train UAR 0.7459 | val UAR 0.7125
  Epoch 32/60 | loss 0.3232 | train UAR 0.7547 | val UAR 0.7145
  Epoch 33/60 | loss 0.2870 | train UAR 0.7828 | val UAR 0.6892
  Epoch 34/60 | loss 0.3248 | train UAR 0.7563 | val UAR 0.7020
  Epoch 35/60 | loss 0.2971 | train UAR 0.7890 | val UAR 0.6114
  Epoch 36/60 | loss 0.2802 | train UAR 0.7946 | val UAR 0.6646
  Epoch 37/60 | loss 0.2644 | train UAR 0.8038 | val UAR 0.6596
  Epoch 38/60 | loss 0.2675 | train UAR 0.8058 | val UAR 0.5976
  Epoch 39/60 | loss 0.2811 | train UAR 0.7905 | val UAR 0.7121
  Epoch 40/60 | loss 0.2551 | train UAR 0.8034 | val UAR 0.6923
  Epoch 41/60 | loss 0.2238 | train UAR 0.8494 | val UAR 0.6758
  Epoch 42/60 | loss 0.2456 | train UAR 0.8230 | val UAR 0.6340
  Epoch 43/60 | loss 0.2352 | train UAR 0.8423 | val UAR 0.6710
  Epoch 44/60 | loss 0.2613 | train UAR 0.8018 | val UAR 0.6609
  Epoch 45/60 | loss 0.2284 | train UAR 0.8242 | val UAR 0.7202
  Early stopping triggered at epoch 45
  Training plot saved to /home/michraf/Thesis/results/20260624_175340_ConGrAD-ForwardBackwardEdges/run_0/training.png
              precision    recall  f1-score   support

          HC       0.68      0.61      0.64       110
         MCI       0.61      0.70      0.65        90
    Dementia       0.88      0.85      0.86        66

    accuracy                           0.70       266
   macro avg       0.72      0.72      0.72       266
weighted avg       0.70      0.70      0.70       266

  t-SNE saved to /home/michraf/Thesis/results/20260624_175340_ConGrAD-ForwardBackwardEdges/run_0/tsne.png
  Graph saved to /home/michraf/Thesis/results/20260624_175340_ConGrAD-ForwardBackwardEdges/run_0/graph.png

========================================
Run 2/5 (seed=25)
========================================
  Epoch 01/60 | loss 0.7733 | train UAR 0.3356 | val UAR 0.3414
    ↳ best model saved (UAR 0.3414)
  Epoch 02/60 | loss 0.6921 | train UAR 0.4122 | val UAR 0.3535
    ↳ best model saved (UAR 0.3535)
  Epoch 03/60 | loss 0.6376 | train UAR 0.4424 | val UAR 0.4946
    ↳ best model saved (UAR 0.4946)
  Epoch 04/60 | loss 0.5959 | train UAR 0.5195 | val UAR 0.4397
  Epoch 05/60 | loss 0.5740 | train UAR 0.5382 | val UAR 0.5077
    ↳ best model saved (UAR 0.5077)
  Epoch 06/60 | loss 0.5814 | train UAR 0.5585 | val UAR 0.5377
    ↳ best model saved (UAR 0.5377)
  Epoch 07/60 | loss 0.5448 | train UAR 0.5555 | val UAR 0.5589
    ↳ best model saved (UAR 0.5589)
  Epoch 08/60 | loss 0.5194 | train UAR 0.6036 | val UAR 0.6805
    ↳ best model saved (UAR 0.6805)
  Epoch 09/60 | loss 0.5091 | train UAR 0.6278 | val UAR 0.6411
  Epoch 10/60 | loss 0.4901 | train UAR 0.6187 | val UAR 0.6529
  Epoch 11/60 | loss 0.4750 | train UAR 0.6366 | val UAR 0.6758
  Epoch 12/60 | loss 0.4558 | train UAR 0.6534 | val UAR 0.7316
    ↳ best model saved (UAR 0.7316)
  Epoch 13/60 | loss 0.4505 | train UAR 0.6645 | val UAR 0.7189
  Epoch 14/60 | loss 0.4491 | train UAR 0.6802 | val UAR 0.6643
  Epoch 15/60 | loss 0.4394 | train UAR 0.6837 | val UAR 0.7175
  Epoch 16/60 | loss 0.4255 | train UAR 0.6739 | val UAR 0.6465
  Epoch 17/60 | loss 0.4116 | train UAR 0.6935 | val UAR 0.6828
  Epoch 18/60 | loss 0.3988 | train UAR 0.7017 | val UAR 0.7195
  Epoch 19/60 | loss 0.3746 | train UAR 0.7293 | val UAR 0.6909
  Epoch 20/60 | loss 0.3952 | train UAR 0.7151 | val UAR 0.6949
  Epoch 21/60 | loss 0.3631 | train UAR 0.7448 | val UAR 0.7145
  Epoch 22/60 | loss 0.3522 | train UAR 0.7450 | val UAR 0.6559
  Epoch 23/60 | loss 0.3405 | train UAR 0.7543 | val UAR 0.7202
  Epoch 24/60 | loss 0.3401 | train UAR 0.7622 | val UAR 0.7229
  Epoch 25/60 | loss 0.3328 | train UAR 0.7583 | val UAR 0.6502
  Epoch 26/60 | loss 0.3137 | train UAR 0.7728 | val UAR 0.7098
  Epoch 27/60 | loss 0.2949 | train UAR 0.7986 | val UAR 0.6714
  Early stopping triggered at epoch 27
  Training plot saved to /home/michraf/Thesis/results/20260624_175340_ConGrAD-ForwardBackwardEdges/run_1/training.png
              precision    recall  f1-score   support

          HC       0.75      0.51      0.61       110
         MCI       0.62      0.82      0.70        90
    Dementia       0.80      0.86      0.83        66

    accuracy                           0.70       266
   macro avg       0.72      0.73      0.71       266
weighted avg       0.72      0.70      0.70       266

  t-SNE saved to /home/michraf/Thesis/results/20260624_175340_ConGrAD-ForwardBackwardEdges/run_1/tsne.png
  Graph saved to /home/michraf/Thesis/results/20260624_175340_ConGrAD-ForwardBackwardEdges/run_1/graph.png

========================================
Run 3/5 (seed=26)
========================================
  Epoch 01/60 | loss 0.7721 | train UAR 0.3397 | val UAR 0.3919
    ↳ best model saved (UAR 0.3919)
  Epoch 02/60 | loss 0.6945 | train UAR 0.3723 | val UAR 0.4081
    ↳ best model saved (UAR 0.4081)
  Epoch 03/60 | loss 0.6485 | train UAR 0.4193 | val UAR 0.4084
    ↳ best model saved (UAR 0.4084)
  Epoch 04/60 | loss 0.5997 | train UAR 0.5287 | val UAR 0.4091
    ↳ best model saved (UAR 0.4091)
  Epoch 05/60 | loss 0.5883 | train UAR 0.5001 | val UAR 0.5886
    ↳ best model saved (UAR 0.5886)
  Epoch 06/60 | loss 0.5592 | train UAR 0.5705 | val UAR 0.6599
    ↳ best model saved (UAR 0.6599)
  Epoch 07/60 | loss 0.5610 | train UAR 0.5721 | val UAR 0.6939
    ↳ best model saved (UAR 0.6939)
  Epoch 08/60 | loss 0.5367 | train UAR 0.5799 | val UAR 0.5909
  Epoch 09/60 | loss 0.5257 | train UAR 0.6167 | val UAR 0.6764
  Epoch 10/60 | loss 0.5052 | train UAR 0.6119 | val UAR 0.7128
    ↳ best model saved (UAR 0.7128)
  Epoch 11/60 | loss 0.4903 | train UAR 0.6382 | val UAR 0.7384
    ↳ best model saved (UAR 0.7384)
  Epoch 12/60 | loss 0.4777 | train UAR 0.6368 | val UAR 0.7155
  Epoch 13/60 | loss 0.4694 | train UAR 0.6454 | val UAR 0.6949
  Epoch 14/60 | loss 0.4581 | train UAR 0.6386 | val UAR 0.7007
  Epoch 15/60 | loss 0.4399 | train UAR 0.6688 | val UAR 0.7024
  Epoch 16/60 | loss 0.4369 | train UAR 0.6652 | val UAR 0.7000
  Epoch 17/60 | loss 0.4336 | train UAR 0.6614 | val UAR 0.7431
    ↳ best model saved (UAR 0.7431)
  Epoch 18/60 | loss 0.4246 | train UAR 0.6836 | val UAR 0.6599
  Epoch 19/60 | loss 0.4095 | train UAR 0.6873 | val UAR 0.6956
  Epoch 20/60 | loss 0.4070 | train UAR 0.6907 | val UAR 0.6101
  Epoch 21/60 | loss 0.4073 | train UAR 0.6892 | val UAR 0.6731
  Epoch 22/60 | loss 0.4020 | train UAR 0.6995 | val UAR 0.6835
  Epoch 23/60 | loss 0.3756 | train UAR 0.7284 | val UAR 0.7279
  Epoch 24/60 | loss 0.3763 | train UAR 0.7083 | val UAR 0.6862
  Epoch 25/60 | loss 0.3590 | train UAR 0.7299 | val UAR 0.7094
  Epoch 26/60 | loss 0.3651 | train UAR 0.7214 | val UAR 0.7148
  Epoch 27/60 | loss 0.3431 | train UAR 0.7545 | val UAR 0.7296
  Epoch 28/60 | loss 0.3302 | train UAR 0.7636 | val UAR 0.6734
  Epoch 29/60 | loss 0.3350 | train UAR 0.7566 | val UAR 0.7471
    ↳ best model saved (UAR 0.7471)
  Epoch 30/60 | loss 0.3188 | train UAR 0.7655 | val UAR 0.6327
  Epoch 31/60 | loss 0.3098 | train UAR 0.7585 | val UAR 0.7303
  Epoch 32/60 | loss 0.2972 | train UAR 0.7761 | val UAR 0.7236
  Epoch 33/60 | loss 0.2965 | train UAR 0.7852 | val UAR 0.7236
  Epoch 34/60 | loss 0.2903 | train UAR 0.7932 | val UAR 0.6892
  Epoch 35/60 | loss 0.2824 | train UAR 0.7915 | val UAR 0.7455
  Epoch 36/60 | loss 0.3008 | train UAR 0.7810 | val UAR 0.7030
  Epoch 37/60 | loss 0.2580 | train UAR 0.8315 | val UAR 0.7377
  Epoch 38/60 | loss 0.2488 | train UAR 0.8298 | val UAR 0.7057
  Epoch 39/60 | loss 0.2355 | train UAR 0.8514 | val UAR 0.6825
  Epoch 40/60 | loss 0.2353 | train UAR 0.8327 | val UAR 0.6199
  Epoch 41/60 | loss 0.2321 | train UAR 0.8410 | val UAR 0.6737
  Epoch 42/60 | loss 0.2299 | train UAR 0.8522 | val UAR 0.7138
  Epoch 43/60 | loss 0.2133 | train UAR 0.8638 | val UAR 0.7259
  Epoch 44/60 | loss 0.2689 | train UAR 0.8255 | val UAR 0.7313
  Early stopping triggered at epoch 44
  Training plot saved to /home/michraf/Thesis/results/20260624_175340_ConGrAD-ForwardBackwardEdges/run_2/training.png
              precision    recall  f1-score   support

          HC       0.70      0.68      0.69       110
         MCI       0.67      0.73      0.70        90
    Dementia       0.90      0.82      0.86        66

    accuracy                           0.73       266
   macro avg       0.76      0.74      0.75       266
weighted avg       0.74      0.73      0.73       266

  t-SNE saved to /home/michraf/Thesis/results/20260624_175340_ConGrAD-ForwardBackwardEdges/run_2/tsne.png
  Graph saved to /home/michraf/Thesis/results/20260624_175340_ConGrAD-ForwardBackwardEdges/run_2/graph.png

========================================
Run 4/5 (seed=27)
========================================
  Epoch 01/60 | loss 0.7769 | train UAR 0.3331 | val UAR 0.3488
    ↳ best model saved (UAR 0.3488)
  Epoch 02/60 | loss 0.7012 | train UAR 0.3886 | val UAR 0.3545
    ↳ best model saved (UAR 0.3545)
  Epoch 03/60 | loss 0.6500 | train UAR 0.4314 | val UAR 0.4508
    ↳ best model saved (UAR 0.4508)
  Epoch 04/60 | loss 0.6166 | train UAR 0.4925 | val UAR 0.3916
  Epoch 05/60 | loss 0.5928 | train UAR 0.5229 | val UAR 0.3539
  Epoch 06/60 | loss 0.5873 | train UAR 0.5380 | val UAR 0.5737
    ↳ best model saved (UAR 0.5737)
  Epoch 07/60 | loss 0.5623 | train UAR 0.5445 | val UAR 0.6781
    ↳ best model saved (UAR 0.6781)
  Epoch 08/60 | loss 0.5451 | train UAR 0.5901 | val UAR 0.5448
  Epoch 09/60 | loss 0.5334 | train UAR 0.5792 | val UAR 0.6724
  Epoch 10/60 | loss 0.5211 | train UAR 0.5992 | val UAR 0.6882
    ↳ best model saved (UAR 0.6882)
  Epoch 11/60 | loss 0.5056 | train UAR 0.6406 | val UAR 0.6983
    ↳ best model saved (UAR 0.6983)
  Epoch 12/60 | loss 0.4937 | train UAR 0.6294 | val UAR 0.6848
  Epoch 13/60 | loss 0.4852 | train UAR 0.6488 | val UAR 0.7051
    ↳ best model saved (UAR 0.7051)
  Epoch 14/60 | loss 0.4645 | train UAR 0.6435 | val UAR 0.6939
  Epoch 15/60 | loss 0.4636 | train UAR 0.6540 | val UAR 0.6859
  Epoch 16/60 | loss 0.4470 | train UAR 0.6808 | val UAR 0.6754
  Epoch 17/60 | loss 0.4428 | train UAR 0.6686 | val UAR 0.7525
    ↳ best model saved (UAR 0.7525)
  Epoch 18/60 | loss 0.4305 | train UAR 0.6797 | val UAR 0.6630
  Epoch 19/60 | loss 0.4368 | train UAR 0.6779 | val UAR 0.6646
  Epoch 20/60 | loss 0.4192 | train UAR 0.7001 | val UAR 0.7347
  Epoch 21/60 | loss 0.4115 | train UAR 0.6909 | val UAR 0.7273
  Epoch 22/60 | loss 0.3826 | train UAR 0.7043 | val UAR 0.6970
  Epoch 23/60 | loss 0.3752 | train UAR 0.7278 | val UAR 0.7148
  Epoch 24/60 | loss 0.3751 | train UAR 0.7215 | val UAR 0.7215
  Epoch 25/60 | loss 0.3896 | train UAR 0.7107 | val UAR 0.7024
  Epoch 26/60 | loss 0.3685 | train UAR 0.7373 | val UAR 0.7010
  Epoch 27/60 | loss 0.3605 | train UAR 0.7199 | val UAR 0.7327
  Epoch 28/60 | loss 0.3598 | train UAR 0.7352 | val UAR 0.7502
  Epoch 29/60 | loss 0.3412 | train UAR 0.7390 | val UAR 0.6613
  Epoch 30/60 | loss 0.3297 | train UAR 0.7591 | val UAR 0.7320
  Epoch 31/60 | loss 0.3151 | train UAR 0.7567 | val UAR 0.7222
  Epoch 32/60 | loss 0.3231 | train UAR 0.7687 | val UAR 0.7320
  Early stopping triggered at epoch 32
  Training plot saved to /home/michraf/Thesis/results/20260624_175340_ConGrAD-ForwardBackwardEdges/run_3/training.png
              precision    recall  f1-score   support

          HC       0.68      0.75      0.71       110
         MCI       0.76      0.63      0.69        90
    Dementia       0.82      0.88      0.85        66

    accuracy                           0.74       266
   macro avg       0.75      0.75      0.75       266
weighted avg       0.74      0.74      0.74       266

  t-SNE saved to /home/michraf/Thesis/results/20260624_175340_ConGrAD-ForwardBackwardEdges/run_3/tsne.png
  Graph saved to /home/michraf/Thesis/results/20260624_175340_ConGrAD-ForwardBackwardEdges/run_3/graph.png

========================================
Run 5/5 (seed=28)
========================================
  Epoch 01/60 | loss 0.7875 | train UAR 0.3346 | val UAR 0.3333
    ↳ best model saved (UAR 0.3333)
  Epoch 02/60 | loss 0.7163 | train UAR 0.3445 | val UAR 0.3333
  Epoch 03/60 | loss 0.6528 | train UAR 0.4148 | val UAR 0.5024
    ↳ best model saved (UAR 0.5024)
  Epoch 04/60 | loss 0.6155 | train UAR 0.4991 | val UAR 0.6269
    ↳ best model saved (UAR 0.6269)
  Epoch 05/60 | loss 0.5920 | train UAR 0.5580 | val UAR 0.5822
  Epoch 06/60 | loss 0.5844 | train UAR 0.5270 | val UAR 0.5162
  Epoch 07/60 | loss 0.5591 | train UAR 0.5631 | val UAR 0.6620
    ↳ best model saved (UAR 0.6620)
  Epoch 08/60 | loss 0.5528 | train UAR 0.5734 | val UAR 0.6724
    ↳ best model saved (UAR 0.6724)
  Epoch 09/60 | loss 0.5161 | train UAR 0.6007 | val UAR 0.6865
    ↳ best model saved (UAR 0.6865)
  Epoch 10/60 | loss 0.5195 | train UAR 0.6212 | val UAR 0.6801
  Epoch 11/60 | loss 0.5059 | train UAR 0.6188 | val UAR 0.5535
  Epoch 12/60 | loss 0.4939 | train UAR 0.6120 | val UAR 0.6569
  Epoch 13/60 | loss 0.4777 | train UAR 0.6626 | val UAR 0.6882
    ↳ best model saved (UAR 0.6882)
  Epoch 14/60 | loss 0.4869 | train UAR 0.6472 | val UAR 0.6832
  Epoch 15/60 | loss 0.4596 | train UAR 0.6606 | val UAR 0.6936
    ↳ best model saved (UAR 0.6936)
  Epoch 16/60 | loss 0.4459 | train UAR 0.6562 | val UAR 0.7175
    ↳ best model saved (UAR 0.7175)
  Epoch 17/60 | loss 0.4342 | train UAR 0.6892 | val UAR 0.6768
  Epoch 18/60 | loss 0.4281 | train UAR 0.6780 | val UAR 0.6650
  Epoch 19/60 | loss 0.4211 | train UAR 0.6788 | val UAR 0.7306
    ↳ best model saved (UAR 0.7306)
  Epoch 20/60 | loss 0.4191 | train UAR 0.6805 | val UAR 0.6828
  Epoch 21/60 | loss 0.4000 | train UAR 0.7030 | val UAR 0.7340
    ↳ best model saved (UAR 0.7340)
  Epoch 22/60 | loss 0.4069 | train UAR 0.6945 | val UAR 0.7178
  Epoch 23/60 | loss 0.3905 | train UAR 0.7127 | val UAR 0.6976
  Epoch 24/60 | loss 0.3682 | train UAR 0.7251 | val UAR 0.7249
  Epoch 25/60 | loss 0.3775 | train UAR 0.7172 | val UAR 0.6976
  Epoch 26/60 | loss 0.3572 | train UAR 0.7332 | val UAR 0.7354
    ↳ best model saved (UAR 0.7354)
  Epoch 27/60 | loss 0.3468 | train UAR 0.7452 | val UAR 0.7525
    ↳ best model saved (UAR 0.7525)
  Epoch 28/60 | loss 0.3487 | train UAR 0.7436 | val UAR 0.7242
  Epoch 29/60 | loss 0.3254 | train UAR 0.7618 | val UAR 0.7508
  Epoch 30/60 | loss 0.3239 | train UAR 0.7654 | val UAR 0.7064
  Epoch 31/60 | loss 0.3035 | train UAR 0.7631 | val UAR 0.7067
  Epoch 32/60 | loss 0.3087 | train UAR 0.7587 | val UAR 0.6933
  Epoch 33/60 | loss 0.2843 | train UAR 0.7842 | val UAR 0.7040
  Epoch 34/60 | loss 0.2835 | train UAR 0.7960 | val UAR 0.6973
  Epoch 35/60 | loss 0.2859 | train UAR 0.7900 | val UAR 0.7205
  Epoch 36/60 | loss 0.2859 | train UAR 0.7820 | val UAR 0.6946
  Epoch 37/60 | loss 0.2775 | train UAR 0.8053 | val UAR 0.6919
  Epoch 38/60 | loss 0.2492 | train UAR 0.8258 | val UAR 0.7232
  Epoch 39/60 | loss 0.2533 | train UAR 0.8280 | val UAR 0.6956
  Epoch 40/60 | loss 0.2173 | train UAR 0.8430 | val UAR 0.6886
  Epoch 41/60 | loss 0.2433 | train UAR 0.8210 | val UAR 0.6889
  Epoch 42/60 | loss 0.2111 | train UAR 0.8574 | val UAR 0.7047
  Early stopping triggered at epoch 42
  Training plot saved to /home/michraf/Thesis/results/20260624_175340_ConGrAD-ForwardBackwardEdges/run_4/training.png
              precision    recall  f1-score   support

          HC       0.92      0.40      0.56       110
         MCI       0.60      0.93      0.73        90
    Dementia       0.79      0.92      0.85        66

    accuracy                           0.71       266
   macro avg       0.77      0.75      0.71       266
weighted avg       0.78      0.71      0.69       266

  t-SNE saved to /home/michraf/Thesis/results/20260624_175340_ConGrAD-ForwardBackwardEdges/run_4/tsne.png
  Graph saved to /home/michraf/Thesis/results/20260624_175340_ConGrAD-ForwardBackwardEdges/run_4/graph.png

Results saved to /home/michraf/Thesis/results/20260624_175340_ConGrAD-ForwardBackwardEdges/results.csv
