Run dir: /home/michraf/Thesis/results/20260523_173340_ConGrAD-DAT
Loaded 2203/2204 samples with embeddings
Loaded 266/266 samples with embeddings

==================================================
EXPERIMENT:  ConGrAD-DAT
==================================================
ConGrAD test run - with Domain Adversarial Training (and a bit less aggressive regularization). 


==================================================
MODEL ARCHITECTURE & PARAMETERS
==================================================
ConGrAD(
  (audio_proj): Linear(in_features=1024, out_features=128, bias=True)
  (text_proj): Linear(in_features=768, out_features=128, bias=True)
  (co_attn): ModuleList(
    (0-1): 2 x CoAttentionBlock(
      (audio_attn): MultiheadAttention(
        (out_proj): NonDynamicallyQuantizableLinear(in_features=128, out_features=128, bias=True)
      )
      (text_attn): MultiheadAttention(
        (out_proj): NonDynamicallyQuantizableLinear(in_features=128, out_features=128, bias=True)
      )
      (ffn_a): Sequential(
        (0): Linear(in_features=128, out_features=512, bias=True)
        (1): GELU(approximate='none')
        (2): Dropout(p=0.5, inplace=False)
        (3): Linear(in_features=512, out_features=128, bias=True)
      )
      (ffn_t): Sequential(
        (0): Linear(in_features=128, out_features=512, bias=True)
        (1): GELU(approximate='none')
        (2): Dropout(p=0.5, inplace=False)
        (3): Linear(in_features=512, out_features=128, bias=True)
      )
      (norm_a1): LayerNorm((128,), eps=1e-05, elementwise_affine=True)
      (norm_t1): LayerNorm((128,), eps=1e-05, elementwise_affine=True)
      (norm_a2): LayerNorm((128,), eps=1e-05, elementwise_affine=True)
      (norm_t2): LayerNorm((128,), eps=1e-05, elementwise_affine=True)
    )
  )
  (fusion): Linear(in_features=256, out_features=128, bias=True)
  (rgat): RGAT(
    (layers): ModuleList(
      (0-1): 2 x RGATConv(128, 16, heads=8)
    )
    (drop): Dropout(p=0.5, inplace=False)
  )
  (pool_gate): Linear(in_features=128, out_features=1, bias=True)
  (classifier): Sequential(
    (0): Linear(in_features=128, out_features=128, bias=True)
    (1): GELU(approximate='none')
    (2): Dropout(p=0.5, inplace=False)
    (3): Linear(in_features=128, out_features=3, bias=True)
  )
  (domain_classifier): DomainClassifier(
    (net): Sequential(
      (0): Linear(in_features=128, out_features=128, bias=True)
      (1): GELU(approximate='none')
      (2): Dropout(p=0.5, inplace=False)
      (3): Linear(in_features=128, out_features=8, bias=True)
    )
  )
)
--------------------------------------------------
Total parameters:     1,226,252
Trainable parameters: 1,226,252
Non-trainable params: 0
==================================================


========================================
Run 1/1 (seed=24)
========================================
  Epoch 01/50 | loss 0.9609 | train UAR 0.3355 | val UAR 0.3333
    ↳ best model saved (UAR 0.3333)
  Epoch 02/50 | loss 0.8528 | train UAR 0.3509 | val UAR 0.3333
  Epoch 03/50 | loss 0.7725 | train UAR 0.3857 | val UAR 0.3842
    ↳ best model saved (UAR 0.3842)
  Epoch 04/50 | loss 0.7044 | train UAR 0.4448 | val UAR 0.5266
    ↳ best model saved (UAR 0.5266)
  Epoch 05/50 | loss 0.6599 | train UAR 0.5048 | val UAR 0.4000
  Epoch 06/50 | loss 0.6581 | train UAR 0.4957 | val UAR 0.6121
    ↳ best model saved (UAR 0.6121)
  Epoch 07/50 | loss 0.6251 | train UAR 0.5647 | val UAR 0.5013
  Epoch 08/50 | loss 0.6079 | train UAR 0.5584 | val UAR 0.6808
    ↳ best model saved (UAR 0.6808)
  Epoch 09/50 | loss 0.6158 | train UAR 0.5571 | val UAR 0.6273
  Epoch 10/50 | loss 0.5872 | train UAR 0.5982 | val UAR 0.6859
    ↳ best model saved (UAR 0.6859)
  Epoch 11/50 | loss 0.5873 | train UAR 0.6017 | val UAR 0.6795
  Epoch 12/50 | loss 0.5609 | train UAR 0.6334 | val UAR 0.6178
  Epoch 13/50 | loss 0.5602 | train UAR 0.6362 | val UAR 0.6936
    ↳ best model saved (UAR 0.6936)
  Epoch 14/50 | loss 0.5552 | train UAR 0.6381 | val UAR 0.6189
  Epoch 15/50 | loss 0.5324 | train UAR 0.6555 | val UAR 0.6613
  Epoch 16/50 | loss 0.5222 | train UAR 0.6625 | val UAR 0.6869
  Epoch 17/50 | loss 0.5175 | train UAR 0.6744 | val UAR 0.6785
  Epoch 18/50 | loss 0.5287 | train UAR 0.6534 | val UAR 0.6074
  Epoch 19/50 | loss 0.4788 | train UAR 0.6924 | val UAR 0.6970
    ↳ best model saved (UAR 0.6970)
  Epoch 20/50 | loss 0.4832 | train UAR 0.7091 | val UAR 0.6902
  Epoch 21/50 | loss 0.4788 | train UAR 0.7016 | val UAR 0.7013
    ↳ best model saved (UAR 0.7013)
  Epoch 22/50 | loss 0.4532 | train UAR 0.7229 | val UAR 0.7229
    ↳ best model saved (UAR 0.7229)
  Epoch 23/50 | loss 0.4486 | train UAR 0.7302 | val UAR 0.7000
  Epoch 24/50 | loss 0.4692 | train UAR 0.7263 | val UAR 0.7165
  Epoch 25/50 | loss 0.4218 | train UAR 0.7299 | val UAR 0.7101
  Epoch 26/50 | loss 0.4265 | train UAR 0.7471 | val UAR 0.7017
  Epoch 27/50 | loss 0.4287 | train UAR 0.7646 | val UAR 0.7367
    ↳ best model saved (UAR 0.7367)
  Epoch 28/50 | loss 0.4268 | train UAR 0.7702 | val UAR 0.6162
  Epoch 29/50 | loss 0.4295 | train UAR 0.7724 | val UAR 0.6949
  Epoch 30/50 | loss 0.4043 | train UAR 0.8017 | val UAR 0.6727
  Epoch 31/50 | loss 0.3868 | train UAR 0.8112 | val UAR 0.7293
  Epoch 32/50 | loss 0.4057 | train UAR 0.7987 | val UAR 0.6747
  Epoch 33/50 | loss 0.3826 | train UAR 0.8168 | val UAR 0.6778
  Epoch 34/50 | loss 0.3719 | train UAR 0.8306 | val UAR 0.7128
  Epoch 35/50 | loss 0.3650 | train UAR 0.8232 | val UAR 0.6626
  Epoch 36/50 | loss 0.3648 | train UAR 0.8202 | val UAR 0.7158
  Epoch 37/50 | loss 0.3818 | train UAR 0.8480 | val UAR 0.6862
  Epoch 38/50 | loss 0.3704 | train UAR 0.8354 | val UAR 0.6626
  Epoch 39/50 | loss 0.3619 | train UAR 0.8366 | val UAR 0.6798
  Epoch 40/50 | loss 0.3380 | train UAR 0.8559 | val UAR 0.6694
  Epoch 41/50 | loss 0.3472 | train UAR 0.8552 | val UAR 0.6956
  Epoch 42/50 | loss 0.3377 | train UAR 0.8403 | val UAR 0.6828
  Early stopping triggered at epoch 42
  Training plot saved to /home/michraf/Thesis/results/20260523_173340_ConGrAD-DAT/run_0/training.png
              precision    recall  f1-score   support

          HC       0.77      0.45      0.56       110
         MCI       0.59      0.86      0.70        90
    Dementia       0.83      0.91      0.87        66

    accuracy                           0.70       266
   macro avg       0.73      0.74      0.71       266
weighted avg       0.72      0.70      0.69       266


Results saved to /home/michraf/Thesis/results/20260523_173340_ConGrAD-DAT/results.csv
