Run dir: /home/michraf/Thesis/results/20260523_193336_ConGrAD-BASE
Loaded 2203/2204 samples with embeddings
Loaded 266/266 samples with embeddings

==================================================
EXPERIMENT:  ConGrAD-BASE
==================================================
Just a ConGrAD sensible default - it's gonna overfit anyway... 


==================================================
MODEL ARCHITECTURE & PARAMETERS
==================================================
ConGrAD(
  (audio_proj): Linear(in_features=1024, out_features=128, bias=True)
  (text_proj): Linear(in_features=768, out_features=128, bias=True)
  (co_attn): ModuleList(
    (0-1): 2 x CoAttentionBlock(
      (audio_attn): MultiheadAttention(
        (out_proj): NonDynamicallyQuantizableLinear(in_features=128, out_features=128, bias=True)
      )
      (text_attn): MultiheadAttention(
        (out_proj): NonDynamicallyQuantizableLinear(in_features=128, out_features=128, bias=True)
      )
      (ffn_a): Sequential(
        (0): Linear(in_features=128, out_features=512, bias=True)
        (1): GELU(approximate='none')
        (2): Dropout(p=0.5, inplace=False)
        (3): Linear(in_features=512, out_features=128, bias=True)
      )
      (ffn_t): Sequential(
        (0): Linear(in_features=128, out_features=512, bias=True)
        (1): GELU(approximate='none')
        (2): Dropout(p=0.5, inplace=False)
        (3): Linear(in_features=512, out_features=128, bias=True)
      )
      (norm_a1): LayerNorm((128,), eps=1e-05, elementwise_affine=True)
      (norm_t1): LayerNorm((128,), eps=1e-05, elementwise_affine=True)
      (norm_a2): LayerNorm((128,), eps=1e-05, elementwise_affine=True)
      (norm_t2): LayerNorm((128,), eps=1e-05, elementwise_affine=True)
    )
  )
  (fusion): Linear(in_features=256, out_features=128, bias=True)
  (rgat): RGAT(
    (layers): ModuleList(
      (0-1): 2 x RGATConv(128, 32, heads=4)
    )
    (drop): Dropout(p=0.5, inplace=False)
  )
  (pool_gate): Linear(in_features=128, out_features=1, bias=True)
  (classifier): Sequential(
    (0): Linear(in_features=128, out_features=128, bias=True)
    (1): GELU(approximate='none')
    (2): Dropout(p=0.5, inplace=False)
    (3): Linear(in_features=128, out_features=3, bias=True)
  )
)
--------------------------------------------------
Total parameters:     1,208,324
Trainable parameters: 1,208,324
Non-trainable params: 0
==================================================


========================================
Run 1/5 (seed=24)
========================================
  Epoch 01/30 | loss 0.8229 | train UAR 0.3400 | val UAR 0.3333
    ↳ best model saved (UAR 0.3333)
  Epoch 02/30 | loss 0.7502 | train UAR 0.3402 | val UAR 0.3333
  Epoch 03/30 | loss 0.6865 | train UAR 0.3661 | val UAR 0.4061
    ↳ best model saved (UAR 0.4061)
  Epoch 04/30 | loss 0.6519 | train UAR 0.4467 | val UAR 0.4343
    ↳ best model saved (UAR 0.4343)
  Epoch 05/30 | loss 0.6202 | train UAR 0.4776 | val UAR 0.4529
    ↳ best model saved (UAR 0.4529)
  Epoch 06/30 | loss 0.6011 | train UAR 0.5005 | val UAR 0.5495
    ↳ best model saved (UAR 0.5495)
  Epoch 07/30 | loss 0.5865 | train UAR 0.5258 | val UAR 0.4609
  Epoch 08/30 | loss 0.5808 | train UAR 0.5362 | val UAR 0.5781
    ↳ best model saved (UAR 0.5781)
  Epoch 09/30 | loss 0.5609 | train UAR 0.5758 | val UAR 0.5428
  Epoch 10/30 | loss 0.5371 | train UAR 0.5969 | val UAR 0.4933
  Epoch 11/30 | loss 0.5269 | train UAR 0.5859 | val UAR 0.6990
    ↳ best model saved (UAR 0.6990)
  Epoch 12/30 | loss 0.5191 | train UAR 0.6197 | val UAR 0.5960
  Epoch 13/30 | loss 0.4857 | train UAR 0.6442 | val UAR 0.6428
  Epoch 14/30 | loss 0.4906 | train UAR 0.6354 | val UAR 0.6673
  Epoch 15/30 | loss 0.4640 | train UAR 0.6629 | val UAR 0.6138
  Epoch 16/30 | loss 0.4535 | train UAR 0.6674 | val UAR 0.6522
  Epoch 17/30 | loss 0.4474 | train UAR 0.6738 | val UAR 0.6872
  Epoch 18/30 | loss 0.4334 | train UAR 0.6705 | val UAR 0.6919
  Epoch 19/30 | loss 0.4279 | train UAR 0.6689 | val UAR 0.7037
    ↳ best model saved (UAR 0.7037)
  Epoch 20/30 | loss 0.4010 | train UAR 0.7098 | val UAR 0.7246
    ↳ best model saved (UAR 0.7246)
  Epoch 21/30 | loss 0.3921 | train UAR 0.7168 | val UAR 0.6946
  Epoch 22/30 | loss 0.3848 | train UAR 0.7230 | val UAR 0.6613
  Epoch 23/30 | loss 0.3702 | train UAR 0.7317 | val UAR 0.6848
  Epoch 24/30 | loss 0.3513 | train UAR 0.7408 | val UAR 0.7239
  Epoch 25/30 | loss 0.3366 | train UAR 0.7643 | val UAR 0.6468
  Epoch 26/30 | loss 0.3318 | train UAR 0.7508 | val UAR 0.6859
  Epoch 27/30 | loss 0.3169 | train UAR 0.7744 | val UAR 0.6764
  Epoch 28/30 | loss 0.3026 | train UAR 0.7619 | val UAR 0.6980
  Epoch 29/30 | loss 0.2965 | train UAR 0.7821 | val UAR 0.7205
  Epoch 30/30 | loss 0.2711 | train UAR 0.7961 | val UAR 0.7444
    ↳ best model saved (UAR 0.7444)
  Training plot saved to /home/michraf/Thesis/results/20260523_193336_ConGrAD-BASE/run_0/training.png
              precision    recall  f1-score   support

          HC       0.69      0.70      0.69       110
         MCI       0.68      0.70      0.69        90
    Dementia       0.90      0.83      0.87        66

    accuracy                           0.73       266
   macro avg       0.76      0.74      0.75       266
weighted avg       0.74      0.73      0.73       266


========================================
Run 2/5 (seed=25)
========================================
  Epoch 01/30 | loss 0.7925 | train UAR 0.3332 | val UAR 0.3333
    ↳ best model saved (UAR 0.3333)
  Epoch 02/30 | loss 0.7311 | train UAR 0.3467 | val UAR 0.3333
  Epoch 03/30 | loss 0.7104 | train UAR 0.3722 | val UAR 0.3785
    ↳ best model saved (UAR 0.3785)
  Epoch 04/30 | loss 0.6722 | train UAR 0.4058 | val UAR 0.4195
    ↳ best model saved (UAR 0.4195)
  Epoch 05/30 | loss 0.6213 | train UAR 0.4667 | val UAR 0.5125
    ↳ best model saved (UAR 0.5125)
  Epoch 06/30 | loss 0.5943 | train UAR 0.5229 | val UAR 0.4088
  Epoch 07/30 | loss 0.5806 | train UAR 0.5118 | val UAR 0.5657
    ↳ best model saved (UAR 0.5657)
  Epoch 08/30 | loss 0.5753 | train UAR 0.5591 | val UAR 0.5926
    ↳ best model saved (UAR 0.5926)
  Epoch 09/30 | loss 0.5476 | train UAR 0.5689 | val UAR 0.6350
    ↳ best model saved (UAR 0.6350)
  Epoch 10/30 | loss 0.5369 | train UAR 0.5659 | val UAR 0.5081
  Epoch 11/30 | loss 0.5282 | train UAR 0.6049 | val UAR 0.5825
  Epoch 12/30 | loss 0.5076 | train UAR 0.6215 | val UAR 0.6552
    ↳ best model saved (UAR 0.6552)
  Epoch 13/30 | loss 0.5093 | train UAR 0.6058 | val UAR 0.6145
  Epoch 14/30 | loss 0.5057 | train UAR 0.6154 | val UAR 0.6047
  Epoch 15/30 | loss 0.4773 | train UAR 0.6364 | val UAR 0.6566
    ↳ best model saved (UAR 0.6566)
  Epoch 16/30 | loss 0.4726 | train UAR 0.6448 | val UAR 0.6152
  Epoch 17/30 | loss 0.4438 | train UAR 0.6696 | val UAR 0.7266
    ↳ best model saved (UAR 0.7266)
  Epoch 18/30 | loss 0.4373 | train UAR 0.6828 | val UAR 0.6798
  Epoch 19/30 | loss 0.4339 | train UAR 0.6771 | val UAR 0.6828
  Epoch 20/30 | loss 0.4129 | train UAR 0.6984 | val UAR 0.7175
  Epoch 21/30 | loss 0.4196 | train UAR 0.6904 | val UAR 0.6354
  Epoch 22/30 | loss 0.3844 | train UAR 0.7090 | val UAR 0.6673
  Epoch 23/30 | loss 0.3799 | train UAR 0.7188 | val UAR 0.6865
  Epoch 24/30 | loss 0.3611 | train UAR 0.7299 | val UAR 0.6734
  Epoch 25/30 | loss 0.3650 | train UAR 0.7298 | val UAR 0.6646
  Epoch 26/30 | loss 0.3453 | train UAR 0.7469 | val UAR 0.6801
  Epoch 27/30 | loss 0.3359 | train UAR 0.7597 | val UAR 0.6704
  Early stopping triggered at epoch 27
  Training plot saved to /home/michraf/Thesis/results/20260523_193336_ConGrAD-BASE/run_1/training.png
              precision    recall  f1-score   support

          HC       0.72      0.54      0.61       110
         MCI       0.62      0.86      0.72        90
    Dementia       0.87      0.79      0.83        66

    accuracy                           0.71       266
   macro avg       0.74      0.73      0.72       266
weighted avg       0.72      0.71      0.70       266


========================================
Run 3/5 (seed=26)
========================================
  Epoch 01/30 | loss 0.7996 | train UAR 0.3376 | val UAR 0.3333
    ↳ best model saved (UAR 0.3333)
  Epoch 02/30 | loss 0.7138 | train UAR 0.3548 | val UAR 0.3522
    ↳ best model saved (UAR 0.3522)
  Epoch 03/30 | loss 0.6633 | train UAR 0.4231 | val UAR 0.3825
    ↳ best model saved (UAR 0.3825)
  Epoch 04/30 | loss 0.6188 | train UAR 0.4534 | val UAR 0.5606
    ↳ best model saved (UAR 0.5606)
  Epoch 05/30 | loss 0.6029 | train UAR 0.4990 | val UAR 0.6633
    ↳ best model saved (UAR 0.6633)
  Epoch 06/30 | loss 0.5714 | train UAR 0.5345 | val UAR 0.6434
  Epoch 07/30 | loss 0.5608 | train UAR 0.5684 | val UAR 0.6051
  Epoch 08/30 | loss 0.5531 | train UAR 0.5772 | val UAR 0.4539
  Epoch 09/30 | loss 0.5596 | train UAR 0.5687 | val UAR 0.6256
  Epoch 10/30 | loss 0.5033 | train UAR 0.6243 | val UAR 0.7145
    ↳ best model saved (UAR 0.7145)
  Epoch 11/30 | loss 0.5039 | train UAR 0.6138 | val UAR 0.6128
  Epoch 12/30 | loss 0.4997 | train UAR 0.6326 | val UAR 0.7101
  Epoch 13/30 | loss 0.4777 | train UAR 0.6353 | val UAR 0.6444
  Epoch 14/30 | loss 0.4664 | train UAR 0.6685 | val UAR 0.6936
  Epoch 15/30 | loss 0.4505 | train UAR 0.6636 | val UAR 0.6741
  Epoch 16/30 | loss 0.4403 | train UAR 0.6794 | val UAR 0.7175
    ↳ best model saved (UAR 0.7175)
  Epoch 17/30 | loss 0.4424 | train UAR 0.6719 | val UAR 0.7253
    ↳ best model saved (UAR 0.7253)
  Epoch 18/30 | loss 0.4208 | train UAR 0.6971 | val UAR 0.6468
  Epoch 19/30 | loss 0.3986 | train UAR 0.6969 | val UAR 0.6943
  Epoch 20/30 | loss 0.3872 | train UAR 0.7140 | val UAR 0.6875
  Epoch 21/30 | loss 0.3770 | train UAR 0.7215 | val UAR 0.6593
  Epoch 22/30 | loss 0.3806 | train UAR 0.7114 | val UAR 0.7020
  Epoch 23/30 | loss 0.3670 | train UAR 0.7394 | val UAR 0.7125
  Epoch 24/30 | loss 0.3346 | train UAR 0.7616 | val UAR 0.7168
  Epoch 25/30 | loss 0.3549 | train UAR 0.7504 | val UAR 0.7047
  Epoch 26/30 | loss 0.3261 | train UAR 0.7670 | val UAR 0.7259
    ↳ best model saved (UAR 0.7259)
  Epoch 27/30 | loss 0.3324 | train UAR 0.7696 | val UAR 0.6630
  Epoch 28/30 | loss 0.3138 | train UAR 0.7878 | val UAR 0.6896
  Epoch 29/30 | loss 0.2935 | train UAR 0.7987 | val UAR 0.7222
  Epoch 30/30 | loss 0.2813 | train UAR 0.8037 | val UAR 0.6983
  Training plot saved to /home/michraf/Thesis/results/20260523_193336_ConGrAD-BASE/run_2/training.png
              precision    recall  f1-score   support

          HC       0.75      0.48      0.59       110
         MCI       0.59      0.81      0.69        90
    Dementia       0.82      0.89      0.86        66

    accuracy                           0.70       266
   macro avg       0.72      0.73      0.71       266
weighted avg       0.71      0.70      0.69       266


========================================
Run 4/5 (seed=27)
========================================
  Epoch 01/30 | loss 0.7996 | train UAR 0.3306 | val UAR 0.3333
    ↳ best model saved (UAR 0.3333)
  Epoch 02/30 | loss 0.7135 | train UAR 0.3579 | val UAR 0.4404
    ↳ best model saved (UAR 0.4404)
  Epoch 03/30 | loss 0.6677 | train UAR 0.4188 | val UAR 0.5232
    ↳ best model saved (UAR 0.5232)
  Epoch 04/30 | loss 0.6208 | train UAR 0.4650 | val UAR 0.4572
  Epoch 05/30 | loss 0.5888 | train UAR 0.5300 | val UAR 0.3785
  Epoch 06/30 | loss 0.5674 | train UAR 0.5575 | val UAR 0.6663
    ↳ best model saved (UAR 0.6663)
  Epoch 07/30 | loss 0.5686 | train UAR 0.5390 | val UAR 0.6081
  Epoch 08/30 | loss 0.5457 | train UAR 0.5803 | val UAR 0.6714
    ↳ best model saved (UAR 0.6714)
  Epoch 09/30 | loss 0.5577 | train UAR 0.5776 | val UAR 0.5343
  Epoch 10/30 | loss 0.5427 | train UAR 0.5686 | val UAR 0.6690
  Epoch 11/30 | loss 0.5185 | train UAR 0.6008 | val UAR 0.6542
  Epoch 12/30 | loss 0.5032 | train UAR 0.6031 | val UAR 0.6943
    ↳ best model saved (UAR 0.6943)
  Epoch 13/30 | loss 0.5030 | train UAR 0.6372 | val UAR 0.6744
  Epoch 14/30 | loss 0.4902 | train UAR 0.6283 | val UAR 0.6785
  Epoch 15/30 | loss 0.4750 | train UAR 0.6353 | val UAR 0.6215
  Epoch 16/30 | loss 0.4426 | train UAR 0.6613 | val UAR 0.6572
  Epoch 17/30 | loss 0.4407 | train UAR 0.6741 | val UAR 0.6882
  Epoch 18/30 | loss 0.4267 | train UAR 0.6919 | val UAR 0.6313
  Epoch 19/30 | loss 0.4329 | train UAR 0.6667 | val UAR 0.7168
    ↳ best model saved (UAR 0.7168)
  Epoch 20/30 | loss 0.4121 | train UAR 0.7133 | val UAR 0.6316
  Epoch 21/30 | loss 0.4028 | train UAR 0.6977 | val UAR 0.6976
  Epoch 22/30 | loss 0.3858 | train UAR 0.7046 | val UAR 0.6980
  Epoch 23/30 | loss 0.3870 | train UAR 0.7147 | val UAR 0.7118
  Epoch 24/30 | loss 0.3653 | train UAR 0.7277 | val UAR 0.7246
    ↳ best model saved (UAR 0.7246)
  Epoch 25/30 | loss 0.3585 | train UAR 0.7359 | val UAR 0.7131
  Epoch 26/30 | loss 0.3376 | train UAR 0.7400 | val UAR 0.6973
  Epoch 27/30 | loss 0.3419 | train UAR 0.7404 | val UAR 0.6670
  Epoch 28/30 | loss 0.3225 | train UAR 0.7612 | val UAR 0.6973
  Epoch 29/30 | loss 0.3061 | train UAR 0.7650 | val UAR 0.7121
  Epoch 30/30 | loss 0.2886 | train UAR 0.7796 | val UAR 0.7071
  Training plot saved to /home/michraf/Thesis/results/20260523_193336_ConGrAD-BASE/run_3/training.png
              precision    recall  f1-score   support

          HC       0.64      0.69      0.67       110
         MCI       0.67      0.66      0.66        90
    Dementia       0.90      0.82      0.86        66

    accuracy                           0.71       266
   macro avg       0.74      0.72      0.73       266
weighted avg       0.72      0.71      0.71       266


========================================
Run 5/5 (seed=28)
========================================
  Epoch 01/30 | loss 0.8039 | train UAR 0.3341 | val UAR 0.3333
    ↳ best model saved (UAR 0.3333)
  Epoch 02/30 | loss 0.7357 | train UAR 0.3473 | val UAR 0.3377
    ↳ best model saved (UAR 0.3377)
  Epoch 03/30 | loss 0.6640 | train UAR 0.3949 | val UAR 0.4684
    ↳ best model saved (UAR 0.4684)
  Epoch 04/30 | loss 0.6346 | train UAR 0.4575 | val UAR 0.3966
  Epoch 05/30 | loss 0.6063 | train UAR 0.5012 | val UAR 0.5074
    ↳ best model saved (UAR 0.5074)
  Epoch 06/30 | loss 0.5943 | train UAR 0.5109 | val UAR 0.5340
    ↳ best model saved (UAR 0.5340)
  Epoch 07/30 | loss 0.5809 | train UAR 0.5460 | val UAR 0.5616
    ↳ best model saved (UAR 0.5616)
  Epoch 08/30 | loss 0.5552 | train UAR 0.5653 | val UAR 0.4687
  Epoch 09/30 | loss 0.5422 | train UAR 0.5938 | val UAR 0.5337
  Epoch 10/30 | loss 0.5259 | train UAR 0.6195 | val UAR 0.6512
    ↳ best model saved (UAR 0.6512)
  Epoch 11/30 | loss 0.5222 | train UAR 0.5976 | val UAR 0.4589
  Epoch 12/30 | loss 0.5044 | train UAR 0.6289 | val UAR 0.7003
    ↳ best model saved (UAR 0.7003)
  Epoch 13/30 | loss 0.4810 | train UAR 0.6289 | val UAR 0.6347
  Epoch 14/30 | loss 0.4835 | train UAR 0.6423 | val UAR 0.6387
  Epoch 15/30 | loss 0.4551 | train UAR 0.6645 | val UAR 0.7229
    ↳ best model saved (UAR 0.7229)
  Epoch 16/30 | loss 0.4474 | train UAR 0.6556 | val UAR 0.7340
    ↳ best model saved (UAR 0.7340)
  Epoch 17/30 | loss 0.4453 | train UAR 0.6847 | val UAR 0.6636
  Epoch 18/30 | loss 0.4176 | train UAR 0.6790 | val UAR 0.7508
    ↳ best model saved (UAR 0.7508)
  Epoch 19/30 | loss 0.4240 | train UAR 0.6886 | val UAR 0.6542
  Epoch 20/30 | loss 0.4048 | train UAR 0.7143 | val UAR 0.6620
  Epoch 21/30 | loss 0.3986 | train UAR 0.6944 | val UAR 0.6465
  Epoch 22/30 | loss 0.3910 | train UAR 0.7322 | val UAR 0.5350
  Epoch 23/30 | loss 0.3700 | train UAR 0.7217 | val UAR 0.7535
    ↳ best model saved (UAR 0.7535)
  Epoch 24/30 | loss 0.3742 | train UAR 0.7222 | val UAR 0.6603
  Epoch 25/30 | loss 0.3646 | train UAR 0.7352 | val UAR 0.6687
  Epoch 26/30 | loss 0.3487 | train UAR 0.7415 | val UAR 0.7239
  Epoch 27/30 | loss 0.3394 | train UAR 0.7574 | val UAR 0.7253
  Epoch 28/30 | loss 0.3224 | train UAR 0.7621 | val UAR 0.7020
  Epoch 29/30 | loss 0.3120 | train UAR 0.7805 | val UAR 0.7044
  Epoch 30/30 | loss 0.3116 | train UAR 0.7675 | val UAR 0.7081
  Training plot saved to /home/michraf/Thesis/results/20260523_193336_ConGrAD-BASE/run_4/training.png
              precision    recall  f1-score   support

          HC       0.87      0.43      0.57       110
         MCI       0.59      0.90      0.71        90
    Dementia       0.82      0.92      0.87        66

    accuracy                           0.71       266
   macro avg       0.76      0.75      0.72       266
weighted avg       0.76      0.71      0.69       266


Results saved to /home/michraf/Thesis/results/20260523_193336_ConGrAD-BASE/results.csv
