Run dir: /home/michraf/Thesis/results/20260519_172944_baseline_opt_bs16
Loaded 2203/2204 samples with embeddings
Loaded 266/266 samples with embeddings

==================================================
EXPERIMENT:  baseline_opt_bs16
==================================================
Baseline experiment after the hyperparameter optimization. Here, batch size=16. We might have to increase it and re-run HPO. 


==================================================
MODEL ARCHITECTURE & PARAMETERS
==================================================
CoAttentionClassifier(
  (audio_proj): Linear(in_features=1024, out_features=512, bias=True)
  (text_proj): Linear(in_features=768, out_features=512, bias=True)
  (layers): ModuleList(
    (0-1): 2 x CoAttentionBlock(
      (audio_attn): MultiheadAttention(
        (out_proj): NonDynamicallyQuantizableLinear(in_features=512, out_features=512, bias=True)
      )
      (text_attn): MultiheadAttention(
        (out_proj): NonDynamicallyQuantizableLinear(in_features=512, out_features=512, bias=True)
      )
      (ffn_a): Sequential(
        (0): Linear(in_features=512, out_features=2048, bias=True)
        (1): GELU(approximate='none')
        (2): Dropout(p=0.1, inplace=False)
        (3): Linear(in_features=2048, out_features=512, bias=True)
      )
      (ffn_t): Sequential(
        (0): Linear(in_features=512, out_features=2048, bias=True)
        (1): GELU(approximate='none')
        (2): Dropout(p=0.1, inplace=False)
        (3): Linear(in_features=2048, out_features=512, bias=True)
      )
      (norm_a1): LayerNorm((512,), eps=1e-05, elementwise_affine=True)
      (norm_t1): LayerNorm((512,), eps=1e-05, elementwise_affine=True)
      (norm_a2): LayerNorm((512,), eps=1e-05, elementwise_affine=True)
      (norm_t2): LayerNorm((512,), eps=1e-05, elementwise_affine=True)
    )
  )
  (classifier): Sequential(
    (0): Linear(in_features=1024, out_features=512, bias=True)
    (1): GELU(approximate='none')
    (2): Dropout(p=0.1, inplace=False)
    (3): Linear(in_features=512, out_features=3, bias=True)
  )
)
--------------------------------------------------
Total parameters:     14,054,403
Trainable parameters: 14,054,403
Non-trainable params: 0
==================================================


========================================
Run 1/5 (seed=24)
========================================
  Epoch 01/30 | loss 0.7153 | train UAR 0.3744 | val UAR 0.3498
    ↳ best model saved (UAR 0.3498)
  Epoch 02/30 | loss 0.6130 | train UAR 0.4886 | val UAR 0.6428
    ↳ best model saved (UAR 0.6428)
  Epoch 03/30 | loss 0.5425 | train UAR 0.5688 | val UAR 0.5657
  Epoch 04/30 | loss 0.5048 | train UAR 0.6069 | val UAR 0.6707
    ↳ best model saved (UAR 0.6707)
  Epoch 05/30 | loss 0.4752 | train UAR 0.6421 | val UAR 0.6990
    ↳ best model saved (UAR 0.6990)
  Epoch 06/30 | loss 0.4410 | train UAR 0.6679 | val UAR 0.7387
    ↳ best model saved (UAR 0.7387)
  Epoch 07/30 | loss 0.4151 | train UAR 0.6765 | val UAR 0.6613
  Epoch 08/30 | loss 0.3951 | train UAR 0.7127 | val UAR 0.6037
  Epoch 09/30 | loss 0.3984 | train UAR 0.7094 | val UAR 0.6162
  Epoch 10/30 | loss 0.3667 | train UAR 0.7222 | val UAR 0.6256
  Epoch 11/30 | loss 0.3483 | train UAR 0.7517 | val UAR 0.7215
  Epoch 12/30 | loss 0.3126 | train UAR 0.7896 | val UAR 0.6360
  Epoch 13/30 | loss 0.3325 | train UAR 0.7679 | val UAR 0.6983
  Epoch 14/30 | loss 0.3237 | train UAR 0.7664 | val UAR 0.7104
  Early stopping triggered at epoch 14
  Training plot saved to /home/michraf/Thesis/results/20260519_172944_baseline_opt_bs16/run_0/training.png
              precision    recall  f1-score   support

          HC       0.76      0.46      0.58       110
         MCI       0.61      0.89      0.72        90
    Dementia       0.85      0.86      0.86        66

    accuracy                           0.71       266
   macro avg       0.74      0.74      0.72       266
weighted avg       0.73      0.71      0.69       266


========================================
Run 2/5 (seed=25)
========================================
  Epoch 01/30 | loss 0.7407 | train UAR 0.3541 | val UAR 0.3333
    ↳ best model saved (UAR 0.3333)
  Epoch 02/30 | loss 0.6347 | train UAR 0.4295 | val UAR 0.4909
    ↳ best model saved (UAR 0.4909)
  Epoch 03/30 | loss 0.5770 | train UAR 0.5161 | val UAR 0.3586
  Epoch 04/30 | loss 0.5283 | train UAR 0.5659 | val UAR 0.5589
    ↳ best model saved (UAR 0.5589)
  Epoch 05/30 | loss 0.4974 | train UAR 0.6081 | val UAR 0.6040
    ↳ best model saved (UAR 0.6040)
  Epoch 06/30 | loss 0.4666 | train UAR 0.6333 | val UAR 0.6205
    ↳ best model saved (UAR 0.6205)
  Epoch 07/30 | loss 0.4517 | train UAR 0.6569 | val UAR 0.6330
    ↳ best model saved (UAR 0.6330)
  Epoch 08/30 | loss 0.4108 | train UAR 0.6825 | val UAR 0.6279
  Epoch 09/30 | loss 0.3967 | train UAR 0.7058 | val UAR 0.6673
    ↳ best model saved (UAR 0.6673)
  Epoch 10/30 | loss 0.3675 | train UAR 0.7134 | val UAR 0.6374
  Epoch 11/30 | loss 0.3794 | train UAR 0.7087 | val UAR 0.6370
  Epoch 12/30 | loss 0.3651 | train UAR 0.7198 | val UAR 0.6401
  Epoch 13/30 | loss 0.3373 | train UAR 0.7403 | val UAR 0.6886
    ↳ best model saved (UAR 0.6886)
  Epoch 14/30 | loss 0.3287 | train UAR 0.7689 | val UAR 0.6545
  Epoch 15/30 | loss 0.2966 | train UAR 0.7810 | val UAR 0.6498
  Epoch 16/30 | loss 0.2886 | train UAR 0.7872 | val UAR 0.6953
    ↳ best model saved (UAR 0.6953)
  Epoch 17/30 | loss 0.2961 | train UAR 0.7704 | val UAR 0.6630
  Epoch 18/30 | loss 0.2635 | train UAR 0.8097 | val UAR 0.6562
  Epoch 19/30 | loss 0.2614 | train UAR 0.8205 | val UAR 0.6835
  Epoch 20/30 | loss 0.2382 | train UAR 0.8277 | val UAR 0.6468
  Epoch 21/30 | loss 0.2362 | train UAR 0.8381 | val UAR 0.6886
  Epoch 22/30 | loss 0.2136 | train UAR 0.8640 | val UAR 0.6896
  Epoch 23/30 | loss 0.2060 | train UAR 0.8642 | val UAR 0.6886
  Epoch 24/30 | loss 0.1940 | train UAR 0.8757 | val UAR 0.6852
  Early stopping triggered at epoch 24
  Training plot saved to /home/michraf/Thesis/results/20260519_172944_baseline_opt_bs16/run_1/training.png
              precision    recall  f1-score   support

          HC       0.70      0.38      0.49       110
         MCI       0.61      0.86      0.71        90
    Dementia       0.71      0.85      0.77        66

    accuracy                           0.66       266
   macro avg       0.67      0.70      0.66       266
weighted avg       0.67      0.66      0.64       266


========================================
Run 3/5 (seed=26)
========================================
  Epoch 01/30 | loss 0.7438 | train UAR 0.3678 | val UAR 0.3488
    ↳ best model saved (UAR 0.3488)
  Epoch 02/30 | loss 0.6366 | train UAR 0.4416 | val UAR 0.4175
    ↳ best model saved (UAR 0.4175)
  Epoch 03/30 | loss 0.5622 | train UAR 0.5368 | val UAR 0.6424
    ↳ best model saved (UAR 0.6424)
  Epoch 04/30 | loss 0.5198 | train UAR 0.5789 | val UAR 0.6529
    ↳ best model saved (UAR 0.6529)
  Epoch 05/30 | loss 0.4795 | train UAR 0.6344 | val UAR 0.6037
  Epoch 06/30 | loss 0.4564 | train UAR 0.6363 | val UAR 0.6805
    ↳ best model saved (UAR 0.6805)
  Epoch 07/30 | loss 0.4365 | train UAR 0.6675 | val UAR 0.6027
  Epoch 08/30 | loss 0.4230 | train UAR 0.6841 | val UAR 0.6569
  Epoch 09/30 | loss 0.3930 | train UAR 0.7095 | val UAR 0.6690
  Epoch 10/30 | loss 0.3931 | train UAR 0.7046 | val UAR 0.6892
    ↳ best model saved (UAR 0.6892)
  Epoch 11/30 | loss 0.3513 | train UAR 0.7421 | val UAR 0.6710
  Epoch 12/30 | loss 0.3207 | train UAR 0.7611 | val UAR 0.6620
  Epoch 13/30 | loss 0.3174 | train UAR 0.7846 | val UAR 0.6704
  Epoch 14/30 | loss 0.3059 | train UAR 0.7793 | val UAR 0.6434
  Epoch 15/30 | loss 0.2956 | train UAR 0.7840 | val UAR 0.6838
  Epoch 16/30 | loss 0.2652 | train UAR 0.8213 | val UAR 0.6949
    ↳ best model saved (UAR 0.6949)
  Epoch 17/30 | loss 0.2421 | train UAR 0.8494 | val UAR 0.6889
  Epoch 18/30 | loss 0.2339 | train UAR 0.8497 | val UAR 0.7266
    ↳ best model saved (UAR 0.7266)
  Epoch 19/30 | loss 0.2340 | train UAR 0.8451 | val UAR 0.6677
  Epoch 20/30 | loss 0.2055 | train UAR 0.8733 | val UAR 0.6734
  Epoch 21/30 | loss 0.1720 | train UAR 0.8856 | val UAR 0.6862
  Epoch 22/30 | loss 0.1847 | train UAR 0.8756 | val UAR 0.6865
  Epoch 23/30 | loss 0.1805 | train UAR 0.8806 | val UAR 0.6448
  Epoch 24/30 | loss 0.1881 | train UAR 0.8825 | val UAR 0.6468
  Epoch 25/30 | loss 0.1236 | train UAR 0.9193 | val UAR 0.7215
  Epoch 26/30 | loss 0.1514 | train UAR 0.9053 | val UAR 0.6953
  Early stopping triggered at epoch 26
  Training plot saved to /home/michraf/Thesis/results/20260519_172944_baseline_opt_bs16/run_2/training.png
              precision    recall  f1-score   support

          HC       0.64      0.81      0.71       110
         MCI       0.70      0.52      0.60        90
    Dementia       0.93      0.85      0.89        66

    accuracy                           0.72       266
   macro avg       0.76      0.73      0.73       266
weighted avg       0.73      0.72      0.72       266


========================================
Run 4/5 (seed=27)
========================================
  Epoch 01/30 | loss 0.7093 | train UAR 0.3769 | val UAR 0.5074
    ↳ best model saved (UAR 0.5074)
  Epoch 02/30 | loss 0.6135 | train UAR 0.4798 | val UAR 0.6165
    ↳ best model saved (UAR 0.6165)
  Epoch 03/30 | loss 0.5557 | train UAR 0.5489 | val UAR 0.6098
  Epoch 04/30 | loss 0.5017 | train UAR 0.6166 | val UAR 0.6498
    ↳ best model saved (UAR 0.6498)
  Epoch 05/30 | loss 0.4711 | train UAR 0.6350 | val UAR 0.6529
    ↳ best model saved (UAR 0.6529)
  Epoch 06/30 | loss 0.4443 | train UAR 0.6614 | val UAR 0.6737
    ↳ best model saved (UAR 0.6737)
  Epoch 07/30 | loss 0.4278 | train UAR 0.6589 | val UAR 0.6956
    ↳ best model saved (UAR 0.6956)
  Epoch 08/30 | loss 0.3827 | train UAR 0.7325 | val UAR 0.6805
  Epoch 09/30 | loss 0.3642 | train UAR 0.7207 | val UAR 0.6343
  Epoch 10/30 | loss 0.3488 | train UAR 0.7448 | val UAR 0.6051
  Epoch 11/30 | loss 0.3503 | train UAR 0.7459 | val UAR 0.7165
    ↳ best model saved (UAR 0.7165)
  Epoch 12/30 | loss 0.3191 | train UAR 0.7607 | val UAR 0.6178
  Epoch 13/30 | loss 0.3023 | train UAR 0.7905 | val UAR 0.6751
  Epoch 14/30 | loss 0.2804 | train UAR 0.8077 | val UAR 0.7276
    ↳ best model saved (UAR 0.7276)
  Epoch 15/30 | loss 0.2863 | train UAR 0.8009 | val UAR 0.6495
  Epoch 16/30 | loss 0.2669 | train UAR 0.8103 | val UAR 0.6343
  Epoch 17/30 | loss 0.2668 | train UAR 0.8123 | val UAR 0.6929
  Epoch 18/30 | loss 0.2356 | train UAR 0.8400 | val UAR 0.6593
  Epoch 19/30 | loss 0.2261 | train UAR 0.8448 | val UAR 0.6731
  Epoch 20/30 | loss 0.2026 | train UAR 0.8550 | val UAR 0.6273
  Epoch 21/30 | loss 0.1974 | train UAR 0.8694 | val UAR 0.6158
  Epoch 22/30 | loss 0.2228 | train UAR 0.8473 | val UAR 0.6845
  Early stopping triggered at epoch 22
  Training plot saved to /home/michraf/Thesis/results/20260519_172944_baseline_opt_bs16/run_3/training.png
              precision    recall  f1-score   support

          HC       0.69      0.63      0.66       110
         MCI       0.62      0.72      0.67        90
    Dementia       0.90      0.83      0.87        66

    accuracy                           0.71       266
   macro avg       0.74      0.73      0.73       266
weighted avg       0.72      0.71      0.71       266


========================================
Run 5/5 (seed=28)
========================================
  Epoch 01/30 | loss 0.7308 | train UAR 0.3491 | val UAR 0.4956
    ↳ best model saved (UAR 0.4956)
  Epoch 02/30 | loss 0.6336 | train UAR 0.4489 | val UAR 0.6364
    ↳ best model saved (UAR 0.6364)
  Epoch 03/30 | loss 0.5547 | train UAR 0.5638 | val UAR 0.5508
  Epoch 04/30 | loss 0.5045 | train UAR 0.6087 | val UAR 0.4832
  Epoch 05/30 | loss 0.4638 | train UAR 0.6288 | val UAR 0.6219
  Epoch 06/30 | loss 0.4332 | train UAR 0.6476 | val UAR 0.6825
    ↳ best model saved (UAR 0.6825)
  Epoch 07/30 | loss 0.4230 | train UAR 0.6761 | val UAR 0.6475
  Epoch 08/30 | loss 0.3756 | train UAR 0.7064 | val UAR 0.6350
  Epoch 09/30 | loss 0.3464 | train UAR 0.7376 | val UAR 0.6694
  Epoch 10/30 | loss 0.3546 | train UAR 0.7257 | val UAR 0.6677
  Epoch 11/30 | loss 0.3278 | train UAR 0.7472 | val UAR 0.6754
  Epoch 12/30 | loss 0.3277 | train UAR 0.7609 | val UAR 0.6761
  Epoch 13/30 | loss 0.3107 | train UAR 0.7691 | val UAR 0.6943
    ↳ best model saved (UAR 0.6943)
  Epoch 14/30 | loss 0.2992 | train UAR 0.7945 | val UAR 0.7226
    ↳ best model saved (UAR 0.7226)
  Epoch 15/30 | loss 0.2672 | train UAR 0.8014 | val UAR 0.6949
  Epoch 16/30 | loss 0.2894 | train UAR 0.7989 | val UAR 0.6778
  Epoch 17/30 | loss 0.2404 | train UAR 0.8291 | val UAR 0.6768
  Epoch 18/30 | loss 0.2536 | train UAR 0.8271 | val UAR 0.6044
  Epoch 19/30 | loss 0.2562 | train UAR 0.8197 | val UAR 0.7276
    ↳ best model saved (UAR 0.7276)
  Epoch 20/30 | loss 0.2319 | train UAR 0.8557 | val UAR 0.6680
  Epoch 21/30 | loss 0.2177 | train UAR 0.8541 | val UAR 0.6492
  Epoch 22/30 | loss 0.2142 | train UAR 0.8506 | val UAR 0.6916
  Epoch 23/30 | loss 0.1725 | train UAR 0.8927 | val UAR 0.7007
  Epoch 24/30 | loss 0.1740 | train UAR 0.8860 | val UAR 0.6865
  Epoch 25/30 | loss 0.1563 | train UAR 0.8928 | val UAR 0.7205
  Epoch 26/30 | loss 0.1623 | train UAR 0.8916 | val UAR 0.7047
  Epoch 27/30 | loss 0.1574 | train UAR 0.8871 | val UAR 0.7037
  Early stopping triggered at epoch 27
  Training plot saved to /home/michraf/Thesis/results/20260519_172944_baseline_opt_bs16/run_4/training.png
              precision    recall  f1-score   support

          HC       0.66      0.75      0.71       110
         MCI       0.67      0.66      0.66        90
    Dementia       0.96      0.77      0.86        66

    accuracy                           0.73       266
   macro avg       0.77      0.73      0.74       266
weighted avg       0.74      0.73      0.73       266


Results saved to /home/michraf/Thesis/results/20260519_172944_baseline_opt_bs16/results.csv
