Run dir: /home/michraf/Thesis/results/20260519_194926_baseline_opt_bs32
Loaded 2203/2204 samples with embeddings
Loaded 266/266 samples with embeddings

==================================================
EXPERIMENT:  baseline_opt_bs32
==================================================
Baseline experiment after the hyperparameter optimization. 


==================================================
MODEL ARCHITECTURE & PARAMETERS
==================================================
CoAttentionClassifier(
  (audio_proj): Linear(in_features=1024, out_features=512, bias=True)
  (text_proj): Linear(in_features=768, out_features=512, bias=True)
  (layers): ModuleList(
    (0-2): 3 x CoAttentionBlock(
      (audio_attn): MultiheadAttention(
        (out_proj): NonDynamicallyQuantizableLinear(in_features=512, out_features=512, bias=True)
      )
      (text_attn): MultiheadAttention(
        (out_proj): NonDynamicallyQuantizableLinear(in_features=512, out_features=512, bias=True)
      )
      (ffn_a): Sequential(
        (0): Linear(in_features=512, out_features=2048, bias=True)
        (1): GELU(approximate='none')
        (2): Dropout(p=0.4, inplace=False)
        (3): Linear(in_features=2048, out_features=512, bias=True)
      )
      (ffn_t): Sequential(
        (0): Linear(in_features=512, out_features=2048, bias=True)
        (1): GELU(approximate='none')
        (2): Dropout(p=0.4, inplace=False)
        (3): Linear(in_features=2048, out_features=512, bias=True)
      )
      (norm_a1): LayerNorm((512,), eps=1e-05, elementwise_affine=True)
      (norm_t1): LayerNorm((512,), eps=1e-05, elementwise_affine=True)
      (norm_a2): LayerNorm((512,), eps=1e-05, elementwise_affine=True)
      (norm_t2): LayerNorm((512,), eps=1e-05, elementwise_affine=True)
    )
  )
  (classifier): Sequential(
    (0): Linear(in_features=1024, out_features=512, bias=True)
    (1): GELU(approximate='none')
    (2): Dropout(p=0.4, inplace=False)
    (3): Linear(in_features=512, out_features=3, bias=True)
  )
)
--------------------------------------------------
Total parameters:     20,359,171
Trainable parameters: 20,359,171
Non-trainable params: 0
==================================================


========================================
Run 1/5 (seed=24)
========================================
  Epoch 01/30 | loss 0.7368 | train UAR 0.3713 | val UAR 0.3828
    ↳ best model saved (UAR 0.3828)
  Epoch 02/30 | loss 0.6357 | train UAR 0.4783 | val UAR 0.4882
    ↳ best model saved (UAR 0.4882)
  Epoch 03/30 | loss 0.5869 | train UAR 0.5322 | val UAR 0.5633
    ↳ best model saved (UAR 0.5633)
  Epoch 04/30 | loss 0.5475 | train UAR 0.5854 | val UAR 0.4832
  Epoch 05/30 | loss 0.5147 | train UAR 0.6176 | val UAR 0.6475
    ↳ best model saved (UAR 0.6475)
  Epoch 06/30 | loss 0.4820 | train UAR 0.6372 | val UAR 0.6397
  Epoch 07/30 | loss 0.4426 | train UAR 0.6475 | val UAR 0.6694
    ↳ best model saved (UAR 0.6694)
  Epoch 08/30 | loss 0.4211 | train UAR 0.6810 | val UAR 0.6643
  Epoch 09/30 | loss 0.4236 | train UAR 0.6905 | val UAR 0.5774
  Epoch 10/30 | loss 0.4096 | train UAR 0.7029 | val UAR 0.6727
    ↳ best model saved (UAR 0.6727)
  Epoch 11/30 | loss 0.3520 | train UAR 0.7320 | val UAR 0.7195
    ↳ best model saved (UAR 0.7195)
  Epoch 12/30 | loss 0.3209 | train UAR 0.7734 | val UAR 0.6515
  Epoch 13/30 | loss 0.3049 | train UAR 0.7688 | val UAR 0.7081
  Epoch 14/30 | loss 0.3016 | train UAR 0.7740 | val UAR 0.6808
  Epoch 15/30 | loss 0.2768 | train UAR 0.8089 | val UAR 0.6397
  Epoch 16/30 | loss 0.2577 | train UAR 0.8116 | val UAR 0.7276
    ↳ best model saved (UAR 0.7276)
  Epoch 17/30 | loss 0.2623 | train UAR 0.8260 | val UAR 0.6650
  Epoch 18/30 | loss 0.2571 | train UAR 0.8154 | val UAR 0.7155
  Epoch 19/30 | loss 0.2308 | train UAR 0.8477 | val UAR 0.6182
  Epoch 20/30 | loss 0.1961 | train UAR 0.8660 | val UAR 0.7074
  Epoch 21/30 | loss 0.1783 | train UAR 0.8913 | val UAR 0.7007
  Epoch 22/30 | loss 0.1855 | train UAR 0.8851 | val UAR 0.7256
  Epoch 23/30 | loss 0.2043 | train UAR 0.8693 | val UAR 0.7091
  Epoch 24/30 | loss 0.1763 | train UAR 0.8895 | val UAR 0.7158
  Epoch 25/30 | loss 0.1471 | train UAR 0.9145 | val UAR 0.6771
  Epoch 26/30 | loss 0.1725 | train UAR 0.8807 | val UAR 0.7222
  Epoch 27/30 | loss 0.1421 | train UAR 0.9093 | val UAR 0.7461
    ↳ best model saved (UAR 0.7461)
  Epoch 28/30 | loss 0.1201 | train UAR 0.9316 | val UAR 0.6717
  Epoch 29/30 | loss 0.1142 | train UAR 0.9282 | val UAR 0.7007
  Epoch 30/30 | loss 0.1087 | train UAR 0.9308 | val UAR 0.6535
  Training plot saved to /home/michraf/Thesis/results/20260519_194926_baseline_opt_bs32/run_0/training.png
              precision    recall  f1-score   support

          HC       0.68      0.81      0.74       110
         MCI       0.71      0.61      0.66        90
    Dementia       0.93      0.82      0.87        66

    accuracy                           0.74       266
   macro avg       0.77      0.75      0.76       266
weighted avg       0.75      0.74      0.74       266


========================================
Run 2/5 (seed=25)
========================================
  Epoch 01/30 | loss 0.7618 | train UAR 0.3602 | val UAR 0.3333
    ↳ best model saved (UAR 0.3333)
  Epoch 02/30 | loss 0.6674 | train UAR 0.4228 | val UAR 0.4239
    ↳ best model saved (UAR 0.4239)
  Epoch 03/30 | loss 0.6134 | train UAR 0.5011 | val UAR 0.6168
    ↳ best model saved (UAR 0.6168)
  Epoch 04/30 | loss 0.5534 | train UAR 0.5540 | val UAR 0.4919
  Epoch 05/30 | loss 0.5093 | train UAR 0.6138 | val UAR 0.5650
  Epoch 06/30 | loss 0.4884 | train UAR 0.6310 | val UAR 0.6505
    ↳ best model saved (UAR 0.6505)
  Epoch 07/30 | loss 0.4713 | train UAR 0.6290 | val UAR 0.6559
    ↳ best model saved (UAR 0.6559)
  Epoch 08/30 | loss 0.4446 | train UAR 0.6656 | val UAR 0.6492
  Epoch 09/30 | loss 0.4158 | train UAR 0.6798 | val UAR 0.6522
  Epoch 10/30 | loss 0.3835 | train UAR 0.7265 | val UAR 0.6441
  Epoch 11/30 | loss 0.3517 | train UAR 0.7319 | val UAR 0.6505
  Epoch 12/30 | loss 0.3447 | train UAR 0.7448 | val UAR 0.7199
    ↳ best model saved (UAR 0.7199)
  Epoch 13/30 | loss 0.3209 | train UAR 0.7704 | val UAR 0.6875
  Epoch 14/30 | loss 0.3489 | train UAR 0.7570 | val UAR 0.7010
  Epoch 15/30 | loss 0.2800 | train UAR 0.8017 | val UAR 0.6889
  Epoch 16/30 | loss 0.2877 | train UAR 0.8072 | val UAR 0.6801
  Epoch 17/30 | loss 0.2416 | train UAR 0.8315 | val UAR 0.6670
  Epoch 18/30 | loss 0.2274 | train UAR 0.8483 | val UAR 0.6909
  Epoch 19/30 | loss 0.2354 | train UAR 0.8493 | val UAR 0.6973
  Epoch 20/30 | loss 0.1839 | train UAR 0.8829 | val UAR 0.6152
  Epoch 21/30 | loss 0.1947 | train UAR 0.8763 | val UAR 0.6276
  Epoch 22/30 | loss 0.2012 | train UAR 0.8722 | val UAR 0.6778
  Epoch 23/30 | loss 0.1979 | train UAR 0.8773 | val UAR 0.6370
  Epoch 24/30 | loss 0.1724 | train UAR 0.8989 | val UAR 0.6613
  Epoch 25/30 | loss 0.1680 | train UAR 0.9010 | val UAR 0.6758
  Epoch 26/30 | loss 0.1492 | train UAR 0.9080 | val UAR 0.6660
  Epoch 27/30 | loss 0.1437 | train UAR 0.9160 | val UAR 0.6529
  Early stopping triggered at epoch 27
  Training plot saved to /home/michraf/Thesis/results/20260519_194926_baseline_opt_bs32/run_1/training.png
              precision    recall  f1-score   support

          HC       0.71      0.56      0.63       110
         MCI       0.59      0.78      0.67        90
    Dementia       0.90      0.82      0.86        66

    accuracy                           0.70       266
   macro avg       0.73      0.72      0.72       266
weighted avg       0.72      0.70      0.70       266


========================================
Run 3/5 (seed=26)
========================================
  Epoch 01/30 | loss 0.7445 | train UAR 0.3569 | val UAR 0.3532
    ↳ best model saved (UAR 0.3532)
  Epoch 02/30 | loss 0.6595 | train UAR 0.4232 | val UAR 0.5256
    ↳ best model saved (UAR 0.5256)
  Epoch 03/30 | loss 0.5994 | train UAR 0.5120 | val UAR 0.4677
  Epoch 04/30 | loss 0.5604 | train UAR 0.5545 | val UAR 0.6074
    ↳ best model saved (UAR 0.6074)
  Epoch 05/30 | loss 0.5078 | train UAR 0.6093 | val UAR 0.6461
    ↳ best model saved (UAR 0.6461)
  Epoch 06/30 | loss 0.4699 | train UAR 0.6543 | val UAR 0.5721
  Epoch 07/30 | loss 0.4386 | train UAR 0.6623 | val UAR 0.6226
  Epoch 08/30 | loss 0.4237 | train UAR 0.6925 | val UAR 0.6670
    ↳ best model saved (UAR 0.6670)
  Epoch 09/30 | loss 0.4169 | train UAR 0.6647 | val UAR 0.5983
  Epoch 10/30 | loss 0.3877 | train UAR 0.7056 | val UAR 0.6596
  Epoch 11/30 | loss 0.3784 | train UAR 0.7064 | val UAR 0.6825
    ↳ best model saved (UAR 0.6825)
  Epoch 12/30 | loss 0.3561 | train UAR 0.7362 | val UAR 0.6172
  Epoch 13/30 | loss 0.3294 | train UAR 0.7581 | val UAR 0.5798
  Epoch 14/30 | loss 0.3478 | train UAR 0.7357 | val UAR 0.6704
  Epoch 15/30 | loss 0.3171 | train UAR 0.7630 | val UAR 0.6418
  Epoch 16/30 | loss 0.2870 | train UAR 0.8060 | val UAR 0.6774
  Epoch 17/30 | loss 0.2759 | train UAR 0.8000 | val UAR 0.6636
  Epoch 18/30 | loss 0.2411 | train UAR 0.8375 | val UAR 0.6465
  Epoch 19/30 | loss 0.2791 | train UAR 0.8178 | val UAR 0.6697
  Epoch 20/30 | loss 0.2483 | train UAR 0.8390 | val UAR 0.6943
    ↳ best model saved (UAR 0.6943)
  Epoch 21/30 | loss 0.2141 | train UAR 0.8580 | val UAR 0.6990
    ↳ best model saved (UAR 0.6990)
  Epoch 22/30 | loss 0.2154 | train UAR 0.8559 | val UAR 0.6620
  Epoch 23/30 | loss 0.1995 | train UAR 0.8690 | val UAR 0.7131
    ↳ best model saved (UAR 0.7131)
  Epoch 24/30 | loss 0.1840 | train UAR 0.8848 | val UAR 0.5886
  Epoch 25/30 | loss 0.1708 | train UAR 0.8876 | val UAR 0.7273
    ↳ best model saved (UAR 0.7273)
  Epoch 26/30 | loss 0.1515 | train UAR 0.8973 | val UAR 0.6822
  Epoch 27/30 | loss 0.1525 | train UAR 0.9104 | val UAR 0.6936
  Epoch 28/30 | loss 0.1401 | train UAR 0.9124 | val UAR 0.6811
  Epoch 29/30 | loss 0.1463 | train UAR 0.9110 | val UAR 0.6976
  Epoch 30/30 | loss 0.1058 | train UAR 0.9423 | val UAR 0.6939
  Training plot saved to /home/michraf/Thesis/results/20260519_194926_baseline_opt_bs32/run_2/training.png
              precision    recall  f1-score   support

          HC       0.65      0.65      0.65       110
         MCI       0.67      0.63      0.65        90
    Dementia       0.83      0.89      0.86        66

    accuracy                           0.71       266
   macro avg       0.72      0.73      0.72       266
weighted avg       0.70      0.71      0.70       266


========================================
Run 4/5 (seed=27)
========================================
  Epoch 01/30 | loss 0.7588 | train UAR 0.3641 | val UAR 0.3370
    ↳ best model saved (UAR 0.3370)
  Epoch 02/30 | loss 0.6773 | train UAR 0.4029 | val UAR 0.3333
  Epoch 03/30 | loss 0.5945 | train UAR 0.5036 | val UAR 0.3596
    ↳ best model saved (UAR 0.3596)
  Epoch 04/30 | loss 0.5904 | train UAR 0.5086 | val UAR 0.5259
    ↳ best model saved (UAR 0.5259)
  Epoch 05/30 | loss 0.5508 | train UAR 0.5490 | val UAR 0.6367
    ↳ best model saved (UAR 0.6367)
  Epoch 06/30 | loss 0.5079 | train UAR 0.6047 | val UAR 0.6172
  Epoch 07/30 | loss 0.4694 | train UAR 0.6385 | val UAR 0.6791
    ↳ best model saved (UAR 0.6791)
  Epoch 08/30 | loss 0.4397 | train UAR 0.6710 | val UAR 0.6620
  Epoch 09/30 | loss 0.4506 | train UAR 0.6666 | val UAR 0.6242
  Epoch 10/30 | loss 0.4477 | train UAR 0.6836 | val UAR 0.6744
  Epoch 11/30 | loss 0.3968 | train UAR 0.7074 | val UAR 0.7020
    ↳ best model saved (UAR 0.7020)
  Epoch 12/30 | loss 0.3712 | train UAR 0.7356 | val UAR 0.5431
  Epoch 13/30 | loss 0.3529 | train UAR 0.7538 | val UAR 0.6875
  Epoch 14/30 | loss 0.3314 | train UAR 0.7714 | val UAR 0.6623
  Epoch 15/30 | loss 0.3032 | train UAR 0.7789 | val UAR 0.7222
    ↳ best model saved (UAR 0.7222)
  Epoch 16/30 | loss 0.2857 | train UAR 0.8079 | val UAR 0.7071
  Epoch 17/30 | loss 0.2750 | train UAR 0.8113 | val UAR 0.7394
    ↳ best model saved (UAR 0.7394)
  Epoch 18/30 | loss 0.2603 | train UAR 0.8167 | val UAR 0.6862
  Epoch 19/30 | loss 0.2391 | train UAR 0.8423 | val UAR 0.6859
  Epoch 20/30 | loss 0.2622 | train UAR 0.8217 | val UAR 0.6768
  Epoch 21/30 | loss 0.2089 | train UAR 0.8558 | val UAR 0.6340
  Epoch 22/30 | loss 0.1978 | train UAR 0.8820 | val UAR 0.7236
  Epoch 23/30 | loss 0.1836 | train UAR 0.8841 | val UAR 0.6145
  Epoch 24/30 | loss 0.2194 | train UAR 0.8458 | val UAR 0.6781
  Epoch 25/30 | loss 0.1647 | train UAR 0.8918 | val UAR 0.7094
  Epoch 26/30 | loss 0.1665 | train UAR 0.8962 | val UAR 0.6946
  Epoch 27/30 | loss 0.1413 | train UAR 0.9132 | val UAR 0.6892
  Epoch 28/30 | loss 0.1209 | train UAR 0.9236 | val UAR 0.7098
  Epoch 29/30 | loss 0.1443 | train UAR 0.9162 | val UAR 0.6929
  Epoch 30/30 | loss 0.0959 | train UAR 0.9349 | val UAR 0.6929
  Training plot saved to /home/michraf/Thesis/results/20260519_194926_baseline_opt_bs32/run_3/training.png
              precision    recall  f1-score   support

          HC       0.73      0.55      0.63       110
         MCI       0.64      0.80      0.71        90
    Dementia       0.80      0.86      0.83        66

    accuracy                           0.71       266
   macro avg       0.73      0.74      0.73       266
weighted avg       0.72      0.71      0.71       266


========================================
Run 5/5 (seed=28)
========================================
  Epoch 01/30 | loss 0.7466 | train UAR 0.3569 | val UAR 0.4552
    ↳ best model saved (UAR 0.4552)
  Epoch 02/30 | loss 0.6473 | train UAR 0.4235 | val UAR 0.3667
  Epoch 03/30 | loss 0.5909 | train UAR 0.5011 | val UAR 0.6653
    ↳ best model saved (UAR 0.6653)
  Epoch 04/30 | loss 0.5585 | train UAR 0.5321 | val UAR 0.5785
  Epoch 05/30 | loss 0.5201 | train UAR 0.5853 | val UAR 0.6606
  Epoch 06/30 | loss 0.5056 | train UAR 0.6079 | val UAR 0.6559
  Epoch 07/30 | loss 0.4655 | train UAR 0.6350 | val UAR 0.6616
  Epoch 08/30 | loss 0.4435 | train UAR 0.6482 | val UAR 0.6488
  Epoch 09/30 | loss 0.4180 | train UAR 0.6984 | val UAR 0.6064
  Epoch 10/30 | loss 0.3936 | train UAR 0.7026 | val UAR 0.6609
  Epoch 11/30 | loss 0.3688 | train UAR 0.7252 | val UAR 0.5926
  Epoch 12/30 | loss 0.3613 | train UAR 0.7263 | val UAR 0.6741
    ↳ best model saved (UAR 0.6741)
  Epoch 13/30 | loss 0.3340 | train UAR 0.7622 | val UAR 0.6582
  Epoch 14/30 | loss 0.3226 | train UAR 0.7699 | val UAR 0.6512
  Epoch 15/30 | loss 0.2910 | train UAR 0.7888 | val UAR 0.6522
  Epoch 16/30 | loss 0.2877 | train UAR 0.8042 | val UAR 0.6229
  Epoch 17/30 | loss 0.2956 | train UAR 0.7918 | val UAR 0.6532
  Epoch 18/30 | loss 0.2484 | train UAR 0.8337 | val UAR 0.6700
  Epoch 19/30 | loss 0.2527 | train UAR 0.8436 | val UAR 0.6966
    ↳ best model saved (UAR 0.6966)
  Epoch 20/30 | loss 0.2074 | train UAR 0.8599 | val UAR 0.6677
  Epoch 21/30 | loss 0.2135 | train UAR 0.8597 | val UAR 0.6148
  Epoch 22/30 | loss 0.1984 | train UAR 0.8741 | val UAR 0.6869
  Epoch 23/30 | loss 0.1790 | train UAR 0.8862 | val UAR 0.6727
  Epoch 24/30 | loss 0.1775 | train UAR 0.8974 | val UAR 0.6892
  Epoch 25/30 | loss 0.1930 | train UAR 0.8822 | val UAR 0.6697
  Epoch 26/30 | loss 0.1398 | train UAR 0.9164 | val UAR 0.6387
  Epoch 27/30 | loss 0.1390 | train UAR 0.9214 | val UAR 0.6875
  Epoch 28/30 | loss 0.1450 | train UAR 0.9057 | val UAR 0.6798
  Epoch 29/30 | loss 0.1100 | train UAR 0.9293 | val UAR 0.6657
  Epoch 30/30 | loss 0.1347 | train UAR 0.9145 | val UAR 0.6687
  Training plot saved to /home/michraf/Thesis/results/20260519_194926_baseline_opt_bs32/run_4/training.png
              precision    recall  f1-score   support

          HC       0.69      0.53      0.60       110
         MCI       0.56      0.74      0.64        90
    Dementia       0.87      0.82      0.84        66

    accuracy                           0.67       266
   macro avg       0.71      0.70      0.69       266
weighted avg       0.69      0.67      0.67       266


Results saved to /home/michraf/Thesis/results/20260519_194926_baseline_opt_bs32/results.csv
