Run dir: /home/michraf/Thesis/results/20260619_194133_ConGrAD-alt-no_pool
Loaded 2203/2204 samples with embeddings
Loaded 266/266 samples with embeddings

==================================================
EXPERIMENT:  ConGrAD-alt-no_pool
==================================================
ConGrAD, with adjustments 

Balanced-MixUp: OFF
Visualizations: ON


==================================================
MODEL ARCHITECTURE & PARAMETERS
==================================================
ConGrAD(
  (audio_proj): Linear(in_features=1024, out_features=128, bias=True)
  (text_proj): Linear(in_features=768, out_features=128, bias=True)
  (co_attn): ModuleList(
    (0-1): 2 x CoAttentionBlock(
      (audio_attn): MultiheadAttention(
        (out_proj): NonDynamicallyQuantizableLinear(in_features=128, out_features=128, bias=True)
      )
      (text_attn): MultiheadAttention(
        (out_proj): NonDynamicallyQuantizableLinear(in_features=128, out_features=128, bias=True)
      )
      (ffn_a): Sequential(
        (0): Linear(in_features=128, out_features=512, bias=True)
        (1): GELU(approximate='none')
        (2): Dropout(p=0.5, inplace=False)
        (3): Linear(in_features=512, out_features=128, bias=True)
      )
      (ffn_t): Sequential(
        (0): Linear(in_features=128, out_features=512, bias=True)
        (1): GELU(approximate='none')
        (2): Dropout(p=0.5, inplace=False)
        (3): Linear(in_features=512, out_features=128, bias=True)
      )
      (norm_a1): LayerNorm((128,), eps=1e-05, elementwise_affine=True)
      (norm_t1): LayerNorm((128,), eps=1e-05, elementwise_affine=True)
      (norm_a2): LayerNorm((128,), eps=1e-05, elementwise_affine=True)
      (norm_t2): LayerNorm((128,), eps=1e-05, elementwise_affine=True)
    )
  )
  (fusion): Linear(in_features=256, out_features=128, bias=True)
  (rgat): RGAT(
    (layers): ModuleList(
      (0-1): 2 x RGATConv(128, 32, heads=4)
    )
    (norms): ModuleList(
      (0-1): 2 x LayerNorm((128,), eps=1e-05, elementwise_affine=True)
    )
    (drop): Dropout(p=0.5, inplace=False)
  )
  (att_score): Linear(in_features=256, out_features=1, bias=True)
  (classifier): Sequential(
    (0): Linear(in_features=256, out_features=128, bias=True)
    (1): GELU(approximate='none')
    (2): Dropout(p=0.5, inplace=False)
    (3): Linear(in_features=128, out_features=3, bias=True)
  )
)
--------------------------------------------------
Total parameters:     1,225,348
Trainable parameters: 1,225,348
Non-trainable params: 0
==================================================


========================================
Run 1/5 (seed=24)
========================================
  Epoch 01/60 | loss 0.7882 | train UAR 0.3377 | val UAR 0.3333
    ↳ best model saved (UAR 0.3333)
  Epoch 02/60 | loss 0.6995 | train UAR 0.3698 | val UAR 0.3354
    ↳ best model saved (UAR 0.3354)
  Epoch 03/60 | loss 0.6317 | train UAR 0.4577 | val UAR 0.3690
    ↳ best model saved (UAR 0.3690)
  Epoch 04/60 | loss 0.5941 | train UAR 0.5184 | val UAR 0.4758
    ↳ best model saved (UAR 0.4758)
  Epoch 05/60 | loss 0.5652 | train UAR 0.5685 | val UAR 0.6451
    ↳ best model saved (UAR 0.6451)
  Epoch 06/60 | loss 0.5385 | train UAR 0.5864 | val UAR 0.6545
    ↳ best model saved (UAR 0.6545)
  Epoch 07/60 | loss 0.5196 | train UAR 0.5970 | val UAR 0.5879
  Epoch 08/60 | loss 0.4931 | train UAR 0.6157 | val UAR 0.6694
    ↳ best model saved (UAR 0.6694)
  Epoch 09/60 | loss 0.4840 | train UAR 0.6377 | val UAR 0.5751
  Epoch 10/60 | loss 0.4658 | train UAR 0.6402 | val UAR 0.6502
  Epoch 11/60 | loss 0.4537 | train UAR 0.6726 | val UAR 0.6057
  Epoch 12/60 | loss 0.4449 | train UAR 0.6759 | val UAR 0.6444
  Epoch 13/60 | loss 0.4258 | train UAR 0.6815 | val UAR 0.6724
    ↳ best model saved (UAR 0.6724)
  Epoch 14/60 | loss 0.3986 | train UAR 0.6999 | val UAR 0.6774
    ↳ best model saved (UAR 0.6774)
  Epoch 15/60 | loss 0.3831 | train UAR 0.7312 | val UAR 0.6596
  Epoch 16/60 | loss 0.3823 | train UAR 0.7140 | val UAR 0.6791
    ↳ best model saved (UAR 0.6791)
  Epoch 17/60 | loss 0.3713 | train UAR 0.7478 | val UAR 0.6397
  Epoch 18/60 | loss 0.3484 | train UAR 0.7364 | val UAR 0.6990
    ↳ best model saved (UAR 0.6990)
  Epoch 19/60 | loss 0.3415 | train UAR 0.7599 | val UAR 0.6721
  Epoch 20/60 | loss 0.3410 | train UAR 0.7568 | val UAR 0.7000
    ↳ best model saved (UAR 0.7000)
  Epoch 21/60 | loss 0.3222 | train UAR 0.7752 | val UAR 0.7141
    ↳ best model saved (UAR 0.7141)
  Epoch 22/60 | loss 0.3167 | train UAR 0.7827 | val UAR 0.5822
  Epoch 23/60 | loss 0.2942 | train UAR 0.8011 | val UAR 0.6778
  Epoch 24/60 | loss 0.2914 | train UAR 0.8047 | val UAR 0.6640
  Epoch 25/60 | loss 0.2647 | train UAR 0.8242 | val UAR 0.6603
  Epoch 26/60 | loss 0.2567 | train UAR 0.8303 | val UAR 0.6441
  Epoch 27/60 | loss 0.2587 | train UAR 0.8280 | val UAR 0.6869
  Epoch 28/60 | loss 0.2456 | train UAR 0.8355 | val UAR 0.6569
  Epoch 29/60 | loss 0.2164 | train UAR 0.8600 | val UAR 0.6492
  Epoch 30/60 | loss 0.2211 | train UAR 0.8575 | val UAR 0.6680
  Epoch 31/60 | loss 0.2002 | train UAR 0.8750 | val UAR 0.6569
  Epoch 32/60 | loss 0.2273 | train UAR 0.8638 | val UAR 0.6044
  Epoch 33/60 | loss 0.2048 | train UAR 0.8648 | val UAR 0.6515
  Epoch 34/60 | loss 0.1864 | train UAR 0.8768 | val UAR 0.6630
  Epoch 35/60 | loss 0.2068 | train UAR 0.8686 | val UAR 0.6943
  Epoch 36/60 | loss 0.1594 | train UAR 0.9134 | val UAR 0.6663
  Early stopping triggered at epoch 36
  Training plot saved to /home/michraf/Thesis/results/20260619_194133_ConGrAD-alt-no_pool/run_0/training.png
              precision    recall  f1-score   support

          HC       0.76      0.50      0.60       110
         MCI       0.58      0.80      0.67        90
    Dementia       0.80      0.85      0.82        66

    accuracy                           0.69       266
   macro avg       0.71      0.72      0.70       266
weighted avg       0.71      0.69      0.68       266

  t-SNE saved to /home/michraf/Thesis/results/20260619_194133_ConGrAD-alt-no_pool/run_0/tsne.png
  Graph saved to /home/michraf/Thesis/results/20260619_194133_ConGrAD-alt-no_pool/run_0/graph.png

========================================
Run 2/5 (seed=25)
========================================
  Epoch 01/60 | loss 0.7755 | train UAR 0.3420 | val UAR 0.4017
    ↳ best model saved (UAR 0.4017)
  Epoch 02/60 | loss 0.6973 | train UAR 0.3728 | val UAR 0.3630
  Epoch 03/60 | loss 0.6185 | train UAR 0.4581 | val UAR 0.5222
    ↳ best model saved (UAR 0.5222)
  Epoch 04/60 | loss 0.5762 | train UAR 0.5725 | val UAR 0.5481
    ↳ best model saved (UAR 0.5481)
  Epoch 05/60 | loss 0.5628 | train UAR 0.5492 | val UAR 0.6047
    ↳ best model saved (UAR 0.6047)
  Epoch 06/60 | loss 0.5321 | train UAR 0.6045 | val UAR 0.5737
  Epoch 07/60 | loss 0.5203 | train UAR 0.6125 | val UAR 0.6529
    ↳ best model saved (UAR 0.6529)
  Epoch 08/60 | loss 0.4943 | train UAR 0.6153 | val UAR 0.6970
    ↳ best model saved (UAR 0.6970)
  Epoch 09/60 | loss 0.4858 | train UAR 0.6314 | val UAR 0.6451
  Epoch 10/60 | loss 0.4618 | train UAR 0.6380 | val UAR 0.6892
  Epoch 11/60 | loss 0.4606 | train UAR 0.6581 | val UAR 0.7081
    ↳ best model saved (UAR 0.7081)
  Epoch 12/60 | loss 0.4289 | train UAR 0.6841 | val UAR 0.7067
  Epoch 13/60 | loss 0.4147 | train UAR 0.6920 | val UAR 0.6465
  Epoch 14/60 | loss 0.3933 | train UAR 0.7078 | val UAR 0.5848
  Epoch 15/60 | loss 0.3951 | train UAR 0.7003 | val UAR 0.6532
  Epoch 16/60 | loss 0.3706 | train UAR 0.7376 | val UAR 0.6889
  Epoch 17/60 | loss 0.3508 | train UAR 0.7429 | val UAR 0.6296
  Epoch 18/60 | loss 0.3486 | train UAR 0.7559 | val UAR 0.6973
  Epoch 19/60 | loss 0.3374 | train UAR 0.7455 | val UAR 0.6391
  Epoch 20/60 | loss 0.3343 | train UAR 0.7546 | val UAR 0.6960
  Epoch 21/60 | loss 0.3097 | train UAR 0.7737 | val UAR 0.6899
  Epoch 22/60 | loss 0.2874 | train UAR 0.7843 | val UAR 0.6731
  Epoch 23/60 | loss 0.2982 | train UAR 0.7858 | val UAR 0.6582
  Epoch 24/60 | loss 0.2909 | train UAR 0.7953 | val UAR 0.6545
  Epoch 25/60 | loss 0.2665 | train UAR 0.8109 | val UAR 0.6882
  Epoch 26/60 | loss 0.2637 | train UAR 0.8137 | val UAR 0.6340
  Early stopping triggered at epoch 26
  Training plot saved to /home/michraf/Thesis/results/20260619_194133_ConGrAD-alt-no_pool/run_1/training.png
              precision    recall  f1-score   support

          HC       0.70      0.54      0.61       110
         MCI       0.58      0.77      0.66        90
    Dementia       0.81      0.79      0.80        66

    accuracy                           0.68       266
   macro avg       0.70      0.70      0.69       266
weighted avg       0.69      0.68      0.67       266

  t-SNE saved to /home/michraf/Thesis/results/20260619_194133_ConGrAD-alt-no_pool/run_1/tsne.png
  Graph saved to /home/michraf/Thesis/results/20260619_194133_ConGrAD-alt-no_pool/run_1/graph.png

========================================
Run 3/5 (seed=26)
========================================
  Epoch 01/60 | loss 0.7716 | train UAR 0.3359 | val UAR 0.3333
    ↳ best model saved (UAR 0.3333)
  Epoch 02/60 | loss 0.6668 | train UAR 0.3822 | val UAR 0.4657
    ↳ best model saved (UAR 0.4657)
  Epoch 03/60 | loss 0.6031 | train UAR 0.4572 | val UAR 0.4808
    ↳ best model saved (UAR 0.4808)
  Epoch 04/60 | loss 0.5798 | train UAR 0.5311 | val UAR 0.6128
    ↳ best model saved (UAR 0.6128)
  Epoch 05/60 | loss 0.5546 | train UAR 0.5461 | val UAR 0.5997
  Epoch 06/60 | loss 0.5258 | train UAR 0.5977 | val UAR 0.6003
  Epoch 07/60 | loss 0.5043 | train UAR 0.6057 | val UAR 0.5825
  Epoch 08/60 | loss 0.4833 | train UAR 0.6275 | val UAR 0.6488
    ↳ best model saved (UAR 0.6488)
  Epoch 09/60 | loss 0.4742 | train UAR 0.6273 | val UAR 0.6357
  Epoch 10/60 | loss 0.4542 | train UAR 0.6431 | val UAR 0.6576
    ↳ best model saved (UAR 0.6576)
  Epoch 11/60 | loss 0.4421 | train UAR 0.6707 | val UAR 0.5370
  Epoch 12/60 | loss 0.4129 | train UAR 0.6865 | val UAR 0.6845
    ↳ best model saved (UAR 0.6845)
  Epoch 13/60 | loss 0.4064 | train UAR 0.6882 | val UAR 0.6872
    ↳ best model saved (UAR 0.6872)
  Epoch 14/60 | loss 0.3836 | train UAR 0.7169 | val UAR 0.6909
    ↳ best model saved (UAR 0.6909)
  Epoch 15/60 | loss 0.3796 | train UAR 0.7108 | val UAR 0.7168
    ↳ best model saved (UAR 0.7168)
  Epoch 16/60 | loss 0.3741 | train UAR 0.7127 | val UAR 0.7286
    ↳ best model saved (UAR 0.7286)
  Epoch 17/60 | loss 0.3548 | train UAR 0.7354 | val UAR 0.7178
  Epoch 18/60 | loss 0.3406 | train UAR 0.7335 | val UAR 0.6620
  Epoch 19/60 | loss 0.3306 | train UAR 0.7464 | val UAR 0.6232
  Epoch 20/60 | loss 0.3396 | train UAR 0.7464 | val UAR 0.7236
  Epoch 21/60 | loss 0.3168 | train UAR 0.7665 | val UAR 0.7347
    ↳ best model saved (UAR 0.7347)
  Epoch 22/60 | loss 0.3134 | train UAR 0.7632 | val UAR 0.6859
  Epoch 23/60 | loss 0.3109 | train UAR 0.7675 | val UAR 0.7431
    ↳ best model saved (UAR 0.7431)
  Epoch 24/60 | loss 0.3004 | train UAR 0.7818 | val UAR 0.6673
  Epoch 25/60 | loss 0.2757 | train UAR 0.7894 | val UAR 0.7182
  Epoch 26/60 | loss 0.2734 | train UAR 0.8034 | val UAR 0.7024
  Epoch 27/60 | loss 0.2666 | train UAR 0.7946 | val UAR 0.6923
  Epoch 28/60 | loss 0.2558 | train UAR 0.8223 | val UAR 0.6781
  Epoch 29/60 | loss 0.2386 | train UAR 0.8195 | val UAR 0.7111
  Epoch 30/60 | loss 0.2242 | train UAR 0.8478 | val UAR 0.7229
  Epoch 31/60 | loss 0.2212 | train UAR 0.8435 | val UAR 0.6933
  Epoch 32/60 | loss 0.2231 | train UAR 0.8415 | val UAR 0.6744
  Epoch 33/60 | loss 0.2250 | train UAR 0.8443 | val UAR 0.7017
  Epoch 34/60 | loss 0.2166 | train UAR 0.8336 | val UAR 0.6589
  Epoch 35/60 | loss 0.2050 | train UAR 0.8634 | val UAR 0.6862
  Epoch 36/60 | loss 0.1786 | train UAR 0.8714 | val UAR 0.7195
  Epoch 37/60 | loss 0.1948 | train UAR 0.8709 | val UAR 0.6987
  Epoch 38/60 | loss 0.1885 | train UAR 0.8735 | val UAR 0.6391
  Early stopping triggered at epoch 38
  Training plot saved to /home/michraf/Thesis/results/20260619_194133_ConGrAD-alt-no_pool/run_2/training.png
              precision    recall  f1-score   support

          HC       0.75      0.53      0.62       110
         MCI       0.64      0.78      0.70        90
    Dementia       0.77      0.92      0.84        66

    accuracy                           0.71       266
   macro avg       0.72      0.74      0.72       266
weighted avg       0.72      0.71      0.70       266

  t-SNE saved to /home/michraf/Thesis/results/20260619_194133_ConGrAD-alt-no_pool/run_2/tsne.png
  Graph saved to /home/michraf/Thesis/results/20260619_194133_ConGrAD-alt-no_pool/run_2/graph.png

========================================
Run 4/5 (seed=27)
========================================
  Epoch 01/60 | loss 0.7594 | train UAR 0.3357 | val UAR 0.3862
    ↳ best model saved (UAR 0.3862)
  Epoch 02/60 | loss 0.6590 | train UAR 0.4151 | val UAR 0.5222
    ↳ best model saved (UAR 0.5222)
  Epoch 03/60 | loss 0.5977 | train UAR 0.5095 | val UAR 0.5640
    ↳ best model saved (UAR 0.5640)
  Epoch 04/60 | loss 0.5710 | train UAR 0.5472 | val UAR 0.6461
    ↳ best model saved (UAR 0.6461)
  Epoch 05/60 | loss 0.5344 | train UAR 0.6076 | val UAR 0.5788
  Epoch 06/60 | loss 0.5342 | train UAR 0.5722 | val UAR 0.6889
    ↳ best model saved (UAR 0.6889)
  Epoch 07/60 | loss 0.5086 | train UAR 0.6219 | val UAR 0.6434
  Epoch 08/60 | loss 0.4932 | train UAR 0.6235 | val UAR 0.6539
  Epoch 09/60 | loss 0.4604 | train UAR 0.6585 | val UAR 0.6370
  Epoch 10/60 | loss 0.4701 | train UAR 0.6447 | val UAR 0.6428
  Epoch 11/60 | loss 0.4400 | train UAR 0.6631 | val UAR 0.6852
  Epoch 12/60 | loss 0.4400 | train UAR 0.6650 | val UAR 0.6808
  Epoch 13/60 | loss 0.4146 | train UAR 0.6848 | val UAR 0.6855
  Epoch 14/60 | loss 0.3980 | train UAR 0.7102 | val UAR 0.6892
    ↳ best model saved (UAR 0.6892)
  Epoch 15/60 | loss 0.3872 | train UAR 0.6930 | val UAR 0.7488
    ↳ best model saved (UAR 0.7488)
  Epoch 16/60 | loss 0.3770 | train UAR 0.7145 | val UAR 0.7145
  Epoch 17/60 | loss 0.3610 | train UAR 0.7248 | val UAR 0.7293
  Epoch 18/60 | loss 0.3568 | train UAR 0.7416 | val UAR 0.6778
  Epoch 19/60 | loss 0.3542 | train UAR 0.7459 | val UAR 0.7327
  Epoch 20/60 | loss 0.3612 | train UAR 0.7184 | val UAR 0.6552
  Epoch 21/60 | loss 0.3216 | train UAR 0.7585 | val UAR 0.6879
  Epoch 22/60 | loss 0.3197 | train UAR 0.7557 | val UAR 0.6646
  Epoch 23/60 | loss 0.2977 | train UAR 0.7921 | val UAR 0.6441
  Epoch 24/60 | loss 0.2854 | train UAR 0.7980 | val UAR 0.6946
  Epoch 25/60 | loss 0.2911 | train UAR 0.7826 | val UAR 0.6542
  Epoch 26/60 | loss 0.2857 | train UAR 0.7904 | val UAR 0.6556
  Epoch 27/60 | loss 0.2532 | train UAR 0.8184 | val UAR 0.7125
  Epoch 28/60 | loss 0.2406 | train UAR 0.8372 | val UAR 0.6710
  Epoch 29/60 | loss 0.2585 | train UAR 0.8175 | val UAR 0.7175
  Epoch 30/60 | loss 0.2611 | train UAR 0.8126 | val UAR 0.6707
  Early stopping triggered at epoch 30
  Training plot saved to /home/michraf/Thesis/results/20260619_194133_ConGrAD-alt-no_pool/run_3/training.png
              precision    recall  f1-score   support

          HC       0.71      0.65      0.68       110
         MCI       0.65      0.79      0.71        90
    Dementia       0.93      0.80      0.86        66

    accuracy                           0.73       266
   macro avg       0.76      0.75      0.75       266
weighted avg       0.74      0.73      0.73       266

  t-SNE saved to /home/michraf/Thesis/results/20260619_194133_ConGrAD-alt-no_pool/run_3/tsne.png
  Graph saved to /home/michraf/Thesis/results/20260619_194133_ConGrAD-alt-no_pool/run_3/graph.png

========================================
Run 5/5 (seed=28)
========================================
  Epoch 01/60 | loss 0.7803 | train UAR 0.3328 | val UAR 0.3370
    ↳ best model saved (UAR 0.3370)
  Epoch 02/60 | loss 0.6844 | train UAR 0.3829 | val UAR 0.3451
    ↳ best model saved (UAR 0.3451)
  Epoch 03/60 | loss 0.6089 | train UAR 0.4732 | val UAR 0.5293
    ↳ best model saved (UAR 0.5293)
  Epoch 04/60 | loss 0.5899 | train UAR 0.5446 | val UAR 0.6677
    ↳ best model saved (UAR 0.6677)
  Epoch 05/60 | loss 0.5449 | train UAR 0.5701 | val UAR 0.6609
  Epoch 06/60 | loss 0.5437 | train UAR 0.5619 | val UAR 0.5852
  Epoch 07/60 | loss 0.5198 | train UAR 0.5987 | val UAR 0.6071
  Epoch 08/60 | loss 0.4845 | train UAR 0.6397 | val UAR 0.6704
    ↳ best model saved (UAR 0.6704)
  Epoch 09/60 | loss 0.4772 | train UAR 0.6427 | val UAR 0.6623
  Epoch 10/60 | loss 0.4479 | train UAR 0.6670 | val UAR 0.7084
    ↳ best model saved (UAR 0.7084)
  Epoch 11/60 | loss 0.4217 | train UAR 0.6977 | val UAR 0.6057
  Epoch 12/60 | loss 0.4139 | train UAR 0.6802 | val UAR 0.6704
  Epoch 13/60 | loss 0.4130 | train UAR 0.6977 | val UAR 0.7205
    ↳ best model saved (UAR 0.7205)
  Epoch 14/60 | loss 0.3915 | train UAR 0.7020 | val UAR 0.7111
  Epoch 15/60 | loss 0.3884 | train UAR 0.7014 | val UAR 0.6556
  Epoch 16/60 | loss 0.3775 | train UAR 0.7184 | val UAR 0.6956
  Epoch 17/60 | loss 0.3684 | train UAR 0.7286 | val UAR 0.6933
  Epoch 18/60 | loss 0.3521 | train UAR 0.7337 | val UAR 0.6549
  Epoch 19/60 | loss 0.3325 | train UAR 0.7609 | val UAR 0.6606
  Epoch 20/60 | loss 0.3170 | train UAR 0.7492 | val UAR 0.6862
  Epoch 21/60 | loss 0.3239 | train UAR 0.7538 | val UAR 0.6717
  Epoch 22/60 | loss 0.3022 | train UAR 0.7678 | val UAR 0.6525
  Epoch 23/60 | loss 0.2901 | train UAR 0.7830 | val UAR 0.6609
  Epoch 24/60 | loss 0.2858 | train UAR 0.8042 | val UAR 0.6788
  Epoch 25/60 | loss 0.2653 | train UAR 0.7990 | val UAR 0.6879
  Epoch 26/60 | loss 0.2596 | train UAR 0.8030 | val UAR 0.6956
  Epoch 27/60 | loss 0.2421 | train UAR 0.8270 | val UAR 0.6391
  Epoch 28/60 | loss 0.2662 | train UAR 0.8014 | val UAR 0.6949
  Early stopping triggered at epoch 28
  Training plot saved to /home/michraf/Thesis/results/20260619_194133_ConGrAD-alt-no_pool/run_4/training.png
              precision    recall  f1-score   support

          HC       0.69      0.64      0.66       110
         MCI       0.63      0.73      0.68        90
    Dementia       0.88      0.80      0.84        66

    accuracy                           0.71       266
   macro avg       0.73      0.72      0.73       266
weighted avg       0.72      0.71      0.71       266

  t-SNE saved to /home/michraf/Thesis/results/20260619_194133_ConGrAD-alt-no_pool/run_4/tsne.png
  Graph saved to /home/michraf/Thesis/results/20260619_194133_ConGrAD-alt-no_pool/run_4/graph.png

Results saved to /home/michraf/Thesis/results/20260619_194133_ConGrAD-alt-no_pool/results.csv
