Run dir: /home/michraf/Thesis/results/20260522_174020_ConGrAD-DAT
Loaded 2203/2204 samples with embeddings
Loaded 266/266 samples with embeddings

==================================================
EXPERIMENT:  ConGrAD-DAT
==================================================
ConGrAD test run - with Domain Adversarial Training. 


==================================================
MODEL ARCHITECTURE & PARAMETERS
==================================================
ConGrAD(
  (audio_proj): Linear(in_features=1024, out_features=128, bias=True)
  (text_proj): Linear(in_features=768, out_features=128, bias=True)
  (co_attn): ModuleList(
    (0): CoAttentionBlock(
      (audio_attn): MultiheadAttention(
        (out_proj): NonDynamicallyQuantizableLinear(in_features=128, out_features=128, bias=True)
      )
      (text_attn): MultiheadAttention(
        (out_proj): NonDynamicallyQuantizableLinear(in_features=128, out_features=128, bias=True)
      )
      (ffn_a): Sequential(
        (0): Linear(in_features=128, out_features=512, bias=True)
        (1): GELU(approximate='none')
        (2): Dropout(p=0.5, inplace=False)
        (3): Linear(in_features=512, out_features=128, bias=True)
      )
      (ffn_t): Sequential(
        (0): Linear(in_features=128, out_features=512, bias=True)
        (1): GELU(approximate='none')
        (2): Dropout(p=0.5, inplace=False)
        (3): Linear(in_features=512, out_features=128, bias=True)
      )
      (norm_a1): LayerNorm((128,), eps=1e-05, elementwise_affine=True)
      (norm_t1): LayerNorm((128,), eps=1e-05, elementwise_affine=True)
      (norm_a2): LayerNorm((128,), eps=1e-05, elementwise_affine=True)
      (norm_t2): LayerNorm((128,), eps=1e-05, elementwise_affine=True)
    )
  )
  (fusion): Linear(in_features=256, out_features=128, bias=True)
  (rgat): RGAT(
    (layers): ModuleList(
      (0): RGATConv(128, 16, heads=8)
    )
    (drop): Dropout(p=0.5, inplace=False)
  )
  (pool_gate): Linear(in_features=128, out_features=1, bias=True)
  (classifier): Sequential(
    (0): Linear(in_features=128, out_features=128, bias=True)
    (1): GELU(approximate='none')
    (2): Dropout(p=0.5, inplace=False)
    (3): Linear(in_features=128, out_features=3, bias=True)
  )
  (domain_classifier): DomainClassifier(
    (net): Sequential(
      (0): Linear(in_features=128, out_features=128, bias=True)
      (1): GELU(approximate='none')
      (2): Dropout(p=0.5, inplace=False)
      (3): Linear(in_features=128, out_features=8, bias=True)
    )
  )
)
--------------------------------------------------
Total parameters:     761,676
Trainable parameters: 761,676
Non-trainable params: 0
==================================================


========================================
Run 1/1 (seed=24)
========================================
  Epoch 01/30 | loss 0.9454 | train UAR 0.3338 | val UAR 0.3333
    ↳ best model saved (UAR 0.3333)
  Epoch 02/30 | loss 0.8195 | train UAR 0.3505 | val UAR 0.3997
    ↳ best model saved (UAR 0.3997)
  Epoch 03/30 | loss 0.7221 | train UAR 0.3893 | val UAR 0.4481
    ↳ best model saved (UAR 0.4481)
  Epoch 04/30 | loss 0.6652 | train UAR 0.4678 | val UAR 0.3970
  Epoch 05/30 | loss 0.6264 | train UAR 0.5224 | val UAR 0.3970
  Epoch 06/30 | loss 0.6197 | train UAR 0.5447 | val UAR 0.6774
    ↳ best model saved (UAR 0.6774)
  Epoch 07/30 | loss 0.6207 | train UAR 0.5535 | val UAR 0.5485
  Epoch 08/30 | loss 0.6064 | train UAR 0.5651 | val UAR 0.6734
  Epoch 09/30 | loss 0.6158 | train UAR 0.5803 | val UAR 0.6838
    ↳ best model saved (UAR 0.6838)
  Epoch 10/30 | loss 0.6046 | train UAR 0.6096 | val UAR 0.4249
  Epoch 11/30 | loss 0.5789 | train UAR 0.5862 | val UAR 0.4492
  Epoch 12/30 | loss 0.5618 | train UAR 0.6206 | val UAR 0.6744
  Epoch 13/30 | loss 0.5507 | train UAR 0.6684 | val UAR 0.5411
  Epoch 14/30 | loss 0.5549 | train UAR 0.6363 | val UAR 0.6980
    ↳ best model saved (UAR 0.6980)
  Epoch 15/30 | loss 0.5100 | train UAR 0.6759 | val UAR 0.7094
    ↳ best model saved (UAR 0.7094)
  Epoch 16/30 | loss 0.5249 | train UAR 0.6658 | val UAR 0.7000
  Epoch 17/30 | loss 0.5077 | train UAR 0.6727 | val UAR 0.6000
  Epoch 18/30 | loss 0.5091 | train UAR 0.6734 | val UAR 0.6855
  Epoch 19/30 | loss 0.4953 | train UAR 0.6891 | val UAR 0.6798
  Epoch 20/30 | loss 0.4828 | train UAR 0.6967 | val UAR 0.7111
    ↳ best model saved (UAR 0.7111)
  Epoch 21/30 | loss 0.4819 | train UAR 0.6802 | val UAR 0.6488
  Epoch 22/30 | loss 0.4762 | train UAR 0.7109 | val UAR 0.6845
  Epoch 23/30 | loss 0.4641 | train UAR 0.7044 | val UAR 0.7104
  Epoch 24/30 | loss 0.4677 | train UAR 0.7210 | val UAR 0.7145
    ↳ best model saved (UAR 0.7145)
  Epoch 25/30 | loss 0.4362 | train UAR 0.7409 | val UAR 0.7000
  Epoch 26/30 | loss 0.4582 | train UAR 0.7071 | val UAR 0.6879
  Epoch 27/30 | loss 0.4317 | train UAR 0.7404 | val UAR 0.7343
    ↳ best model saved (UAR 0.7343)
  Epoch 28/30 | loss 0.4569 | train UAR 0.7377 | val UAR 0.6687
  Epoch 29/30 | loss 0.4676 | train UAR 0.7408 | val UAR 0.6626
  Epoch 30/30 | loss 0.4477 | train UAR 0.7372 | val UAR 0.6791
  Training plot saved to /home/michraf/Thesis/results/20260522_174020_ConGrAD-DAT/run_0/training.png
              precision    recall  f1-score   support

          HC       0.69      0.58      0.63       110
         MCI       0.63      0.72      0.67        90
    Dementia       0.81      0.86      0.84        66

    accuracy                           0.70       266
   macro avg       0.71      0.72      0.71       266
weighted avg       0.70      0.70      0.70       266


Results saved to /home/michraf/Thesis/results/20260522_174020_ConGrAD-DAT/results.csv
